

================================================================
== Vitis HLS Report for 'assoc_lookup'
================================================================
* Date:           Fri Dec  8 22:45:30 2023

* Version:        2020.2 (Build 3064766 on Wed Nov 18 09:12:47 MST 2020)
* Project:        final_project
* Solution:       solution1 (Vitis Kernel Flow Target)
* Product family: zynquplus
* Target device:  xczu3eg-sbva484-1-i


================================================================
== Performance Estimates
================================================================
+ Timing: 
    * Summary: 
    +--------+---------+----------+------------+
    |  Clock |  Target | Estimated| Uncertainty|
    +--------+---------+----------+------------+
    |ap_clk  |  6.67 ns|  2.726 ns|     1.80 ns|
    +--------+---------+----------+------------+

+ Latency: 
    * Summary: 
    +---------+---------+-----------+-----------+-----+-----+---------+
    |  Latency (cycles) |   Latency (absolute)  |  Interval | Pipeline|
    |   min   |   max   |    min    |    max    | min | max |   Type  |
    +---------+---------+-----------+-----------+-----+-----+---------+
    |        2|        4|  13.334 ns|  26.668 ns|    2|    4|     none|
    +---------+---------+-----------+-----------+-----+-----+---------+

    + Detail: 
        * Instance: 
        N/A

        * Loop: 
        N/A



================================================================
== Utilization Estimates
================================================================
* Summary: 
+-----------------+---------+-----+--------+-------+-----+
|       Name      | BRAM_18K| DSP |   FF   |  LUT  | URAM|
+-----------------+---------+-----+--------+-------+-----+
|DSP              |        -|    -|       -|      -|    -|
|Expression       |        -|    -|       0|   1118|    -|
|FIFO             |        -|    -|       -|      -|    -|
|Instance         |        -|    -|       -|      -|    -|
|Memory           |        -|    -|       -|      -|    -|
|Multiplexer      |        -|    -|       -|    206|    -|
|Register         |        -|    -|      36|      -|    -|
+-----------------+---------+-----+--------+-------+-----+
|Total            |        0|    0|      36|   1324|    0|
+-----------------+---------+-----+--------+-------+-----+
|Available        |      432|  360|  141120|  70560|    0|
+-----------------+---------+-----+--------+-------+-----+
|Utilization (%)  |        0|    0|      ~0|      1|    0|
+-----------------+---------+-----+--------+-------+-----+

+ Detail: 
    * Instance: 
    N/A

    * DSP: 
    N/A

    * Memory: 
    N/A

    * FIFO: 
    N/A

    * Expression: 
    +-------------------------+----------+----+---+----+------------+------------+
    |      Variable Name      | Operation| DSP| FF| LUT| Bitwidth P0| Bitwidth P1|
    +-------------------------+----------+----+---+----+------------+------------+
    |and_ln161_10_fu_828_p2   |       and|   0|  0|  10|          10|          10|
    |and_ln161_11_fu_838_p2   |       and|   0|  0|  11|          11|          11|
    |and_ln161_12_fu_848_p2   |       and|   0|  0|  12|          12|          12|
    |and_ln161_13_fu_858_p2   |       and|   0|  0|  13|          13|          13|
    |and_ln161_14_fu_868_p2   |       and|   0|  0|  14|          14|          14|
    |and_ln161_15_fu_878_p2   |       and|   0|  0|  15|          15|          15|
    |and_ln161_16_fu_888_p2   |       and|   0|  0|  16|          16|          16|
    |and_ln161_17_fu_898_p2   |       and|   0|  0|  17|          17|          17|
    |and_ln161_18_fu_908_p2   |       and|   0|  0|  18|          18|          18|
    |and_ln161_19_fu_918_p2   |       and|   0|  0|  19|          19|          19|
    |and_ln161_1_fu_738_p2    |       and|   0|  0|   2|           1|           1|
    |and_ln161_20_fu_928_p2   |       and|   0|  0|  20|          20|          20|
    |and_ln161_21_fu_938_p2   |       and|   0|  0|  21|          21|          21|
    |and_ln161_22_fu_948_p2   |       and|   0|  0|  22|          22|          22|
    |and_ln161_23_fu_958_p2   |       and|   0|  0|  23|          23|          23|
    |and_ln161_24_fu_968_p2   |       and|   0|  0|  24|          24|          24|
    |and_ln161_25_fu_978_p2   |       and|   0|  0|  25|          25|          25|
    |and_ln161_26_fu_988_p2   |       and|   0|  0|  26|          26|          26|
    |and_ln161_27_fu_998_p2   |       and|   0|  0|  27|          27|          27|
    |and_ln161_28_fu_1008_p2  |       and|   0|  0|  28|          28|          28|
    |and_ln161_29_fu_1018_p2  |       and|   0|  0|  29|          29|          29|
    |and_ln161_2_fu_748_p2    |       and|   0|  0|   2|           2|           2|
    |and_ln161_30_fu_1028_p2  |       and|   0|  0|  30|          30|          30|
    |and_ln161_31_fu_1038_p2  |       and|   0|  0|  31|          31|          31|
    |and_ln161_33_fu_1050_p2  |       and|   0|  0|  31|          31|          31|
    |and_ln161_34_fu_1056_p2  |       and|   0|  0|  30|          30|          30|
    |and_ln161_35_fu_1062_p2  |       and|   0|  0|  29|          29|          29|
    |and_ln161_36_fu_1068_p2  |       and|   0|  0|  28|          28|          28|
    |and_ln161_37_fu_1074_p2  |       and|   0|  0|  27|          27|          27|
    |and_ln161_38_fu_1080_p2  |       and|   0|  0|  26|          26|          26|
    |and_ln161_39_fu_1086_p2  |       and|   0|  0|  25|          25|          25|
    |and_ln161_3_fu_758_p2    |       and|   0|  0|   3|           3|           3|
    |and_ln161_40_fu_1092_p2  |       and|   0|  0|  24|          24|          24|
    |and_ln161_41_fu_1098_p2  |       and|   0|  0|  23|          23|          23|
    |and_ln161_42_fu_1104_p2  |       and|   0|  0|  22|          22|          22|
    |and_ln161_43_fu_1110_p2  |       and|   0|  0|  21|          21|          21|
    |and_ln161_44_fu_1116_p2  |       and|   0|  0|  20|          20|          20|
    |and_ln161_45_fu_1122_p2  |       and|   0|  0|  19|          19|          19|
    |and_ln161_46_fu_1128_p2  |       and|   0|  0|  18|          18|          18|
    |and_ln161_47_fu_1134_p2  |       and|   0|  0|  17|          17|          17|
    |and_ln161_48_fu_1140_p2  |       and|   0|  0|  16|          16|          16|
    |and_ln161_49_fu_1146_p2  |       and|   0|  0|  15|          15|          15|
    |and_ln161_4_fu_768_p2    |       and|   0|  0|   4|           4|           4|
    |and_ln161_50_fu_1152_p2  |       and|   0|  0|  14|          14|          14|
    |and_ln161_51_fu_1158_p2  |       and|   0|  0|  13|          13|          13|
    |and_ln161_52_fu_1164_p2  |       and|   0|  0|  12|          12|          12|
    |and_ln161_53_fu_1170_p2  |       and|   0|  0|  11|          11|          11|
    |and_ln161_54_fu_1176_p2  |       and|   0|  0|  10|          10|          10|
    |and_ln161_55_fu_1182_p2  |       and|   0|  0|   9|           9|           9|
    |and_ln161_56_fu_1188_p2  |       and|   0|  0|   8|           8|           8|
    |and_ln161_57_fu_1194_p2  |       and|   0|  0|   7|           7|           7|
    |and_ln161_58_fu_1200_p2  |       and|   0|  0|   6|           6|           6|
    |and_ln161_59_fu_1206_p2  |       and|   0|  0|   5|           5|           5|
    |and_ln161_5_fu_778_p2    |       and|   0|  0|   5|           5|           5|
    |and_ln161_60_fu_1212_p2  |       and|   0|  0|   4|           4|           4|
    |and_ln161_61_fu_1218_p2  |       and|   0|  0|   3|           3|           3|
    |and_ln161_62_fu_1224_p2  |       and|   0|  0|   2|           2|           2|
    |and_ln161_63_fu_1230_p2  |       and|   0|  0|   2|           1|           1|
    |and_ln161_6_fu_788_p2    |       and|   0|  0|   6|           6|           6|
    |and_ln161_7_fu_798_p2    |       and|   0|  0|   7|           7|           7|
    |and_ln161_8_fu_808_p2    |       and|   0|  0|   8|           8|           8|
    |and_ln161_9_fu_818_p2    |       and|   0|  0|   9|           9|           9|
    |and_ln161_fu_728_p2      |       and|   0|  0|  32|          32|          32|
    |ap_condition_103         |       and|   0|  0|   2|           1|           1|
    |ap_condition_110         |       and|   0|  0|   2|           1|           1|
    |ap_condition_117         |       and|   0|  0|   2|           1|           1|
    |ap_condition_124         |       and|   0|  0|   2|           1|           1|
    |ap_condition_131         |       and|   0|  0|   2|           1|           1|
    |ap_condition_138         |       and|   0|  0|   2|           1|           1|
    |ap_condition_145         |       and|   0|  0|   2|           1|           1|
    |ap_condition_152         |       and|   0|  0|   2|           1|           1|
    |ap_condition_159         |       and|   0|  0|   2|           1|           1|
    |ap_condition_166         |       and|   0|  0|   2|           1|           1|
    |ap_condition_173         |       and|   0|  0|   2|           1|           1|
    |ap_condition_180         |       and|   0|  0|   2|           1|           1|
    |ap_condition_187         |       and|   0|  0|   2|           1|           1|
    |ap_condition_194         |       and|   0|  0|   2|           1|           1|
    |ap_condition_201         |       and|   0|  0|   2|           1|           1|
    |ap_condition_208         |       and|   0|  0|   2|           1|           1|
    |ap_condition_215         |       and|   0|  0|   2|           1|           1|
    |ap_condition_222         |       and|   0|  0|   2|           1|           1|
    |ap_condition_229         |       and|   0|  0|   2|           1|           1|
    |ap_condition_236         |       and|   0|  0|   2|           1|           1|
    |ap_condition_243         |       and|   0|  0|   2|           1|           1|
    |ap_condition_250         |       and|   0|  0|   2|           1|           1|
    |ap_condition_257         |       and|   0|  0|   2|           1|           1|
    |ap_condition_264         |       and|   0|  0|   2|           1|           1|
    |ap_condition_271         |       and|   0|  0|   2|           1|           1|
    |ap_condition_278         |       and|   0|  0|   2|           1|           1|
    |ap_condition_285         |       and|   0|  0|   2|           1|           1|
    |ap_condition_292         |       and|   0|  0|   2|           1|           1|
    |ap_condition_299         |       and|   0|  0|   2|           1|           1|
    |ap_condition_96          |       and|   0|  0|   2|           1|           1|
    |match_fu_1044_p2         |       and|   0|  0|  32|          32|          32|
    +-------------------------+----------+----+---+----+------------+------------+
    |Total                    |          |   0|  0|1118|        1086|        1086|
    +-------------------------+----------+----+---+----+------------+------------+

    * Multiplexer: 
    +-----------------------+-----+-----------+-----+-----------+
    |          Name         | LUT | Input Size| Bits| Total Bits|
    +-----------------------+-----+-----------+-----+-----------+
    |address_02_ph_reg_272  |  148|         32|    5|        160|
    |ap_NS_fsm              |   31|          6|    1|          6|
    |ap_return_0            |    9|          2|    1|          2|
    |ap_return_1            |    9|          2|   12|         24|
    |phi_ln187_reg_405      |    9|          2|   12|         24|
    +-----------------------+-----+-----------+-----+-----------+
    |Total                  |  206|         44|   31|        216|
    +-----------------------+-----+-----------+-----+-----------+

    * Register: 
    +-----------------------+----+----+-----+-----------+
    |          Name         | FF | LUT| Bits| Const Bits|
    +-----------------------+----+----+-----+-----------+
    |address_02_ph_reg_272  |   5|   0|    5|          0|
    |ap_CS_fsm              |   5|   0|    5|          0|
    |ap_return_0_preg       |   1|   0|    1|          0|
    |ap_return_1_preg       |  12|   0|   32|         20|
    |hit_0_reg_416          |   1|   0|    1|          0|
    |phi_ln187_reg_405      |  12|   0|   12|          0|
    +-----------------------+----+----+-----+-----------+
    |Total                  |  36|   0|   56|         20|
    +-----------------------+----+----+-----+-----------+



================================================================
== Interface
================================================================
* Summary: 
+-----------------------------+-----+-----+------------+--------------------+--------------+
|          RTL Ports          | Dir | Bits|  Protocol  |    Source Object   |    C Type    |
+-----------------------------+-----+-----+------------+--------------------+--------------+
|ap_clk                       |   in|    1|  ap_ctrl_hs|        assoc_lookup|  return value|
|ap_rst                       |   in|    1|  ap_ctrl_hs|        assoc_lookup|  return value|
|ap_start                     |   in|    1|  ap_ctrl_hs|        assoc_lookup|  return value|
|ap_done                      |  out|    1|  ap_ctrl_hs|        assoc_lookup|  return value|
|ap_idle                      |  out|    1|  ap_ctrl_hs|        assoc_lookup|  return value|
|ap_ready                     |  out|    1|  ap_ctrl_hs|        assoc_lookup|  return value|
|ap_return_0                  |  out|    1|  ap_ctrl_hs|        assoc_lookup|  return value|
|ap_return_1                  |  out|   32|  ap_ctrl_hs|        assoc_lookup|  return value|
|mem_upper_key_mem_address0   |  out|    9|   ap_memory|   mem_upper_key_mem|         array|
|mem_upper_key_mem_ce0        |  out|    1|   ap_memory|   mem_upper_key_mem|         array|
|mem_upper_key_mem_q0         |   in|   64|   ap_memory|   mem_upper_key_mem|         array|
|mem_middle_key_mem_address0  |  out|    9|   ap_memory|  mem_middle_key_mem|         array|
|mem_middle_key_mem_ce0       |  out|    1|   ap_memory|  mem_middle_key_mem|         array|
|mem_middle_key_mem_q0        |   in|   64|   ap_memory|  mem_middle_key_mem|         array|
|mem_lower_key_mem_address0   |  out|    9|   ap_memory|   mem_lower_key_mem|         array|
|mem_lower_key_mem_ce0        |  out|    1|   ap_memory|   mem_lower_key_mem|         array|
|mem_lower_key_mem_q0         |   in|   64|   ap_memory|   mem_lower_key_mem|         array|
|mem_value_address0           |  out|    6|   ap_memory|           mem_value|         array|
|mem_value_ce0                |  out|    1|   ap_memory|           mem_value|         array|
|mem_value_q0                 |   in|   12|   ap_memory|           mem_value|         array|
|key                          |   in|   20|     ap_none|                 key|        scalar|
+-----------------------------+-----+-----+------------+--------------------+--------------+

