

================================================================
== Vitis HLS Report for 'write_output'
================================================================
* Date:           Sat Dec  9 20:27:42 2023

* Version:        2020.2 (Build 3064766 on Wed Nov 18 09:12:47 MST 2020)
* Project:        final_project
* Solution:       solution1 (Vitis Kernel Flow Target)
* Product family: zynquplus
* Target device:  xczu3eg-sbva484-1-i


================================================================
== Performance Estimates
================================================================
+ Timing: 
    * Summary: 
    +--------+---------+----------+------------+
    |  Clock |  Target | Estimated| Uncertainty|
    +--------+---------+----------+------------+
    |ap_clk  |  6.67 ns|  4.867 ns|     1.80 ns|
    +--------+---------+----------+------------+

+ Latency: 
    * Summary: 
    +---------+---------+----------+----------+-----+-----+---------+
    |  Latency (cycles) |  Latency (absolute) |  Interval | Pipeline|
    |   min   |   max   |    min   |    max   | min | max |   Type  |
    +---------+---------+----------+----------+-----+-----+---------+
    |        1|        ?|  6.667 ns|         ?|    1|    ?|     none|
    +---------+---------+----------+----------+-----+-----+---------+

    + Detail: 
        * Instance: 
        N/A

        * Loop: 
        +--------------------+---------+---------+----------+-----------+-----------+-------+----------+
        |                    |  Latency (cycles) | Iteration|  Initiation Interval  |  Trip |          |
        |      Loop Name     |   min   |   max   |  Latency |  achieved |   target  | Count | Pipelined|
        +--------------------+---------+---------+----------+-----------+-----------+-------+----------+
        |- VITIS_LOOP_269_1  |        2|        ?|         3|          1|          1|  1 ~ ?|       yes|
        +--------------------+---------+---------+----------+-----------+-----------+-------+----------+



================================================================
== Utilization Estimates
================================================================
* Summary: 
+-----------------+---------+-----+--------+-------+-----+
|       Name      | BRAM_18K| DSP |   FF   |  LUT  | URAM|
+-----------------+---------+-----+--------+-------+-----+
|DSP              |        -|    -|       -|      -|    -|
|Expression       |        -|    -|       0|     93|    -|
|FIFO             |        -|    -|       -|      -|    -|
|Instance         |        -|    -|       -|      -|    -|
|Memory           |        -|    -|       -|      -|    -|
|Multiplexer      |        -|    -|       -|    447|    -|
|Register         |        -|    -|     252|      -|    -|
+-----------------+---------+-----+--------+-------+-----+
|Total            |        0|    0|     252|    540|    0|
+-----------------+---------+-----+--------+-------+-----+
|Available        |      432|  360|  141120|  70560|    0|
+-----------------+---------+-----+--------+-------+-----+
|Utilization (%)  |        0|    0|      ~0|     ~0|    0|
+-----------------+---------+-----+--------+-------+-----+

+ Detail: 
    * Instance: 
    N/A

    * DSP: 
    N/A

    * Memory: 
    N/A

    * FIFO: 
    N/A

    * Expression: 
    +----------------------------------+----------+----+---+----+------------+------------+
    |           Variable Name          | Operation| DSP| FF| LUT| Bitwidth P0| Bitwidth P1|
    +----------------------------------+----------+----+---+----+------------+------------+
    |add_ln269_fu_147_p2               |         +|   0|  0|  38|          31|           1|
    |ap_block_pp0_stage0_01001         |       and|   0|  0|   2|           1|           1|
    |ap_block_state4_pp0_stage0_iter1  |       and|   0|  0|   2|           1|           1|
    |ap_block_state5_io                |       and|   0|  0|   2|           1|           1|
    |ap_block_state73                  |       and|   0|  0|   2|           1|           1|
    |icmp_ln269_1_fu_153_p2            |      icmp|   0|  0|  19|          31|          31|
    |icmp_ln269_fu_118_p2              |      icmp|   0|  0|  20|          32|           1|
    |ap_block_pp0_stage0_11001         |        or|   0|  0|   2|           1|           1|
    |ap_block_state1                   |        or|   0|  0|   2|           1|           1|
    |ap_enable_pp0                     |       xor|   0|  0|   2|           1|           2|
    |ap_enable_reg_pp0_iter1           |       xor|   0|  0|   2|           2|           1|
    +----------------------------------+----------+----+---+----+------------+------------+
    |Total                             |          |   0|  0|  93|         103|          42|
    +----------------------------------+----------+----+---+----+------------+------------+

    * Multiplexer: 
    +-------------------------+-----+-----------+-----+-----------+
    |           Name          | LUT | Input Size| Bits| Total Bits|
    +-------------------------+-----+-----------+-----+-----------+
    |HP3_blk_n_AW             |    9|          2|    1|          2|
    |HP3_blk_n_B              |    9|          2|    1|          2|
    |HP3_blk_n_W              |    9|          2|    1|          2|
    |ap_NS_fsm                |  366|         72|    1|         72|
    |ap_done                  |    9|          2|    1|          2|
    |ap_enable_reg_pp0_iter1  |    9|          2|    1|          2|
    |ap_enable_reg_pp0_iter2  |    9|          2|    1|          2|
    |i_reg_107                |    9|          2|   31|         62|
    |output_r_blk_n           |    9|          2|    1|          2|
    |output_stream_blk_n      |    9|          2|    1|          2|
    +-------------------------+-----+-----------+-----+-----------+
    |Total                    |  447|         90|   40|        150|
    +-------------------------+-----+-----------+-----+-----------+

    * Register: 
    +------------------------------------+----+----+-----+-----------+
    |                Name                | FF | LUT| Bits| Const Bits|
    +------------------------------------+----+----+-----+-----------+
    |HP3_addr_reg_168                    |  64|   0|   64|          0|
    |ap_CS_fsm                           |  71|   0|   71|          0|
    |ap_done_reg                         |   1|   0|    1|          0|
    |ap_enable_reg_pp0_iter0             |   1|   0|    1|          0|
    |ap_enable_reg_pp0_iter1             |   1|   0|    1|          0|
    |ap_enable_reg_pp0_iter2             |   1|   0|    1|          0|
    |compress_size_read_reg_158          |  32|   0|   32|          0|
    |i_reg_107                           |  31|   0|   31|          0|
    |icmp_ln269_1_reg_184                |   1|   0|    1|          0|
    |icmp_ln269_1_reg_184_pp0_iter1_reg  |   1|   0|    1|          0|
    |icmp_ln269_reg_164                  |   1|   0|    1|          0|
    |tmp_reg_188                         |  16|   0|   16|          0|
    |trunc_ln269_reg_174                 |  31|   0|   31|          0|
    +------------------------------------+----+----+-----+-----------+
    |Total                               | 252|   0|  252|          0|
    +------------------------------------+----+----+-----+-----------+



================================================================
== Interface
================================================================
* Summary: 
+-----------------------+-----+-----+------------+---------------+--------------+
|       RTL Ports       | Dir | Bits|  Protocol  | Source Object |    C Type    |
+-----------------------+-----+-----+------------+---------------+--------------+
|ap_clk                 |   in|    1|  ap_ctrl_hs|   write_output|  return value|
|ap_rst                 |   in|    1|  ap_ctrl_hs|   write_output|  return value|
|ap_start               |   in|    1|  ap_ctrl_hs|   write_output|  return value|
|ap_done                |  out|    1|  ap_ctrl_hs|   write_output|  return value|
|ap_continue            |   in|    1|  ap_ctrl_hs|   write_output|  return value|
|ap_idle                |  out|    1|  ap_ctrl_hs|   write_output|  return value|
|ap_ready               |  out|    1|  ap_ctrl_hs|   write_output|  return value|
|output_stream_dout     |   in|   16|     ap_fifo|  output_stream|       pointer|
|output_stream_empty_n  |   in|    1|     ap_fifo|  output_stream|       pointer|
|output_stream_read     |  out|    1|     ap_fifo|  output_stream|       pointer|
|m_axi_HP3_AWVALID      |  out|    1|       m_axi|            HP3|       pointer|
|m_axi_HP3_AWREADY      |   in|    1|       m_axi|            HP3|       pointer|
|m_axi_HP3_AWADDR       |  out|   64|       m_axi|            HP3|       pointer|
|m_axi_HP3_AWID         |  out|    1|       m_axi|            HP3|       pointer|
|m_axi_HP3_AWLEN        |  out|   32|       m_axi|            HP3|       pointer|
|m_axi_HP3_AWSIZE       |  out|    3|       m_axi|            HP3|       pointer|
|m_axi_HP3_AWBURST      |  out|    2|       m_axi|            HP3|       pointer|
|m_axi_HP3_AWLOCK       |  out|    2|       m_axi|            HP3|       pointer|
|m_axi_HP3_AWCACHE      |  out|    4|       m_axi|            HP3|       pointer|
|m_axi_HP3_AWPROT       |  out|    3|       m_axi|            HP3|       pointer|
|m_axi_HP3_AWQOS        |  out|    4|       m_axi|            HP3|       pointer|
|m_axi_HP3_AWREGION     |  out|    4|       m_axi|            HP3|       pointer|
|m_axi_HP3_AWUSER       |  out|    1|       m_axi|            HP3|       pointer|
|m_axi_HP3_WVALID       |  out|    1|       m_axi|            HP3|       pointer|
|m_axi_HP3_WREADY       |   in|    1|       m_axi|            HP3|       pointer|
|m_axi_HP3_WDATA        |  out|   16|       m_axi|            HP3|       pointer|
|m_axi_HP3_WSTRB        |  out|    2|       m_axi|            HP3|       pointer|
|m_axi_HP3_WLAST        |  out|    1|       m_axi|            HP3|       pointer|
|m_axi_HP3_WID          |  out|    1|       m_axi|            HP3|       pointer|
|m_axi_HP3_WUSER        |  out|    1|       m_axi|            HP3|       pointer|
|m_axi_HP3_ARVALID      |  out|    1|       m_axi|            HP3|       pointer|
|m_axi_HP3_ARREADY      |   in|    1|       m_axi|            HP3|       pointer|
|m_axi_HP3_ARADDR       |  out|   64|       m_axi|            HP3|       pointer|
|m_axi_HP3_ARID         |  out|    1|       m_axi|            HP3|       pointer|
|m_axi_HP3_ARLEN        |  out|   32|       m_axi|            HP3|       pointer|
|m_axi_HP3_ARSIZE       |  out|    3|       m_axi|            HP3|       pointer|
|m_axi_HP3_ARBURST      |  out|    2|       m_axi|            HP3|       pointer|
|m_axi_HP3_ARLOCK       |  out|    2|       m_axi|            HP3|       pointer|
|m_axi_HP3_ARCACHE      |  out|    4|       m_axi|            HP3|       pointer|
|m_axi_HP3_ARPROT       |  out|    3|       m_axi|            HP3|       pointer|
|m_axi_HP3_ARQOS        |  out|    4|       m_axi|            HP3|       pointer|
|m_axi_HP3_ARREGION     |  out|    4|       m_axi|            HP3|       pointer|
|m_axi_HP3_ARUSER       |  out|    1|       m_axi|            HP3|       pointer|
|m_axi_HP3_RVALID       |   in|    1|       m_axi|            HP3|       pointer|
|m_axi_HP3_RREADY       |  out|    1|       m_axi|            HP3|       pointer|
|m_axi_HP3_RDATA        |   in|   16|       m_axi|            HP3|       pointer|
|m_axi_HP3_RLAST        |   in|    1|       m_axi|            HP3|       pointer|
|m_axi_HP3_RID          |   in|    1|       m_axi|            HP3|       pointer|
|m_axi_HP3_RUSER        |   in|    1|       m_axi|            HP3|       pointer|
|m_axi_HP3_RRESP        |   in|    2|       m_axi|            HP3|       pointer|
|m_axi_HP3_BVALID       |   in|    1|       m_axi|            HP3|       pointer|
|m_axi_HP3_BREADY       |  out|    1|       m_axi|            HP3|       pointer|
|m_axi_HP3_BRESP        |   in|    2|       m_axi|            HP3|       pointer|
|m_axi_HP3_BID          |   in|    1|       m_axi|            HP3|       pointer|
|m_axi_HP3_BUSER        |   in|    1|       m_axi|            HP3|       pointer|
|compress_size          |   in|   32|     ap_none|  compress_size|       pointer|
|output_r_dout          |   in|   64|     ap_fifo|       output_r|       pointer|
|output_r_empty_n       |   in|    1|     ap_fifo|       output_r|       pointer|
|output_r_read          |  out|    1|     ap_fifo|       output_r|       pointer|
+-----------------------+-----+-----+------------+---------------+--------------+

