

================================================================
== Vitis HLS Report for 'assoc_lookup'
================================================================
* Date:           Mon Dec  4 15:55:00 2023

* Version:        2020.2 (Build 3064766 on Wed Nov 18 09:12:47 MST 2020)
* Project:        final_project
* Solution:       solution1 (Vitis Kernel Flow Target)
* Product family: zynquplus
* Target device:  xczu3eg-sbva484-1-i


================================================================
== Performance Estimates
================================================================
+ Timing: 
    * Summary: 
    +--------+---------+----------+------------+
    |  Clock |  Target | Estimated| Uncertainty|
    +--------+---------+----------+------------+
    |ap_clk  |  6.67 ns|  2.726 ns|     1.80 ns|
    +--------+---------+----------+------------+

+ Latency: 
    * Summary: 
    +---------+---------+-----------+-----------+-----+-----+---------+
    |  Latency (cycles) |   Latency (absolute)  |  Interval | Pipeline|
    |   min   |   max   |    min    |    max    | min | max |   Type  |
    +---------+---------+-----------+-----------+-----+-----+---------+
    |        2|        4|  13.334 ns|  26.668 ns|    2|    4|     none|
    +---------+---------+-----------+-----------+-----+-----+---------+

    + Detail: 
        * Instance: 
        N/A

        * Loop: 
        N/A

============================================================
+ Verbose Summary: Synthesis Manager
============================================================
InlineROM: 1
ExposeGlobal: 0
============================================================
+ Verbose Summary: CDFG Model
============================================================
IsTopModel: 0
ResetActiveHigh: 1
IsCombinational: 0
IsDatapathOnly: 0
HasWiredReturn: 1
HasMFsm: 0
HasVarLatency: 1
IsPipeline: 0
IsRtlPipelined: 0
IsInstanceOverlapped: 0
IsDontTouch: 0
HasImplIP: 0
IsGatedGlobalClock: 0


============================================================
+ Verbose Summary: Schedule
============================================================
* Number of FSM states : 5
* Pipeline : 0
* Dataflow Pipeline: 0

* FSM state transitions: 
1 --> 2 
2 --> 3 5 
3 --> 4 
4 --> 5 
5 --> 

* FSM state operations: 

State 1 <SV = 0> <Delay = 1.35>
ST_1 : Operation 6 [1/1] (0.00ns)   --->   "%key_read = read i20 @_ssdm_op_Read.ap_auto.i20, i20 %key" [Server/LZW_new.cpp:140]   --->   Operation 6 'read' 'key_read' <Predicate = true> <Delay = 0.00>
ST_1 : Operation 7 [1/1] (0.00ns)   --->   "%trunc_ln140 = trunc i20 %key_read" [Server/LZW_new.cpp:140]   --->   Operation 7 'trunc' 'trunc_ln140' <Predicate = true> <Delay = 0.00>
ST_1 : Operation 8 [1/1] (0.00ns)   --->   "%trunc_ln140_2 = partselect i2 @_ssdm_op_PartSelect.i2.i20.i32.i32, i20 %key_read, i32 18, i32 19" [Server/LZW_new.cpp:140]   --->   Operation 8 'partselect' 'trunc_ln140_2' <Predicate = true> <Delay = 0.00>
ST_1 : Operation 9 [1/1] (0.00ns)   --->   "%zext_ln140 = zext i2 %trunc_ln140_2" [Server/LZW_new.cpp:140]   --->   Operation 9 'zext' 'zext_ln140' <Predicate = true> <Delay = 0.00>
ST_1 : Operation 10 [1/1] (0.00ns)   --->   "%mem_upper_key_mem_addr = getelementptr i64 %mem_upper_key_mem, i64 0, i64 %zext_ln140" [Server/LZW_new.cpp:140]   --->   Operation 10 'getelementptr' 'mem_upper_key_mem_addr' <Predicate = true> <Delay = 0.00>
ST_1 : Operation 11 [2/2] (1.35ns)   --->   "%mem_upper_key_mem_load = load i9 %mem_upper_key_mem_addr" [Server/LZW_new.cpp:140]   --->   Operation 11 'load' 'mem_upper_key_mem_load' <Predicate = true> <Delay = 1.35> <CoreInst = "RAM">   --->   Core 83 'RAM' <Latency = 1> <II = 1> <Delay = 1.35> <Storage> <Opcode : 'load' 'store'> <Ports = 2> <Width = 64> <Depth = 512> <RAM>
ST_1 : Operation 12 [1/1] (0.00ns)   --->   "%trunc_ln = partselect i9 @_ssdm_op_PartSelect.i9.i20.i32.i32, i20 %key_read, i32 9, i32 17" [Server/LZW_new.cpp:141]   --->   Operation 12 'partselect' 'trunc_ln' <Predicate = true> <Delay = 0.00>
ST_1 : Operation 13 [1/1] (0.00ns)   --->   "%zext_ln141 = zext i9 %trunc_ln" [Server/LZW_new.cpp:141]   --->   Operation 13 'zext' 'zext_ln141' <Predicate = true> <Delay = 0.00>
ST_1 : Operation 14 [1/1] (0.00ns)   --->   "%mem_middle_key_mem_addr = getelementptr i64 %mem_middle_key_mem, i64 0, i64 %zext_ln141" [Server/LZW_new.cpp:141]   --->   Operation 14 'getelementptr' 'mem_middle_key_mem_addr' <Predicate = true> <Delay = 0.00>
ST_1 : Operation 15 [2/2] (1.35ns)   --->   "%mem_middle_key_mem_load = load i9 %mem_middle_key_mem_addr" [Server/LZW_new.cpp:141]   --->   Operation 15 'load' 'mem_middle_key_mem_load' <Predicate = true> <Delay = 1.35> <CoreInst = "RAM">   --->   Core 83 'RAM' <Latency = 1> <II = 1> <Delay = 1.35> <Storage> <Opcode : 'load' 'store'> <Ports = 2> <Width = 64> <Depth = 512> <RAM>
ST_1 : Operation 16 [1/1] (0.00ns)   --->   "%zext_ln142 = zext i9 %trunc_ln140" [Server/LZW_new.cpp:142]   --->   Operation 16 'zext' 'zext_ln142' <Predicate = true> <Delay = 0.00>
ST_1 : Operation 17 [1/1] (0.00ns)   --->   "%mem_lower_key_mem_addr = getelementptr i64 %mem_lower_key_mem, i64 0, i64 %zext_ln142" [Server/LZW_new.cpp:142]   --->   Operation 17 'getelementptr' 'mem_lower_key_mem_addr' <Predicate = true> <Delay = 0.00>
ST_1 : Operation 18 [2/2] (1.35ns)   --->   "%mem_lower_key_mem_load = load i9 %mem_lower_key_mem_addr" [Server/LZW_new.cpp:142]   --->   Operation 18 'load' 'mem_lower_key_mem_load' <Predicate = true> <Delay = 1.35> <CoreInst = "RAM">   --->   Core 83 'RAM' <Latency = 1> <II = 1> <Delay = 1.35> <Storage> <Opcode : 'load' 'store'> <Ports = 2> <Width = 64> <Depth = 512> <RAM>

State 2 <SV = 1> <Delay = 2.72>
ST_2 : Operation 19 [1/2] (1.35ns)   --->   "%mem_upper_key_mem_load = load i9 %mem_upper_key_mem_addr" [Server/LZW_new.cpp:140]   --->   Operation 19 'load' 'mem_upper_key_mem_load' <Predicate = true> <Delay = 1.35> <CoreInst = "RAM">   --->   Core 83 'RAM' <Latency = 1> <II = 1> <Delay = 1.35> <Storage> <Opcode : 'load' 'store'> <Ports = 2> <Width = 64> <Depth = 512> <RAM>
ST_2 : Operation 20 [1/2] (1.35ns)   --->   "%mem_middle_key_mem_load = load i9 %mem_middle_key_mem_addr" [Server/LZW_new.cpp:141]   --->   Operation 20 'load' 'mem_middle_key_mem_load' <Predicate = true> <Delay = 1.35> <CoreInst = "RAM">   --->   Core 83 'RAM' <Latency = 1> <II = 1> <Delay = 1.35> <Storage> <Opcode : 'load' 'store'> <Ports = 2> <Width = 64> <Depth = 512> <RAM>
ST_2 : Operation 21 [1/2] (1.35ns)   --->   "%mem_lower_key_mem_load = load i9 %mem_lower_key_mem_addr" [Server/LZW_new.cpp:142]   --->   Operation 21 'load' 'mem_lower_key_mem_load' <Predicate = true> <Delay = 1.35> <CoreInst = "RAM">   --->   Core 83 'RAM' <Latency = 1> <II = 1> <Delay = 1.35> <Storage> <Opcode : 'load' 'store'> <Ports = 2> <Width = 64> <Depth = 512> <RAM>
ST_2 : Operation 22 [1/1] (0.00ns) (grouped into LUT with out node match)   --->   "%trunc_ln144 = trunc i64 %mem_upper_key_mem_load" [Server/LZW_new.cpp:144]   --->   Operation 22 'trunc' 'trunc_ln144' <Predicate = true> <Delay = 0.00>
ST_2 : Operation 23 [1/1] (0.00ns) (grouped into LUT with out node match)   --->   "%trunc_ln144_1 = trunc i64 %mem_middle_key_mem_load" [Server/LZW_new.cpp:144]   --->   Operation 23 'trunc' 'trunc_ln144_1' <Predicate = true> <Delay = 0.00>
ST_2 : Operation 24 [1/1] (0.00ns) (grouped into LUT with out node match)   --->   "%trunc_ln144_2 = trunc i64 %mem_lower_key_mem_load" [Server/LZW_new.cpp:144]   --->   Operation 24 'trunc' 'trunc_ln144_2' <Predicate = true> <Delay = 0.00>
ST_2 : Operation 25 [1/1] (0.00ns) (grouped into LUT with out node and_ln144_33)   --->   "%trunc_ln144_3 = trunc i64 %mem_lower_key_mem_load" [Server/LZW_new.cpp:144]   --->   Operation 25 'trunc' 'trunc_ln144_3' <Predicate = true> <Delay = 0.00>
ST_2 : Operation 26 [1/1] (0.00ns) (grouped into LUT with out node and_ln144_33)   --->   "%trunc_ln144_4 = trunc i64 %mem_upper_key_mem_load" [Server/LZW_new.cpp:144]   --->   Operation 26 'trunc' 'trunc_ln144_4' <Predicate = true> <Delay = 0.00>
ST_2 : Operation 27 [1/1] (0.00ns) (grouped into LUT with out node and_ln144_34)   --->   "%trunc_ln144_5 = trunc i64 %mem_lower_key_mem_load" [Server/LZW_new.cpp:144]   --->   Operation 27 'trunc' 'trunc_ln144_5' <Predicate = true> <Delay = 0.00>
ST_2 : Operation 28 [1/1] (0.00ns) (grouped into LUT with out node and_ln144_34)   --->   "%trunc_ln144_6 = trunc i64 %mem_upper_key_mem_load" [Server/LZW_new.cpp:144]   --->   Operation 28 'trunc' 'trunc_ln144_6' <Predicate = true> <Delay = 0.00>
ST_2 : Operation 29 [1/1] (0.00ns) (grouped into LUT with out node and_ln144_35)   --->   "%trunc_ln144_7 = trunc i64 %mem_lower_key_mem_load" [Server/LZW_new.cpp:144]   --->   Operation 29 'trunc' 'trunc_ln144_7' <Predicate = true> <Delay = 0.00>
ST_2 : Operation 30 [1/1] (0.00ns) (grouped into LUT with out node and_ln144_35)   --->   "%trunc_ln144_8 = trunc i64 %mem_upper_key_mem_load" [Server/LZW_new.cpp:144]   --->   Operation 30 'trunc' 'trunc_ln144_8' <Predicate = true> <Delay = 0.00>
ST_2 : Operation 31 [1/1] (0.00ns) (grouped into LUT with out node and_ln144_36)   --->   "%trunc_ln144_9 = trunc i64 %mem_lower_key_mem_load" [Server/LZW_new.cpp:144]   --->   Operation 31 'trunc' 'trunc_ln144_9' <Predicate = true> <Delay = 0.00>
ST_2 : Operation 32 [1/1] (0.00ns) (grouped into LUT with out node and_ln144_36)   --->   "%trunc_ln144_10 = trunc i64 %mem_upper_key_mem_load" [Server/LZW_new.cpp:144]   --->   Operation 32 'trunc' 'trunc_ln144_10' <Predicate = true> <Delay = 0.00>
ST_2 : Operation 33 [1/1] (0.00ns) (grouped into LUT with out node and_ln144_37)   --->   "%trunc_ln144_11 = trunc i64 %mem_lower_key_mem_load" [Server/LZW_new.cpp:144]   --->   Operation 33 'trunc' 'trunc_ln144_11' <Predicate = true> <Delay = 0.00>
ST_2 : Operation 34 [1/1] (0.00ns) (grouped into LUT with out node and_ln144_37)   --->   "%trunc_ln144_12 = trunc i64 %mem_upper_key_mem_load" [Server/LZW_new.cpp:144]   --->   Operation 34 'trunc' 'trunc_ln144_12' <Predicate = true> <Delay = 0.00>
ST_2 : Operation 35 [1/1] (0.00ns) (grouped into LUT with out node and_ln144_38)   --->   "%trunc_ln144_13 = trunc i64 %mem_lower_key_mem_load" [Server/LZW_new.cpp:144]   --->   Operation 35 'trunc' 'trunc_ln144_13' <Predicate = true> <Delay = 0.00>
ST_2 : Operation 36 [1/1] (0.00ns) (grouped into LUT with out node and_ln144_38)   --->   "%trunc_ln144_14 = trunc i64 %mem_upper_key_mem_load" [Server/LZW_new.cpp:144]   --->   Operation 36 'trunc' 'trunc_ln144_14' <Predicate = true> <Delay = 0.00>
ST_2 : Operation 37 [1/1] (0.00ns) (grouped into LUT with out node and_ln144_39)   --->   "%trunc_ln144_15 = trunc i64 %mem_lower_key_mem_load" [Server/LZW_new.cpp:144]   --->   Operation 37 'trunc' 'trunc_ln144_15' <Predicate = true> <Delay = 0.00>
ST_2 : Operation 38 [1/1] (0.00ns) (grouped into LUT with out node and_ln144_39)   --->   "%trunc_ln144_16 = trunc i64 %mem_upper_key_mem_load" [Server/LZW_new.cpp:144]   --->   Operation 38 'trunc' 'trunc_ln144_16' <Predicate = true> <Delay = 0.00>
ST_2 : Operation 39 [1/1] (0.00ns) (grouped into LUT with out node and_ln144_40)   --->   "%trunc_ln144_17 = trunc i64 %mem_lower_key_mem_load" [Server/LZW_new.cpp:144]   --->   Operation 39 'trunc' 'trunc_ln144_17' <Predicate = true> <Delay = 0.00>
ST_2 : Operation 40 [1/1] (0.00ns) (grouped into LUT with out node and_ln144_40)   --->   "%trunc_ln144_18 = trunc i64 %mem_upper_key_mem_load" [Server/LZW_new.cpp:144]   --->   Operation 40 'trunc' 'trunc_ln144_18' <Predicate = true> <Delay = 0.00>
ST_2 : Operation 41 [1/1] (0.00ns) (grouped into LUT with out node and_ln144_41)   --->   "%trunc_ln144_19 = trunc i64 %mem_lower_key_mem_load" [Server/LZW_new.cpp:144]   --->   Operation 41 'trunc' 'trunc_ln144_19' <Predicate = true> <Delay = 0.00>
ST_2 : Operation 42 [1/1] (0.00ns) (grouped into LUT with out node and_ln144_41)   --->   "%trunc_ln144_20 = trunc i64 %mem_upper_key_mem_load" [Server/LZW_new.cpp:144]   --->   Operation 42 'trunc' 'trunc_ln144_20' <Predicate = true> <Delay = 0.00>
ST_2 : Operation 43 [1/1] (0.00ns) (grouped into LUT with out node and_ln144_42)   --->   "%trunc_ln144_21 = trunc i64 %mem_lower_key_mem_load" [Server/LZW_new.cpp:144]   --->   Operation 43 'trunc' 'trunc_ln144_21' <Predicate = true> <Delay = 0.00>
ST_2 : Operation 44 [1/1] (0.00ns) (grouped into LUT with out node and_ln144_42)   --->   "%trunc_ln144_22 = trunc i64 %mem_upper_key_mem_load" [Server/LZW_new.cpp:144]   --->   Operation 44 'trunc' 'trunc_ln144_22' <Predicate = true> <Delay = 0.00>
ST_2 : Operation 45 [1/1] (0.00ns) (grouped into LUT with out node and_ln144_43)   --->   "%trunc_ln144_23 = trunc i64 %mem_lower_key_mem_load" [Server/LZW_new.cpp:144]   --->   Operation 45 'trunc' 'trunc_ln144_23' <Predicate = true> <Delay = 0.00>
ST_2 : Operation 46 [1/1] (0.00ns) (grouped into LUT with out node and_ln144_43)   --->   "%trunc_ln144_24 = trunc i64 %mem_upper_key_mem_load" [Server/LZW_new.cpp:144]   --->   Operation 46 'trunc' 'trunc_ln144_24' <Predicate = true> <Delay = 0.00>
ST_2 : Operation 47 [1/1] (0.00ns) (grouped into LUT with out node and_ln144_44)   --->   "%trunc_ln144_25 = trunc i64 %mem_lower_key_mem_load" [Server/LZW_new.cpp:144]   --->   Operation 47 'trunc' 'trunc_ln144_25' <Predicate = true> <Delay = 0.00>
ST_2 : Operation 48 [1/1] (0.00ns) (grouped into LUT with out node and_ln144_44)   --->   "%trunc_ln144_26 = trunc i64 %mem_upper_key_mem_load" [Server/LZW_new.cpp:144]   --->   Operation 48 'trunc' 'trunc_ln144_26' <Predicate = true> <Delay = 0.00>
ST_2 : Operation 49 [1/1] (0.00ns) (grouped into LUT with out node and_ln144_45)   --->   "%trunc_ln144_27 = trunc i64 %mem_lower_key_mem_load" [Server/LZW_new.cpp:144]   --->   Operation 49 'trunc' 'trunc_ln144_27' <Predicate = true> <Delay = 0.00>
ST_2 : Operation 50 [1/1] (0.00ns) (grouped into LUT with out node and_ln144_45)   --->   "%trunc_ln144_28 = trunc i64 %mem_upper_key_mem_load" [Server/LZW_new.cpp:144]   --->   Operation 50 'trunc' 'trunc_ln144_28' <Predicate = true> <Delay = 0.00>
ST_2 : Operation 51 [1/1] (0.00ns) (grouped into LUT with out node and_ln144_46)   --->   "%trunc_ln144_29 = trunc i64 %mem_lower_key_mem_load" [Server/LZW_new.cpp:144]   --->   Operation 51 'trunc' 'trunc_ln144_29' <Predicate = true> <Delay = 0.00>
ST_2 : Operation 52 [1/1] (0.00ns) (grouped into LUT with out node and_ln144_46)   --->   "%trunc_ln144_30 = trunc i64 %mem_upper_key_mem_load" [Server/LZW_new.cpp:144]   --->   Operation 52 'trunc' 'trunc_ln144_30' <Predicate = true> <Delay = 0.00>
ST_2 : Operation 53 [1/1] (0.00ns) (grouped into LUT with out node and_ln144_47)   --->   "%trunc_ln144_31 = trunc i64 %mem_lower_key_mem_load" [Server/LZW_new.cpp:144]   --->   Operation 53 'trunc' 'trunc_ln144_31' <Predicate = true> <Delay = 0.00>
ST_2 : Operation 54 [1/1] (0.00ns) (grouped into LUT with out node and_ln144_47)   --->   "%trunc_ln144_32 = trunc i64 %mem_upper_key_mem_load" [Server/LZW_new.cpp:144]   --->   Operation 54 'trunc' 'trunc_ln144_32' <Predicate = true> <Delay = 0.00>
ST_2 : Operation 55 [1/1] (0.00ns) (grouped into LUT with out node and_ln144_48)   --->   "%trunc_ln144_33 = trunc i64 %mem_lower_key_mem_load" [Server/LZW_new.cpp:144]   --->   Operation 55 'trunc' 'trunc_ln144_33' <Predicate = true> <Delay = 0.00>
ST_2 : Operation 56 [1/1] (0.00ns) (grouped into LUT with out node and_ln144_48)   --->   "%trunc_ln144_34 = trunc i64 %mem_upper_key_mem_load" [Server/LZW_new.cpp:144]   --->   Operation 56 'trunc' 'trunc_ln144_34' <Predicate = true> <Delay = 0.00>
ST_2 : Operation 57 [1/1] (0.00ns) (grouped into LUT with out node and_ln144_49)   --->   "%trunc_ln144_35 = trunc i64 %mem_lower_key_mem_load" [Server/LZW_new.cpp:144]   --->   Operation 57 'trunc' 'trunc_ln144_35' <Predicate = true> <Delay = 0.00>
ST_2 : Operation 58 [1/1] (0.00ns) (grouped into LUT with out node and_ln144_49)   --->   "%trunc_ln144_36 = trunc i64 %mem_upper_key_mem_load" [Server/LZW_new.cpp:144]   --->   Operation 58 'trunc' 'trunc_ln144_36' <Predicate = true> <Delay = 0.00>
ST_2 : Operation 59 [1/1] (0.00ns) (grouped into LUT with out node and_ln144_50)   --->   "%trunc_ln144_37 = trunc i64 %mem_lower_key_mem_load" [Server/LZW_new.cpp:144]   --->   Operation 59 'trunc' 'trunc_ln144_37' <Predicate = true> <Delay = 0.00>
ST_2 : Operation 60 [1/1] (0.00ns) (grouped into LUT with out node and_ln144_50)   --->   "%trunc_ln144_38 = trunc i64 %mem_upper_key_mem_load" [Server/LZW_new.cpp:144]   --->   Operation 60 'trunc' 'trunc_ln144_38' <Predicate = true> <Delay = 0.00>
ST_2 : Operation 61 [1/1] (0.00ns) (grouped into LUT with out node and_ln144_51)   --->   "%trunc_ln144_39 = trunc i64 %mem_lower_key_mem_load" [Server/LZW_new.cpp:144]   --->   Operation 61 'trunc' 'trunc_ln144_39' <Predicate = true> <Delay = 0.00>
ST_2 : Operation 62 [1/1] (0.00ns) (grouped into LUT with out node and_ln144_51)   --->   "%trunc_ln144_40 = trunc i64 %mem_upper_key_mem_load" [Server/LZW_new.cpp:144]   --->   Operation 62 'trunc' 'trunc_ln144_40' <Predicate = true> <Delay = 0.00>
ST_2 : Operation 63 [1/1] (0.00ns) (grouped into LUT with out node and_ln144_52)   --->   "%trunc_ln144_41 = trunc i64 %mem_lower_key_mem_load" [Server/LZW_new.cpp:144]   --->   Operation 63 'trunc' 'trunc_ln144_41' <Predicate = true> <Delay = 0.00>
ST_2 : Operation 64 [1/1] (0.00ns) (grouped into LUT with out node and_ln144_52)   --->   "%trunc_ln144_42 = trunc i64 %mem_upper_key_mem_load" [Server/LZW_new.cpp:144]   --->   Operation 64 'trunc' 'trunc_ln144_42' <Predicate = true> <Delay = 0.00>
ST_2 : Operation 65 [1/1] (0.00ns) (grouped into LUT with out node and_ln144_53)   --->   "%trunc_ln144_43 = trunc i64 %mem_lower_key_mem_load" [Server/LZW_new.cpp:144]   --->   Operation 65 'trunc' 'trunc_ln144_43' <Predicate = true> <Delay = 0.00>
ST_2 : Operation 66 [1/1] (0.00ns) (grouped into LUT with out node and_ln144_53)   --->   "%trunc_ln144_44 = trunc i64 %mem_upper_key_mem_load" [Server/LZW_new.cpp:144]   --->   Operation 66 'trunc' 'trunc_ln144_44' <Predicate = true> <Delay = 0.00>
ST_2 : Operation 67 [1/1] (0.00ns) (grouped into LUT with out node and_ln144_54)   --->   "%trunc_ln144_45 = trunc i64 %mem_lower_key_mem_load" [Server/LZW_new.cpp:144]   --->   Operation 67 'trunc' 'trunc_ln144_45' <Predicate = true> <Delay = 0.00>
ST_2 : Operation 68 [1/1] (0.00ns) (grouped into LUT with out node and_ln144_54)   --->   "%trunc_ln144_46 = trunc i64 %mem_upper_key_mem_load" [Server/LZW_new.cpp:144]   --->   Operation 68 'trunc' 'trunc_ln144_46' <Predicate = true> <Delay = 0.00>
ST_2 : Operation 69 [1/1] (0.00ns) (grouped into LUT with out node and_ln144_55)   --->   "%trunc_ln144_47 = trunc i64 %mem_lower_key_mem_load" [Server/LZW_new.cpp:144]   --->   Operation 69 'trunc' 'trunc_ln144_47' <Predicate = true> <Delay = 0.00>
ST_2 : Operation 70 [1/1] (0.00ns) (grouped into LUT with out node and_ln144_55)   --->   "%trunc_ln144_48 = trunc i64 %mem_upper_key_mem_load" [Server/LZW_new.cpp:144]   --->   Operation 70 'trunc' 'trunc_ln144_48' <Predicate = true> <Delay = 0.00>
ST_2 : Operation 71 [1/1] (0.00ns) (grouped into LUT with out node and_ln144_56)   --->   "%trunc_ln144_49 = trunc i64 %mem_lower_key_mem_load" [Server/LZW_new.cpp:144]   --->   Operation 71 'trunc' 'trunc_ln144_49' <Predicate = true> <Delay = 0.00>
ST_2 : Operation 72 [1/1] (0.00ns) (grouped into LUT with out node and_ln144_56)   --->   "%trunc_ln144_50 = trunc i64 %mem_upper_key_mem_load" [Server/LZW_new.cpp:144]   --->   Operation 72 'trunc' 'trunc_ln144_50' <Predicate = true> <Delay = 0.00>
ST_2 : Operation 73 [1/1] (0.00ns) (grouped into LUT with out node and_ln144_57)   --->   "%trunc_ln144_51 = trunc i64 %mem_lower_key_mem_load" [Server/LZW_new.cpp:144]   --->   Operation 73 'trunc' 'trunc_ln144_51' <Predicate = true> <Delay = 0.00>
ST_2 : Operation 74 [1/1] (0.00ns) (grouped into LUT with out node and_ln144_57)   --->   "%trunc_ln144_52 = trunc i64 %mem_upper_key_mem_load" [Server/LZW_new.cpp:144]   --->   Operation 74 'trunc' 'trunc_ln144_52' <Predicate = true> <Delay = 0.00>
ST_2 : Operation 75 [1/1] (0.00ns) (grouped into LUT with out node and_ln144_58)   --->   "%trunc_ln144_53 = trunc i64 %mem_lower_key_mem_load" [Server/LZW_new.cpp:144]   --->   Operation 75 'trunc' 'trunc_ln144_53' <Predicate = true> <Delay = 0.00>
ST_2 : Operation 76 [1/1] (0.00ns) (grouped into LUT with out node and_ln144_58)   --->   "%trunc_ln144_54 = trunc i64 %mem_upper_key_mem_load" [Server/LZW_new.cpp:144]   --->   Operation 76 'trunc' 'trunc_ln144_54' <Predicate = true> <Delay = 0.00>
ST_2 : Operation 77 [1/1] (0.00ns) (grouped into LUT with out node and_ln144_59)   --->   "%trunc_ln144_55 = trunc i64 %mem_lower_key_mem_load" [Server/LZW_new.cpp:144]   --->   Operation 77 'trunc' 'trunc_ln144_55' <Predicate = true> <Delay = 0.00>
ST_2 : Operation 78 [1/1] (0.00ns) (grouped into LUT with out node and_ln144_59)   --->   "%trunc_ln144_56 = trunc i64 %mem_upper_key_mem_load" [Server/LZW_new.cpp:144]   --->   Operation 78 'trunc' 'trunc_ln144_56' <Predicate = true> <Delay = 0.00>
ST_2 : Operation 79 [1/1] (0.00ns) (grouped into LUT with out node and_ln144_60)   --->   "%trunc_ln144_57 = trunc i64 %mem_lower_key_mem_load" [Server/LZW_new.cpp:144]   --->   Operation 79 'trunc' 'trunc_ln144_57' <Predicate = true> <Delay = 0.00>
ST_2 : Operation 80 [1/1] (0.00ns) (grouped into LUT with out node and_ln144_60)   --->   "%trunc_ln144_58 = trunc i64 %mem_upper_key_mem_load" [Server/LZW_new.cpp:144]   --->   Operation 80 'trunc' 'trunc_ln144_58' <Predicate = true> <Delay = 0.00>
ST_2 : Operation 81 [1/1] (0.00ns) (grouped into LUT with out node and_ln144_61)   --->   "%trunc_ln144_59 = trunc i64 %mem_lower_key_mem_load" [Server/LZW_new.cpp:144]   --->   Operation 81 'trunc' 'trunc_ln144_59' <Predicate = true> <Delay = 0.00>
ST_2 : Operation 82 [1/1] (0.00ns) (grouped into LUT with out node and_ln144_61)   --->   "%trunc_ln144_60 = trunc i64 %mem_upper_key_mem_load" [Server/LZW_new.cpp:144]   --->   Operation 82 'trunc' 'trunc_ln144_60' <Predicate = true> <Delay = 0.00>
ST_2 : Operation 83 [1/1] (0.00ns) (grouped into LUT with out node and_ln144_62)   --->   "%trunc_ln144_61 = trunc i64 %mem_lower_key_mem_load" [Server/LZW_new.cpp:144]   --->   Operation 83 'trunc' 'trunc_ln144_61' <Predicate = true> <Delay = 0.00>
ST_2 : Operation 84 [1/1] (0.00ns) (grouped into LUT with out node and_ln144_62)   --->   "%trunc_ln144_62 = trunc i64 %mem_upper_key_mem_load" [Server/LZW_new.cpp:144]   --->   Operation 84 'trunc' 'trunc_ln144_62' <Predicate = true> <Delay = 0.00>
ST_2 : Operation 85 [1/1] (0.00ns) (grouped into LUT with out node and_ln144_63)   --->   "%trunc_ln144_63 = trunc i64 %mem_lower_key_mem_load" [Server/LZW_new.cpp:144]   --->   Operation 85 'trunc' 'trunc_ln144_63' <Predicate = true> <Delay = 0.00>
ST_2 : Operation 86 [1/1] (0.00ns) (grouped into LUT with out node and_ln144_63)   --->   "%trunc_ln144_64 = trunc i64 %mem_upper_key_mem_load" [Server/LZW_new.cpp:144]   --->   Operation 86 'trunc' 'trunc_ln144_64' <Predicate = true> <Delay = 0.00>
ST_2 : Operation 87 [1/1] (0.00ns) (grouped into LUT with out node match)   --->   "%and_ln144 = and i32 %trunc_ln144, i32 %trunc_ln144_2" [Server/LZW_new.cpp:144]   --->   Operation 87 'and' 'and_ln144' <Predicate = true> <Delay = 0.00> <CoreInst = "LogicGate">   --->   Core 74 'LogicGate' <Latency = 0> <II = 1> <Delay = 0.33> <FuncUnit> <Opcode : 'and' 'or' 'xor'> <InPorts = 2> <OutPorts = 1>
ST_2 : Operation 88 [1/1] (0.00ns) (grouped into LUT with out node and_ln144_63)   --->   "%trunc_ln144_65 = trunc i64 %mem_middle_key_mem_load" [Server/LZW_new.cpp:144]   --->   Operation 88 'trunc' 'trunc_ln144_65' <Predicate = true> <Delay = 0.00>
ST_2 : Operation 89 [1/1] (0.00ns) (grouped into LUT with out node and_ln144_63)   --->   "%and_ln144_1 = and i1 %trunc_ln144_64, i1 %trunc_ln144_63" [Server/LZW_new.cpp:144]   --->   Operation 89 'and' 'and_ln144_1' <Predicate = true> <Delay = 0.00> <CoreInst = "LogicGate">   --->   Core 74 'LogicGate' <Latency = 0> <II = 1> <Delay = 0.33> <FuncUnit> <Opcode : 'and' 'or' 'xor'> <InPorts = 2> <OutPorts = 1>
ST_2 : Operation 90 [1/1] (0.00ns) (grouped into LUT with out node and_ln144_62)   --->   "%trunc_ln144_66 = trunc i64 %mem_middle_key_mem_load" [Server/LZW_new.cpp:144]   --->   Operation 90 'trunc' 'trunc_ln144_66' <Predicate = true> <Delay = 0.00>
ST_2 : Operation 91 [1/1] (0.00ns) (grouped into LUT with out node and_ln144_62)   --->   "%and_ln144_2 = and i2 %trunc_ln144_62, i2 %trunc_ln144_61" [Server/LZW_new.cpp:144]   --->   Operation 91 'and' 'and_ln144_2' <Predicate = true> <Delay = 0.00> <CoreInst = "LogicGate">   --->   Core 74 'LogicGate' <Latency = 0> <II = 1> <Delay = 0.33> <FuncUnit> <Opcode : 'and' 'or' 'xor'> <InPorts = 2> <OutPorts = 1>
ST_2 : Operation 92 [1/1] (0.00ns) (grouped into LUT with out node and_ln144_61)   --->   "%trunc_ln144_67 = trunc i64 %mem_middle_key_mem_load" [Server/LZW_new.cpp:144]   --->   Operation 92 'trunc' 'trunc_ln144_67' <Predicate = true> <Delay = 0.00>
ST_2 : Operation 93 [1/1] (0.00ns) (grouped into LUT with out node and_ln144_61)   --->   "%and_ln144_3 = and i3 %trunc_ln144_60, i3 %trunc_ln144_59" [Server/LZW_new.cpp:144]   --->   Operation 93 'and' 'and_ln144_3' <Predicate = true> <Delay = 0.00> <CoreInst = "LogicGate">   --->   Core 74 'LogicGate' <Latency = 0> <II = 1> <Delay = 0.33> <FuncUnit> <Opcode : 'and' 'or' 'xor'> <InPorts = 2> <OutPorts = 1>
ST_2 : Operation 94 [1/1] (0.00ns) (grouped into LUT with out node and_ln144_60)   --->   "%trunc_ln144_68 = trunc i64 %mem_middle_key_mem_load" [Server/LZW_new.cpp:144]   --->   Operation 94 'trunc' 'trunc_ln144_68' <Predicate = true> <Delay = 0.00>
ST_2 : Operation 95 [1/1] (0.00ns) (grouped into LUT with out node and_ln144_60)   --->   "%and_ln144_4 = and i4 %trunc_ln144_58, i4 %trunc_ln144_57" [Server/LZW_new.cpp:144]   --->   Operation 95 'and' 'and_ln144_4' <Predicate = true> <Delay = 0.00> <CoreInst = "LogicGate">   --->   Core 74 'LogicGate' <Latency = 0> <II = 1> <Delay = 0.33> <FuncUnit> <Opcode : 'and' 'or' 'xor'> <InPorts = 2> <OutPorts = 1>
ST_2 : Operation 96 [1/1] (0.00ns) (grouped into LUT with out node and_ln144_59)   --->   "%trunc_ln144_69 = trunc i64 %mem_middle_key_mem_load" [Server/LZW_new.cpp:144]   --->   Operation 96 'trunc' 'trunc_ln144_69' <Predicate = true> <Delay = 0.00>
ST_2 : Operation 97 [1/1] (0.00ns) (grouped into LUT with out node and_ln144_59)   --->   "%and_ln144_5 = and i5 %trunc_ln144_56, i5 %trunc_ln144_55" [Server/LZW_new.cpp:144]   --->   Operation 97 'and' 'and_ln144_5' <Predicate = true> <Delay = 0.00> <CoreInst = "LogicGate">   --->   Core 74 'LogicGate' <Latency = 0> <II = 1> <Delay = 0.33> <FuncUnit> <Opcode : 'and' 'or' 'xor'> <InPorts = 2> <OutPorts = 1>
ST_2 : Operation 98 [1/1] (0.00ns) (grouped into LUT with out node and_ln144_58)   --->   "%trunc_ln144_70 = trunc i64 %mem_middle_key_mem_load" [Server/LZW_new.cpp:144]   --->   Operation 98 'trunc' 'trunc_ln144_70' <Predicate = true> <Delay = 0.00>
ST_2 : Operation 99 [1/1] (0.00ns) (grouped into LUT with out node and_ln144_58)   --->   "%and_ln144_6 = and i6 %trunc_ln144_54, i6 %trunc_ln144_53" [Server/LZW_new.cpp:144]   --->   Operation 99 'and' 'and_ln144_6' <Predicate = true> <Delay = 0.00> <CoreInst = "LogicGate">   --->   Core 74 'LogicGate' <Latency = 0> <II = 1> <Delay = 0.33> <FuncUnit> <Opcode : 'and' 'or' 'xor'> <InPorts = 2> <OutPorts = 1>
ST_2 : Operation 100 [1/1] (0.00ns) (grouped into LUT with out node and_ln144_57)   --->   "%trunc_ln144_71 = trunc i64 %mem_middle_key_mem_load" [Server/LZW_new.cpp:144]   --->   Operation 100 'trunc' 'trunc_ln144_71' <Predicate = true> <Delay = 0.00>
ST_2 : Operation 101 [1/1] (0.00ns) (grouped into LUT with out node and_ln144_57)   --->   "%and_ln144_7 = and i7 %trunc_ln144_52, i7 %trunc_ln144_51" [Server/LZW_new.cpp:144]   --->   Operation 101 'and' 'and_ln144_7' <Predicate = true> <Delay = 0.00> <CoreInst = "LogicGate">   --->   Core 74 'LogicGate' <Latency = 0> <II = 1> <Delay = 0.33> <FuncUnit> <Opcode : 'and' 'or' 'xor'> <InPorts = 2> <OutPorts = 1>
ST_2 : Operation 102 [1/1] (0.00ns) (grouped into LUT with out node and_ln144_56)   --->   "%trunc_ln144_72 = trunc i64 %mem_middle_key_mem_load" [Server/LZW_new.cpp:144]   --->   Operation 102 'trunc' 'trunc_ln144_72' <Predicate = true> <Delay = 0.00>
ST_2 : Operation 103 [1/1] (0.00ns) (grouped into LUT with out node and_ln144_56)   --->   "%and_ln144_8 = and i8 %trunc_ln144_50, i8 %trunc_ln144_49" [Server/LZW_new.cpp:144]   --->   Operation 103 'and' 'and_ln144_8' <Predicate = true> <Delay = 0.00> <CoreInst = "LogicGate">   --->   Core 74 'LogicGate' <Latency = 0> <II = 1> <Delay = 0.33> <FuncUnit> <Opcode : 'and' 'or' 'xor'> <InPorts = 2> <OutPorts = 1>
ST_2 : Operation 104 [1/1] (0.00ns) (grouped into LUT with out node and_ln144_55)   --->   "%trunc_ln144_73 = trunc i64 %mem_middle_key_mem_load" [Server/LZW_new.cpp:144]   --->   Operation 104 'trunc' 'trunc_ln144_73' <Predicate = true> <Delay = 0.00>
ST_2 : Operation 105 [1/1] (0.00ns) (grouped into LUT with out node and_ln144_55)   --->   "%and_ln144_9 = and i9 %trunc_ln144_48, i9 %trunc_ln144_47" [Server/LZW_new.cpp:144]   --->   Operation 105 'and' 'and_ln144_9' <Predicate = true> <Delay = 0.00> <CoreInst = "LogicGate">   --->   Core 74 'LogicGate' <Latency = 0> <II = 1> <Delay = 0.33> <FuncUnit> <Opcode : 'and' 'or' 'xor'> <InPorts = 2> <OutPorts = 1>
ST_2 : Operation 106 [1/1] (0.00ns) (grouped into LUT with out node and_ln144_54)   --->   "%trunc_ln144_74 = trunc i64 %mem_middle_key_mem_load" [Server/LZW_new.cpp:144]   --->   Operation 106 'trunc' 'trunc_ln144_74' <Predicate = true> <Delay = 0.00>
ST_2 : Operation 107 [1/1] (0.00ns) (grouped into LUT with out node and_ln144_54)   --->   "%and_ln144_10 = and i10 %trunc_ln144_46, i10 %trunc_ln144_45" [Server/LZW_new.cpp:144]   --->   Operation 107 'and' 'and_ln144_10' <Predicate = true> <Delay = 0.00> <CoreInst = "LogicGate">   --->   Core 74 'LogicGate' <Latency = 0> <II = 1> <Delay = 0.33> <FuncUnit> <Opcode : 'and' 'or' 'xor'> <InPorts = 2> <OutPorts = 1>
ST_2 : Operation 108 [1/1] (0.00ns) (grouped into LUT with out node and_ln144_53)   --->   "%trunc_ln144_75 = trunc i64 %mem_middle_key_mem_load" [Server/LZW_new.cpp:144]   --->   Operation 108 'trunc' 'trunc_ln144_75' <Predicate = true> <Delay = 0.00>
ST_2 : Operation 109 [1/1] (0.00ns) (grouped into LUT with out node and_ln144_53)   --->   "%and_ln144_11 = and i11 %trunc_ln144_44, i11 %trunc_ln144_43" [Server/LZW_new.cpp:144]   --->   Operation 109 'and' 'and_ln144_11' <Predicate = true> <Delay = 0.00> <CoreInst = "LogicGate">   --->   Core 74 'LogicGate' <Latency = 0> <II = 1> <Delay = 0.33> <FuncUnit> <Opcode : 'and' 'or' 'xor'> <InPorts = 2> <OutPorts = 1>
ST_2 : Operation 110 [1/1] (0.00ns) (grouped into LUT with out node and_ln144_52)   --->   "%trunc_ln144_76 = trunc i64 %mem_middle_key_mem_load" [Server/LZW_new.cpp:144]   --->   Operation 110 'trunc' 'trunc_ln144_76' <Predicate = true> <Delay = 0.00>
ST_2 : Operation 111 [1/1] (0.00ns) (grouped into LUT with out node and_ln144_52)   --->   "%and_ln144_12 = and i12 %trunc_ln144_42, i12 %trunc_ln144_41" [Server/LZW_new.cpp:144]   --->   Operation 111 'and' 'and_ln144_12' <Predicate = true> <Delay = 0.00> <CoreInst = "LogicGate">   --->   Core 74 'LogicGate' <Latency = 0> <II = 1> <Delay = 0.33> <FuncUnit> <Opcode : 'and' 'or' 'xor'> <InPorts = 2> <OutPorts = 1>
ST_2 : Operation 112 [1/1] (0.00ns) (grouped into LUT with out node and_ln144_51)   --->   "%trunc_ln144_77 = trunc i64 %mem_middle_key_mem_load" [Server/LZW_new.cpp:144]   --->   Operation 112 'trunc' 'trunc_ln144_77' <Predicate = true> <Delay = 0.00>
ST_2 : Operation 113 [1/1] (0.00ns) (grouped into LUT with out node and_ln144_51)   --->   "%and_ln144_13 = and i13 %trunc_ln144_40, i13 %trunc_ln144_39" [Server/LZW_new.cpp:144]   --->   Operation 113 'and' 'and_ln144_13' <Predicate = true> <Delay = 0.00> <CoreInst = "LogicGate">   --->   Core 74 'LogicGate' <Latency = 0> <II = 1> <Delay = 0.33> <FuncUnit> <Opcode : 'and' 'or' 'xor'> <InPorts = 2> <OutPorts = 1>
ST_2 : Operation 114 [1/1] (0.00ns) (grouped into LUT with out node and_ln144_50)   --->   "%trunc_ln144_78 = trunc i64 %mem_middle_key_mem_load" [Server/LZW_new.cpp:144]   --->   Operation 114 'trunc' 'trunc_ln144_78' <Predicate = true> <Delay = 0.00>
ST_2 : Operation 115 [1/1] (0.00ns) (grouped into LUT with out node and_ln144_50)   --->   "%and_ln144_14 = and i14 %trunc_ln144_38, i14 %trunc_ln144_37" [Server/LZW_new.cpp:144]   --->   Operation 115 'and' 'and_ln144_14' <Predicate = true> <Delay = 0.00> <CoreInst = "LogicGate">   --->   Core 74 'LogicGate' <Latency = 0> <II = 1> <Delay = 0.33> <FuncUnit> <Opcode : 'and' 'or' 'xor'> <InPorts = 2> <OutPorts = 1>
ST_2 : Operation 116 [1/1] (0.00ns) (grouped into LUT with out node and_ln144_49)   --->   "%trunc_ln144_79 = trunc i64 %mem_middle_key_mem_load" [Server/LZW_new.cpp:144]   --->   Operation 116 'trunc' 'trunc_ln144_79' <Predicate = true> <Delay = 0.00>
ST_2 : Operation 117 [1/1] (0.00ns) (grouped into LUT with out node and_ln144_49)   --->   "%and_ln144_15 = and i15 %trunc_ln144_36, i15 %trunc_ln144_35" [Server/LZW_new.cpp:144]   --->   Operation 117 'and' 'and_ln144_15' <Predicate = true> <Delay = 0.00> <CoreInst = "LogicGate">   --->   Core 74 'LogicGate' <Latency = 0> <II = 1> <Delay = 0.33> <FuncUnit> <Opcode : 'and' 'or' 'xor'> <InPorts = 2> <OutPorts = 1>
ST_2 : Operation 118 [1/1] (0.00ns) (grouped into LUT with out node and_ln144_48)   --->   "%trunc_ln144_80 = trunc i64 %mem_middle_key_mem_load" [Server/LZW_new.cpp:144]   --->   Operation 118 'trunc' 'trunc_ln144_80' <Predicate = true> <Delay = 0.00>
ST_2 : Operation 119 [1/1] (0.00ns) (grouped into LUT with out node and_ln144_48)   --->   "%and_ln144_16 = and i16 %trunc_ln144_34, i16 %trunc_ln144_33" [Server/LZW_new.cpp:144]   --->   Operation 119 'and' 'and_ln144_16' <Predicate = true> <Delay = 0.00> <CoreInst = "LogicGate">   --->   Core 74 'LogicGate' <Latency = 0> <II = 1> <Delay = 0.33> <FuncUnit> <Opcode : 'and' 'or' 'xor'> <InPorts = 2> <OutPorts = 1>
ST_2 : Operation 120 [1/1] (0.00ns) (grouped into LUT with out node and_ln144_47)   --->   "%trunc_ln144_81 = trunc i64 %mem_middle_key_mem_load" [Server/LZW_new.cpp:144]   --->   Operation 120 'trunc' 'trunc_ln144_81' <Predicate = true> <Delay = 0.00>
ST_2 : Operation 121 [1/1] (0.00ns) (grouped into LUT with out node and_ln144_47)   --->   "%and_ln144_17 = and i17 %trunc_ln144_32, i17 %trunc_ln144_31" [Server/LZW_new.cpp:144]   --->   Operation 121 'and' 'and_ln144_17' <Predicate = true> <Delay = 0.00> <CoreInst = "LogicGate">   --->   Core 74 'LogicGate' <Latency = 0> <II = 1> <Delay = 0.33> <FuncUnit> <Opcode : 'and' 'or' 'xor'> <InPorts = 2> <OutPorts = 1>
ST_2 : Operation 122 [1/1] (0.00ns) (grouped into LUT with out node and_ln144_46)   --->   "%trunc_ln144_82 = trunc i64 %mem_middle_key_mem_load" [Server/LZW_new.cpp:144]   --->   Operation 122 'trunc' 'trunc_ln144_82' <Predicate = true> <Delay = 0.00>
ST_2 : Operation 123 [1/1] (0.00ns) (grouped into LUT with out node and_ln144_46)   --->   "%and_ln144_18 = and i18 %trunc_ln144_30, i18 %trunc_ln144_29" [Server/LZW_new.cpp:144]   --->   Operation 123 'and' 'and_ln144_18' <Predicate = true> <Delay = 0.00> <CoreInst = "LogicGate">   --->   Core 74 'LogicGate' <Latency = 0> <II = 1> <Delay = 0.33> <FuncUnit> <Opcode : 'and' 'or' 'xor'> <InPorts = 2> <OutPorts = 1>
ST_2 : Operation 124 [1/1] (0.00ns) (grouped into LUT with out node and_ln144_45)   --->   "%trunc_ln144_83 = trunc i64 %mem_middle_key_mem_load" [Server/LZW_new.cpp:144]   --->   Operation 124 'trunc' 'trunc_ln144_83' <Predicate = true> <Delay = 0.00>
ST_2 : Operation 125 [1/1] (0.00ns) (grouped into LUT with out node and_ln144_45)   --->   "%and_ln144_19 = and i19 %trunc_ln144_28, i19 %trunc_ln144_27" [Server/LZW_new.cpp:144]   --->   Operation 125 'and' 'and_ln144_19' <Predicate = true> <Delay = 0.00> <CoreInst = "LogicGate">   --->   Core 74 'LogicGate' <Latency = 0> <II = 1> <Delay = 0.33> <FuncUnit> <Opcode : 'and' 'or' 'xor'> <InPorts = 2> <OutPorts = 1>
ST_2 : Operation 126 [1/1] (0.00ns) (grouped into LUT with out node and_ln144_44)   --->   "%trunc_ln144_84 = trunc i64 %mem_middle_key_mem_load" [Server/LZW_new.cpp:144]   --->   Operation 126 'trunc' 'trunc_ln144_84' <Predicate = true> <Delay = 0.00>
ST_2 : Operation 127 [1/1] (0.00ns) (grouped into LUT with out node and_ln144_44)   --->   "%and_ln144_20 = and i20 %trunc_ln144_26, i20 %trunc_ln144_25" [Server/LZW_new.cpp:144]   --->   Operation 127 'and' 'and_ln144_20' <Predicate = true> <Delay = 0.00> <CoreInst = "LogicGate">   --->   Core 74 'LogicGate' <Latency = 0> <II = 1> <Delay = 0.33> <FuncUnit> <Opcode : 'and' 'or' 'xor'> <InPorts = 2> <OutPorts = 1>
ST_2 : Operation 128 [1/1] (0.00ns) (grouped into LUT with out node and_ln144_43)   --->   "%trunc_ln144_85 = trunc i64 %mem_middle_key_mem_load" [Server/LZW_new.cpp:144]   --->   Operation 128 'trunc' 'trunc_ln144_85' <Predicate = true> <Delay = 0.00>
ST_2 : Operation 129 [1/1] (0.00ns) (grouped into LUT with out node and_ln144_43)   --->   "%and_ln144_21 = and i21 %trunc_ln144_24, i21 %trunc_ln144_23" [Server/LZW_new.cpp:144]   --->   Operation 129 'and' 'and_ln144_21' <Predicate = true> <Delay = 0.00> <CoreInst = "LogicGate">   --->   Core 74 'LogicGate' <Latency = 0> <II = 1> <Delay = 0.33> <FuncUnit> <Opcode : 'and' 'or' 'xor'> <InPorts = 2> <OutPorts = 1>
ST_2 : Operation 130 [1/1] (0.00ns) (grouped into LUT with out node and_ln144_42)   --->   "%trunc_ln144_86 = trunc i64 %mem_middle_key_mem_load" [Server/LZW_new.cpp:144]   --->   Operation 130 'trunc' 'trunc_ln144_86' <Predicate = true> <Delay = 0.00>
ST_2 : Operation 131 [1/1] (0.00ns) (grouped into LUT with out node and_ln144_42)   --->   "%and_ln144_22 = and i22 %trunc_ln144_22, i22 %trunc_ln144_21" [Server/LZW_new.cpp:144]   --->   Operation 131 'and' 'and_ln144_22' <Predicate = true> <Delay = 0.00> <CoreInst = "LogicGate">   --->   Core 74 'LogicGate' <Latency = 0> <II = 1> <Delay = 0.33> <FuncUnit> <Opcode : 'and' 'or' 'xor'> <InPorts = 2> <OutPorts = 1>
ST_2 : Operation 132 [1/1] (0.00ns) (grouped into LUT with out node and_ln144_41)   --->   "%trunc_ln144_87 = trunc i64 %mem_middle_key_mem_load" [Server/LZW_new.cpp:144]   --->   Operation 132 'trunc' 'trunc_ln144_87' <Predicate = true> <Delay = 0.00>
ST_2 : Operation 133 [1/1] (0.00ns) (grouped into LUT with out node and_ln144_41)   --->   "%and_ln144_23 = and i23 %trunc_ln144_20, i23 %trunc_ln144_19" [Server/LZW_new.cpp:144]   --->   Operation 133 'and' 'and_ln144_23' <Predicate = true> <Delay = 0.00> <CoreInst = "LogicGate">   --->   Core 74 'LogicGate' <Latency = 0> <II = 1> <Delay = 0.33> <FuncUnit> <Opcode : 'and' 'or' 'xor'> <InPorts = 2> <OutPorts = 1>
ST_2 : Operation 134 [1/1] (0.00ns) (grouped into LUT with out node and_ln144_40)   --->   "%trunc_ln144_88 = trunc i64 %mem_middle_key_mem_load" [Server/LZW_new.cpp:144]   --->   Operation 134 'trunc' 'trunc_ln144_88' <Predicate = true> <Delay = 0.00>
ST_2 : Operation 135 [1/1] (0.00ns) (grouped into LUT with out node and_ln144_40)   --->   "%and_ln144_24 = and i24 %trunc_ln144_18, i24 %trunc_ln144_17" [Server/LZW_new.cpp:144]   --->   Operation 135 'and' 'and_ln144_24' <Predicate = true> <Delay = 0.00> <CoreInst = "LogicGate">   --->   Core 74 'LogicGate' <Latency = 0> <II = 1> <Delay = 0.33> <FuncUnit> <Opcode : 'and' 'or' 'xor'> <InPorts = 2> <OutPorts = 1>
ST_2 : Operation 136 [1/1] (0.00ns) (grouped into LUT with out node and_ln144_39)   --->   "%trunc_ln144_89 = trunc i64 %mem_middle_key_mem_load" [Server/LZW_new.cpp:144]   --->   Operation 136 'trunc' 'trunc_ln144_89' <Predicate = true> <Delay = 0.00>
ST_2 : Operation 137 [1/1] (0.00ns) (grouped into LUT with out node and_ln144_39)   --->   "%and_ln144_25 = and i25 %trunc_ln144_16, i25 %trunc_ln144_15" [Server/LZW_new.cpp:144]   --->   Operation 137 'and' 'and_ln144_25' <Predicate = true> <Delay = 0.00> <CoreInst = "LogicGate">   --->   Core 74 'LogicGate' <Latency = 0> <II = 1> <Delay = 0.33> <FuncUnit> <Opcode : 'and' 'or' 'xor'> <InPorts = 2> <OutPorts = 1>
ST_2 : Operation 138 [1/1] (0.00ns) (grouped into LUT with out node and_ln144_38)   --->   "%trunc_ln144_90 = trunc i64 %mem_middle_key_mem_load" [Server/LZW_new.cpp:144]   --->   Operation 138 'trunc' 'trunc_ln144_90' <Predicate = true> <Delay = 0.00>
ST_2 : Operation 139 [1/1] (0.00ns) (grouped into LUT with out node and_ln144_38)   --->   "%and_ln144_26 = and i26 %trunc_ln144_14, i26 %trunc_ln144_13" [Server/LZW_new.cpp:144]   --->   Operation 139 'and' 'and_ln144_26' <Predicate = true> <Delay = 0.00> <CoreInst = "LogicGate">   --->   Core 74 'LogicGate' <Latency = 0> <II = 1> <Delay = 0.33> <FuncUnit> <Opcode : 'and' 'or' 'xor'> <InPorts = 2> <OutPorts = 1>
ST_2 : Operation 140 [1/1] (0.00ns) (grouped into LUT with out node and_ln144_37)   --->   "%trunc_ln144_91 = trunc i64 %mem_middle_key_mem_load" [Server/LZW_new.cpp:144]   --->   Operation 140 'trunc' 'trunc_ln144_91' <Predicate = true> <Delay = 0.00>
ST_2 : Operation 141 [1/1] (0.00ns) (grouped into LUT with out node and_ln144_37)   --->   "%and_ln144_27 = and i27 %trunc_ln144_12, i27 %trunc_ln144_11" [Server/LZW_new.cpp:144]   --->   Operation 141 'and' 'and_ln144_27' <Predicate = true> <Delay = 0.00> <CoreInst = "LogicGate">   --->   Core 74 'LogicGate' <Latency = 0> <II = 1> <Delay = 0.33> <FuncUnit> <Opcode : 'and' 'or' 'xor'> <InPorts = 2> <OutPorts = 1>
ST_2 : Operation 142 [1/1] (0.00ns) (grouped into LUT with out node and_ln144_36)   --->   "%trunc_ln144_92 = trunc i64 %mem_middle_key_mem_load" [Server/LZW_new.cpp:144]   --->   Operation 142 'trunc' 'trunc_ln144_92' <Predicate = true> <Delay = 0.00>
ST_2 : Operation 143 [1/1] (0.00ns) (grouped into LUT with out node and_ln144_36)   --->   "%and_ln144_28 = and i28 %trunc_ln144_10, i28 %trunc_ln144_9" [Server/LZW_new.cpp:144]   --->   Operation 143 'and' 'and_ln144_28' <Predicate = true> <Delay = 0.00> <CoreInst = "LogicGate">   --->   Core 74 'LogicGate' <Latency = 0> <II = 1> <Delay = 0.33> <FuncUnit> <Opcode : 'and' 'or' 'xor'> <InPorts = 2> <OutPorts = 1>
ST_2 : Operation 144 [1/1] (0.00ns) (grouped into LUT with out node and_ln144_35)   --->   "%trunc_ln144_93 = trunc i64 %mem_middle_key_mem_load" [Server/LZW_new.cpp:144]   --->   Operation 144 'trunc' 'trunc_ln144_93' <Predicate = true> <Delay = 0.00>
ST_2 : Operation 145 [1/1] (0.00ns) (grouped into LUT with out node and_ln144_35)   --->   "%and_ln144_29 = and i29 %trunc_ln144_8, i29 %trunc_ln144_7" [Server/LZW_new.cpp:144]   --->   Operation 145 'and' 'and_ln144_29' <Predicate = true> <Delay = 0.00> <CoreInst = "LogicGate">   --->   Core 74 'LogicGate' <Latency = 0> <II = 1> <Delay = 0.33> <FuncUnit> <Opcode : 'and' 'or' 'xor'> <InPorts = 2> <OutPorts = 1>
ST_2 : Operation 146 [1/1] (0.00ns) (grouped into LUT with out node and_ln144_34)   --->   "%trunc_ln144_94 = trunc i64 %mem_middle_key_mem_load" [Server/LZW_new.cpp:144]   --->   Operation 146 'trunc' 'trunc_ln144_94' <Predicate = true> <Delay = 0.00>
ST_2 : Operation 147 [1/1] (0.00ns) (grouped into LUT with out node and_ln144_34)   --->   "%and_ln144_30 = and i30 %trunc_ln144_6, i30 %trunc_ln144_5" [Server/LZW_new.cpp:144]   --->   Operation 147 'and' 'and_ln144_30' <Predicate = true> <Delay = 0.00> <CoreInst = "LogicGate">   --->   Core 74 'LogicGate' <Latency = 0> <II = 1> <Delay = 0.33> <FuncUnit> <Opcode : 'and' 'or' 'xor'> <InPorts = 2> <OutPorts = 1>
ST_2 : Operation 148 [1/1] (0.00ns) (grouped into LUT with out node and_ln144_33)   --->   "%trunc_ln144_95 = trunc i64 %mem_middle_key_mem_load" [Server/LZW_new.cpp:144]   --->   Operation 148 'trunc' 'trunc_ln144_95' <Predicate = true> <Delay = 0.00>
ST_2 : Operation 149 [1/1] (0.00ns) (grouped into LUT with out node and_ln144_33)   --->   "%and_ln144_31 = and i31 %trunc_ln144_4, i31 %trunc_ln144_3" [Server/LZW_new.cpp:144]   --->   Operation 149 'and' 'and_ln144_31' <Predicate = true> <Delay = 0.00> <CoreInst = "LogicGate">   --->   Core 74 'LogicGate' <Latency = 0> <II = 1> <Delay = 0.33> <FuncUnit> <Opcode : 'and' 'or' 'xor'> <InPorts = 2> <OutPorts = 1>
ST_2 : Operation 150 [1/1] (0.40ns) (out node of the LUT)   --->   "%match = and i32 %and_ln144, i32 %trunc_ln144_1" [Server/LZW_new.cpp:144]   --->   Operation 150 'and' 'match' <Predicate = true> <Delay = 0.40> <CoreInst = "LogicGate">   --->   Core 74 'LogicGate' <Latency = 0> <II = 1> <Delay = 0.33> <FuncUnit> <Opcode : 'and' 'or' 'xor'> <InPorts = 2> <OutPorts = 1>
ST_2 : Operation 151 [1/1] (0.36ns) (out node of the LUT)   --->   "%and_ln144_33 = and i31 %and_ln144_31, i31 %trunc_ln144_95" [Server/LZW_new.cpp:144]   --->   Operation 151 'and' 'and_ln144_33' <Predicate = true> <Delay = 0.36> <CoreInst = "LogicGate">   --->   Core 74 'LogicGate' <Latency = 0> <II = 1> <Delay = 0.33> <FuncUnit> <Opcode : 'and' 'or' 'xor'> <InPorts = 2> <OutPorts = 1>
ST_2 : Operation 152 [1/1] (0.33ns) (out node of the LUT)   --->   "%and_ln144_34 = and i30 %and_ln144_30, i30 %trunc_ln144_94" [Server/LZW_new.cpp:144]   --->   Operation 152 'and' 'and_ln144_34' <Predicate = true> <Delay = 0.33> <CoreInst = "LogicGate">   --->   Core 74 'LogicGate' <Latency = 0> <II = 1> <Delay = 0.33> <FuncUnit> <Opcode : 'and' 'or' 'xor'> <InPorts = 2> <OutPorts = 1>
ST_2 : Operation 153 [1/1] (0.29ns) (out node of the LUT)   --->   "%and_ln144_35 = and i29 %and_ln144_29, i29 %trunc_ln144_93" [Server/LZW_new.cpp:144]   --->   Operation 153 'and' 'and_ln144_35' <Predicate = true> <Delay = 0.29> <CoreInst = "LogicGate">   --->   Core 74 'LogicGate' <Latency = 0> <II = 1> <Delay = 0.33> <FuncUnit> <Opcode : 'and' 'or' 'xor'> <InPorts = 2> <OutPorts = 1>
ST_2 : Operation 154 [1/1] (0.26ns) (out node of the LUT)   --->   "%and_ln144_36 = and i28 %and_ln144_28, i28 %trunc_ln144_92" [Server/LZW_new.cpp:144]   --->   Operation 154 'and' 'and_ln144_36' <Predicate = true> <Delay = 0.26> <CoreInst = "LogicGate">   --->   Core 74 'LogicGate' <Latency = 0> <II = 1> <Delay = 0.33> <FuncUnit> <Opcode : 'and' 'or' 'xor'> <InPorts = 2> <OutPorts = 1>
ST_2 : Operation 155 [1/1] (0.29ns) (out node of the LUT)   --->   "%and_ln144_37 = and i27 %and_ln144_27, i27 %trunc_ln144_91" [Server/LZW_new.cpp:144]   --->   Operation 155 'and' 'and_ln144_37' <Predicate = true> <Delay = 0.29> <CoreInst = "LogicGate">   --->   Core 74 'LogicGate' <Latency = 0> <II = 1> <Delay = 0.33> <FuncUnit> <Opcode : 'and' 'or' 'xor'> <InPorts = 2> <OutPorts = 1>
ST_2 : Operation 156 [1/1] (0.33ns) (out node of the LUT)   --->   "%and_ln144_38 = and i26 %and_ln144_26, i26 %trunc_ln144_90" [Server/LZW_new.cpp:144]   --->   Operation 156 'and' 'and_ln144_38' <Predicate = true> <Delay = 0.33> <CoreInst = "LogicGate">   --->   Core 74 'LogicGate' <Latency = 0> <II = 1> <Delay = 0.33> <FuncUnit> <Opcode : 'and' 'or' 'xor'> <InPorts = 2> <OutPorts = 1>
ST_2 : Operation 157 [1/1] (0.36ns) (out node of the LUT)   --->   "%and_ln144_39 = and i25 %and_ln144_25, i25 %trunc_ln144_89" [Server/LZW_new.cpp:144]   --->   Operation 157 'and' 'and_ln144_39' <Predicate = true> <Delay = 0.36> <CoreInst = "LogicGate">   --->   Core 74 'LogicGate' <Latency = 0> <II = 1> <Delay = 0.33> <FuncUnit> <Opcode : 'and' 'or' 'xor'> <InPorts = 2> <OutPorts = 1>
ST_2 : Operation 158 [1/1] (0.40ns) (out node of the LUT)   --->   "%and_ln144_40 = and i24 %and_ln144_24, i24 %trunc_ln144_88" [Server/LZW_new.cpp:144]   --->   Operation 158 'and' 'and_ln144_40' <Predicate = true> <Delay = 0.40> <CoreInst = "LogicGate">   --->   Core 74 'LogicGate' <Latency = 0> <II = 1> <Delay = 0.33> <FuncUnit> <Opcode : 'and' 'or' 'xor'> <InPorts = 2> <OutPorts = 1>
ST_2 : Operation 159 [1/1] (0.40ns) (out node of the LUT)   --->   "%and_ln144_41 = and i23 %and_ln144_23, i23 %trunc_ln144_87" [Server/LZW_new.cpp:144]   --->   Operation 159 'and' 'and_ln144_41' <Predicate = true> <Delay = 0.40> <CoreInst = "LogicGate">   --->   Core 74 'LogicGate' <Latency = 0> <II = 1> <Delay = 0.33> <FuncUnit> <Opcode : 'and' 'or' 'xor'> <InPorts = 2> <OutPorts = 1>
ST_2 : Operation 160 [1/1] (0.40ns) (out node of the LUT)   --->   "%and_ln144_42 = and i22 %and_ln144_22, i22 %trunc_ln144_86" [Server/LZW_new.cpp:144]   --->   Operation 160 'and' 'and_ln144_42' <Predicate = true> <Delay = 0.40> <CoreInst = "LogicGate">   --->   Core 74 'LogicGate' <Latency = 0> <II = 1> <Delay = 0.33> <FuncUnit> <Opcode : 'and' 'or' 'xor'> <InPorts = 2> <OutPorts = 1>
ST_2 : Operation 161 [1/1] (0.40ns) (out node of the LUT)   --->   "%and_ln144_43 = and i21 %and_ln144_21, i21 %trunc_ln144_85" [Server/LZW_new.cpp:144]   --->   Operation 161 'and' 'and_ln144_43' <Predicate = true> <Delay = 0.40> <CoreInst = "LogicGate">   --->   Core 74 'LogicGate' <Latency = 0> <II = 1> <Delay = 0.33> <FuncUnit> <Opcode : 'and' 'or' 'xor'> <InPorts = 2> <OutPorts = 1>
ST_2 : Operation 162 [1/1] (0.40ns) (out node of the LUT)   --->   "%and_ln144_44 = and i20 %and_ln144_20, i20 %trunc_ln144_84" [Server/LZW_new.cpp:144]   --->   Operation 162 'and' 'and_ln144_44' <Predicate = true> <Delay = 0.40> <CoreInst = "LogicGate">   --->   Core 74 'LogicGate' <Latency = 0> <II = 1> <Delay = 0.33> <FuncUnit> <Opcode : 'and' 'or' 'xor'> <InPorts = 2> <OutPorts = 1>
ST_2 : Operation 163 [1/1] (0.41ns) (out node of the LUT)   --->   "%and_ln144_45 = and i19 %and_ln144_19, i19 %trunc_ln144_83" [Server/LZW_new.cpp:144]   --->   Operation 163 'and' 'and_ln144_45' <Predicate = true> <Delay = 0.41> <CoreInst = "LogicGate">   --->   Core 74 'LogicGate' <Latency = 0> <II = 1> <Delay = 0.33> <FuncUnit> <Opcode : 'and' 'or' 'xor'> <InPorts = 2> <OutPorts = 1>
ST_2 : Operation 164 [1/1] (0.42ns) (out node of the LUT)   --->   "%and_ln144_46 = and i18 %and_ln144_18, i18 %trunc_ln144_82" [Server/LZW_new.cpp:144]   --->   Operation 164 'and' 'and_ln144_46' <Predicate = true> <Delay = 0.42> <CoreInst = "LogicGate">   --->   Core 74 'LogicGate' <Latency = 0> <II = 1> <Delay = 0.33> <FuncUnit> <Opcode : 'and' 'or' 'xor'> <InPorts = 2> <OutPorts = 1>
ST_2 : Operation 165 [1/1] (0.43ns) (out node of the LUT)   --->   "%and_ln144_47 = and i17 %and_ln144_17, i17 %trunc_ln144_81" [Server/LZW_new.cpp:144]   --->   Operation 165 'and' 'and_ln144_47' <Predicate = true> <Delay = 0.43> <CoreInst = "LogicGate">   --->   Core 74 'LogicGate' <Latency = 0> <II = 1> <Delay = 0.33> <FuncUnit> <Opcode : 'and' 'or' 'xor'> <InPorts = 2> <OutPorts = 1>
ST_2 : Operation 166 [1/1] (0.44ns) (out node of the LUT)   --->   "%and_ln144_48 = and i16 %and_ln144_16, i16 %trunc_ln144_80" [Server/LZW_new.cpp:144]   --->   Operation 166 'and' 'and_ln144_48' <Predicate = true> <Delay = 0.44> <CoreInst = "LogicGate">   --->   Core 74 'LogicGate' <Latency = 0> <II = 1> <Delay = 0.33> <FuncUnit> <Opcode : 'and' 'or' 'xor'> <InPorts = 2> <OutPorts = 1>
ST_2 : Operation 167 [1/1] (0.42ns) (out node of the LUT)   --->   "%and_ln144_49 = and i15 %and_ln144_15, i15 %trunc_ln144_79" [Server/LZW_new.cpp:144]   --->   Operation 167 'and' 'and_ln144_49' <Predicate = true> <Delay = 0.42> <CoreInst = "LogicGate">   --->   Core 74 'LogicGate' <Latency = 0> <II = 1> <Delay = 0.33> <FuncUnit> <Opcode : 'and' 'or' 'xor'> <InPorts = 2> <OutPorts = 1>
ST_2 : Operation 168 [1/1] (0.40ns) (out node of the LUT)   --->   "%and_ln144_50 = and i14 %and_ln144_14, i14 %trunc_ln144_78" [Server/LZW_new.cpp:144]   --->   Operation 168 'and' 'and_ln144_50' <Predicate = true> <Delay = 0.40> <CoreInst = "LogicGate">   --->   Core 74 'LogicGate' <Latency = 0> <II = 1> <Delay = 0.33> <FuncUnit> <Opcode : 'and' 'or' 'xor'> <InPorts = 2> <OutPorts = 1>
ST_2 : Operation 169 [1/1] (0.39ns) (out node of the LUT)   --->   "%and_ln144_51 = and i13 %and_ln144_13, i13 %trunc_ln144_77" [Server/LZW_new.cpp:144]   --->   Operation 169 'and' 'and_ln144_51' <Predicate = true> <Delay = 0.39> <CoreInst = "LogicGate">   --->   Core 74 'LogicGate' <Latency = 0> <II = 1> <Delay = 0.33> <FuncUnit> <Opcode : 'and' 'or' 'xor'> <InPorts = 2> <OutPorts = 1>
ST_2 : Operation 170 [1/1] (0.39ns) (out node of the LUT)   --->   "%and_ln144_52 = and i12 %and_ln144_12, i12 %trunc_ln144_76" [Server/LZW_new.cpp:144]   --->   Operation 170 'and' 'and_ln144_52' <Predicate = true> <Delay = 0.39> <CoreInst = "LogicGate">   --->   Core 74 'LogicGate' <Latency = 0> <II = 1> <Delay = 0.33> <FuncUnit> <Opcode : 'and' 'or' 'xor'> <InPorts = 2> <OutPorts = 1>
ST_2 : Operation 171 [1/1] (0.39ns) (out node of the LUT)   --->   "%and_ln144_53 = and i11 %and_ln144_11, i11 %trunc_ln144_75" [Server/LZW_new.cpp:144]   --->   Operation 171 'and' 'and_ln144_53' <Predicate = true> <Delay = 0.39> <CoreInst = "LogicGate">   --->   Core 74 'LogicGate' <Latency = 0> <II = 1> <Delay = 0.33> <FuncUnit> <Opcode : 'and' 'or' 'xor'> <InPorts = 2> <OutPorts = 1>
ST_2 : Operation 172 [1/1] (0.40ns) (out node of the LUT)   --->   "%and_ln144_54 = and i10 %and_ln144_10, i10 %trunc_ln144_74" [Server/LZW_new.cpp:144]   --->   Operation 172 'and' 'and_ln144_54' <Predicate = true> <Delay = 0.40> <CoreInst = "LogicGate">   --->   Core 74 'LogicGate' <Latency = 0> <II = 1> <Delay = 0.33> <FuncUnit> <Opcode : 'and' 'or' 'xor'> <InPorts = 2> <OutPorts = 1>
ST_2 : Operation 173 [1/1] (0.39ns) (out node of the LUT)   --->   "%and_ln144_55 = and i9 %and_ln144_9, i9 %trunc_ln144_73" [Server/LZW_new.cpp:144]   --->   Operation 173 'and' 'and_ln144_55' <Predicate = true> <Delay = 0.39> <CoreInst = "LogicGate">   --->   Core 74 'LogicGate' <Latency = 0> <II = 1> <Delay = 0.33> <FuncUnit> <Opcode : 'and' 'or' 'xor'> <InPorts = 2> <OutPorts = 1>
ST_2 : Operation 174 [1/1] (0.38ns) (out node of the LUT)   --->   "%and_ln144_56 = and i8 %and_ln144_8, i8 %trunc_ln144_72" [Server/LZW_new.cpp:144]   --->   Operation 174 'and' 'and_ln144_56' <Predicate = true> <Delay = 0.38> <CoreInst = "LogicGate">   --->   Core 74 'LogicGate' <Latency = 0> <II = 1> <Delay = 0.33> <FuncUnit> <Opcode : 'and' 'or' 'xor'> <InPorts = 2> <OutPorts = 1>
ST_2 : Operation 175 [1/1] (0.40ns) (out node of the LUT)   --->   "%and_ln144_57 = and i7 %and_ln144_7, i7 %trunc_ln144_71" [Server/LZW_new.cpp:144]   --->   Operation 175 'and' 'and_ln144_57' <Predicate = true> <Delay = 0.40> <CoreInst = "LogicGate">   --->   Core 74 'LogicGate' <Latency = 0> <II = 1> <Delay = 0.33> <FuncUnit> <Opcode : 'and' 'or' 'xor'> <InPorts = 2> <OutPorts = 1>
ST_2 : Operation 176 [1/1] (0.40ns) (out node of the LUT)   --->   "%and_ln144_58 = and i6 %and_ln144_6, i6 %trunc_ln144_70" [Server/LZW_new.cpp:144]   --->   Operation 176 'and' 'and_ln144_58' <Predicate = true> <Delay = 0.40> <CoreInst = "LogicGate">   --->   Core 74 'LogicGate' <Latency = 0> <II = 1> <Delay = 0.33> <FuncUnit> <Opcode : 'and' 'or' 'xor'> <InPorts = 2> <OutPorts = 1>
ST_2 : Operation 177 [1/1] (0.24ns) (out node of the LUT)   --->   "%and_ln144_59 = and i5 %and_ln144_5, i5 %trunc_ln144_69" [Server/LZW_new.cpp:144]   --->   Operation 177 'and' 'and_ln144_59' <Predicate = true> <Delay = 0.24> <CoreInst = "LogicGate">   --->   Core 74 'LogicGate' <Latency = 0> <II = 1> <Delay = 0.33> <FuncUnit> <Opcode : 'and' 'or' 'xor'> <InPorts = 2> <OutPorts = 1>
ST_2 : Operation 178 [1/1] (0.40ns) (out node of the LUT)   --->   "%and_ln144_60 = and i4 %and_ln144_4, i4 %trunc_ln144_68" [Server/LZW_new.cpp:144]   --->   Operation 178 'and' 'and_ln144_60' <Predicate = true> <Delay = 0.40> <CoreInst = "LogicGate">   --->   Core 74 'LogicGate' <Latency = 0> <II = 1> <Delay = 0.33> <FuncUnit> <Opcode : 'and' 'or' 'xor'> <InPorts = 2> <OutPorts = 1>
ST_2 : Operation 179 [1/1] (0.19ns) (out node of the LUT)   --->   "%and_ln144_61 = and i3 %and_ln144_3, i3 %trunc_ln144_67" [Server/LZW_new.cpp:144]   --->   Operation 179 'and' 'and_ln144_61' <Predicate = true> <Delay = 0.19> <CoreInst = "LogicGate">   --->   Core 74 'LogicGate' <Latency = 0> <II = 1> <Delay = 0.33> <FuncUnit> <Opcode : 'and' 'or' 'xor'> <InPorts = 2> <OutPorts = 1>
ST_2 : Operation 180 [1/1] (0.33ns) (out node of the LUT)   --->   "%and_ln144_62 = and i2 %and_ln144_2, i2 %trunc_ln144_66" [Server/LZW_new.cpp:144]   --->   Operation 180 'and' 'and_ln144_62' <Predicate = true> <Delay = 0.33> <CoreInst = "LogicGate">   --->   Core 74 'LogicGate' <Latency = 0> <II = 1> <Delay = 0.33> <FuncUnit> <Opcode : 'and' 'or' 'xor'> <InPorts = 2> <OutPorts = 1>
ST_2 : Operation 181 [1/1] (0.33ns) (out node of the LUT)   --->   "%and_ln144_63 = and i1 %and_ln144_1, i1 %trunc_ln144_65" [Server/LZW_new.cpp:144]   --->   Operation 181 'and' 'and_ln144_63' <Predicate = true> <Delay = 0.33> <CoreInst = "LogicGate">   --->   Core 74 'LogicGate' <Latency = 0> <II = 1> <Delay = 0.33> <FuncUnit> <Opcode : 'and' 'or' 'xor'> <InPorts = 2> <OutPorts = 1>
ST_2 : Operation 182 [1/1] (0.93ns)   --->   "%br_ln150 = br i1 %and_ln144_63, void, void %select.unfold" [Server/LZW_new.cpp:150]   --->   Operation 182 'br' 'br_ln150' <Predicate = true> <Delay = 0.93>
ST_2 : Operation 183 [1/1] (0.00ns)   --->   "%tmp = bitselect i1 @_ssdm_op_BitSelect.i1.i2.i32, i2 %and_ln144_62, i32 1" [Server/LZW_new.cpp:150]   --->   Operation 183 'bitselect' 'tmp' <Predicate = (!and_ln144_63)> <Delay = 0.00>
ST_2 : Operation 184 [1/1] (0.93ns)   --->   "%br_ln150 = br i1 %tmp, void, void %select.unfold" [Server/LZW_new.cpp:150]   --->   Operation 184 'br' 'br_ln150' <Predicate = (!and_ln144_63)> <Delay = 0.93>
ST_2 : Operation 185 [1/1] (0.00ns)   --->   "%tmp_8 = bitselect i1 @_ssdm_op_BitSelect.i1.i3.i32, i3 %and_ln144_61, i32 2" [Server/LZW_new.cpp:150]   --->   Operation 185 'bitselect' 'tmp_8' <Predicate = (!and_ln144_63 & !tmp)> <Delay = 0.00>
ST_2 : Operation 186 [1/1] (0.93ns)   --->   "%br_ln150 = br i1 %tmp_8, void, void %select.unfold" [Server/LZW_new.cpp:150]   --->   Operation 186 'br' 'br_ln150' <Predicate = (!and_ln144_63 & !tmp)> <Delay = 0.93>
ST_2 : Operation 187 [1/1] (0.00ns)   --->   "%tmp_9 = bitselect i1 @_ssdm_op_BitSelect.i1.i4.i32, i4 %and_ln144_60, i32 3" [Server/LZW_new.cpp:150]   --->   Operation 187 'bitselect' 'tmp_9' <Predicate = (!and_ln144_63 & !tmp & !tmp_8)> <Delay = 0.00>
ST_2 : Operation 188 [1/1] (0.93ns)   --->   "%br_ln150 = br i1 %tmp_9, void, void %select.unfold" [Server/LZW_new.cpp:150]   --->   Operation 188 'br' 'br_ln150' <Predicate = (!and_ln144_63 & !tmp & !tmp_8)> <Delay = 0.93>
ST_2 : Operation 189 [1/1] (0.00ns)   --->   "%tmp_10 = bitselect i1 @_ssdm_op_BitSelect.i1.i5.i32, i5 %and_ln144_59, i32 4" [Server/LZW_new.cpp:150]   --->   Operation 189 'bitselect' 'tmp_10' <Predicate = (!and_ln144_63 & !tmp & !tmp_8 & !tmp_9)> <Delay = 0.00>
ST_2 : Operation 190 [1/1] (0.93ns)   --->   "%br_ln150 = br i1 %tmp_10, void, void %select.unfold" [Server/LZW_new.cpp:150]   --->   Operation 190 'br' 'br_ln150' <Predicate = (!and_ln144_63 & !tmp & !tmp_8 & !tmp_9)> <Delay = 0.93>
ST_2 : Operation 191 [1/1] (0.00ns)   --->   "%tmp_11 = bitselect i1 @_ssdm_op_BitSelect.i1.i6.i32, i6 %and_ln144_58, i32 5" [Server/LZW_new.cpp:150]   --->   Operation 191 'bitselect' 'tmp_11' <Predicate = (!and_ln144_63 & !tmp & !tmp_8 & !tmp_9 & !tmp_10)> <Delay = 0.00>
ST_2 : Operation 192 [1/1] (0.93ns)   --->   "%br_ln150 = br i1 %tmp_11, void, void %select.unfold" [Server/LZW_new.cpp:150]   --->   Operation 192 'br' 'br_ln150' <Predicate = (!and_ln144_63 & !tmp & !tmp_8 & !tmp_9 & !tmp_10)> <Delay = 0.93>
ST_2 : Operation 193 [1/1] (0.00ns)   --->   "%tmp_12 = bitselect i1 @_ssdm_op_BitSelect.i1.i7.i32, i7 %and_ln144_57, i32 6" [Server/LZW_new.cpp:150]   --->   Operation 193 'bitselect' 'tmp_12' <Predicate = (!and_ln144_63 & !tmp & !tmp_8 & !tmp_9 & !tmp_10 & !tmp_11)> <Delay = 0.00>
ST_2 : Operation 194 [1/1] (0.93ns)   --->   "%br_ln150 = br i1 %tmp_12, void, void %select.unfold" [Server/LZW_new.cpp:150]   --->   Operation 194 'br' 'br_ln150' <Predicate = (!and_ln144_63 & !tmp & !tmp_8 & !tmp_9 & !tmp_10 & !tmp_11)> <Delay = 0.93>
ST_2 : Operation 195 [1/1] (0.00ns)   --->   "%tmp_13 = bitselect i1 @_ssdm_op_BitSelect.i1.i8.i32, i8 %and_ln144_56, i32 7" [Server/LZW_new.cpp:150]   --->   Operation 195 'bitselect' 'tmp_13' <Predicate = (!and_ln144_63 & !tmp & !tmp_8 & !tmp_9 & !tmp_10 & !tmp_11 & !tmp_12)> <Delay = 0.00>
ST_2 : Operation 196 [1/1] (0.93ns)   --->   "%br_ln150 = br i1 %tmp_13, void, void %select.unfold" [Server/LZW_new.cpp:150]   --->   Operation 196 'br' 'br_ln150' <Predicate = (!and_ln144_63 & !tmp & !tmp_8 & !tmp_9 & !tmp_10 & !tmp_11 & !tmp_12)> <Delay = 0.93>
ST_2 : Operation 197 [1/1] (0.00ns)   --->   "%tmp_14 = bitselect i1 @_ssdm_op_BitSelect.i1.i9.i32, i9 %and_ln144_55, i32 8" [Server/LZW_new.cpp:150]   --->   Operation 197 'bitselect' 'tmp_14' <Predicate = (!and_ln144_63 & !tmp & !tmp_8 & !tmp_9 & !tmp_10 & !tmp_11 & !tmp_12 & !tmp_13)> <Delay = 0.00>
ST_2 : Operation 198 [1/1] (0.93ns)   --->   "%br_ln150 = br i1 %tmp_14, void, void %select.unfold" [Server/LZW_new.cpp:150]   --->   Operation 198 'br' 'br_ln150' <Predicate = (!and_ln144_63 & !tmp & !tmp_8 & !tmp_9 & !tmp_10 & !tmp_11 & !tmp_12 & !tmp_13)> <Delay = 0.93>
ST_2 : Operation 199 [1/1] (0.00ns)   --->   "%tmp_15 = bitselect i1 @_ssdm_op_BitSelect.i1.i10.i32, i10 %and_ln144_54, i32 9" [Server/LZW_new.cpp:150]   --->   Operation 199 'bitselect' 'tmp_15' <Predicate = (!and_ln144_63 & !tmp & !tmp_8 & !tmp_9 & !tmp_10 & !tmp_11 & !tmp_12 & !tmp_13 & !tmp_14)> <Delay = 0.00>
ST_2 : Operation 200 [1/1] (0.93ns)   --->   "%br_ln150 = br i1 %tmp_15, void, void %select.unfold" [Server/LZW_new.cpp:150]   --->   Operation 200 'br' 'br_ln150' <Predicate = (!and_ln144_63 & !tmp & !tmp_8 & !tmp_9 & !tmp_10 & !tmp_11 & !tmp_12 & !tmp_13 & !tmp_14)> <Delay = 0.93>
ST_2 : Operation 201 [1/1] (0.00ns)   --->   "%tmp_16 = bitselect i1 @_ssdm_op_BitSelect.i1.i11.i32, i11 %and_ln144_53, i32 10" [Server/LZW_new.cpp:150]   --->   Operation 201 'bitselect' 'tmp_16' <Predicate = (!and_ln144_63 & !tmp & !tmp_8 & !tmp_9 & !tmp_10 & !tmp_11 & !tmp_12 & !tmp_13 & !tmp_14 & !tmp_15)> <Delay = 0.00>
ST_2 : Operation 202 [1/1] (0.93ns)   --->   "%br_ln150 = br i1 %tmp_16, void, void %select.unfold" [Server/LZW_new.cpp:150]   --->   Operation 202 'br' 'br_ln150' <Predicate = (!and_ln144_63 & !tmp & !tmp_8 & !tmp_9 & !tmp_10 & !tmp_11 & !tmp_12 & !tmp_13 & !tmp_14 & !tmp_15)> <Delay = 0.93>
ST_2 : Operation 203 [1/1] (0.00ns)   --->   "%tmp_17 = bitselect i1 @_ssdm_op_BitSelect.i1.i12.i32, i12 %and_ln144_52, i32 11" [Server/LZW_new.cpp:150]   --->   Operation 203 'bitselect' 'tmp_17' <Predicate = (!and_ln144_63 & !tmp & !tmp_8 & !tmp_9 & !tmp_10 & !tmp_11 & !tmp_12 & !tmp_13 & !tmp_14 & !tmp_15 & !tmp_16)> <Delay = 0.00>
ST_2 : Operation 204 [1/1] (0.93ns)   --->   "%br_ln150 = br i1 %tmp_17, void, void %select.unfold" [Server/LZW_new.cpp:150]   --->   Operation 204 'br' 'br_ln150' <Predicate = (!and_ln144_63 & !tmp & !tmp_8 & !tmp_9 & !tmp_10 & !tmp_11 & !tmp_12 & !tmp_13 & !tmp_14 & !tmp_15 & !tmp_16)> <Delay = 0.93>
ST_2 : Operation 205 [1/1] (0.00ns)   --->   "%tmp_18 = bitselect i1 @_ssdm_op_BitSelect.i1.i13.i32, i13 %and_ln144_51, i32 12" [Server/LZW_new.cpp:150]   --->   Operation 205 'bitselect' 'tmp_18' <Predicate = (!and_ln144_63 & !tmp & !tmp_8 & !tmp_9 & !tmp_10 & !tmp_11 & !tmp_12 & !tmp_13 & !tmp_14 & !tmp_15 & !tmp_16 & !tmp_17)> <Delay = 0.00>
ST_2 : Operation 206 [1/1] (0.93ns)   --->   "%br_ln150 = br i1 %tmp_18, void, void %select.unfold" [Server/LZW_new.cpp:150]   --->   Operation 206 'br' 'br_ln150' <Predicate = (!and_ln144_63 & !tmp & !tmp_8 & !tmp_9 & !tmp_10 & !tmp_11 & !tmp_12 & !tmp_13 & !tmp_14 & !tmp_15 & !tmp_16 & !tmp_17)> <Delay = 0.93>
ST_2 : Operation 207 [1/1] (0.00ns)   --->   "%tmp_19 = bitselect i1 @_ssdm_op_BitSelect.i1.i14.i32, i14 %and_ln144_50, i32 13" [Server/LZW_new.cpp:150]   --->   Operation 207 'bitselect' 'tmp_19' <Predicate = (!and_ln144_63 & !tmp & !tmp_8 & !tmp_9 & !tmp_10 & !tmp_11 & !tmp_12 & !tmp_13 & !tmp_14 & !tmp_15 & !tmp_16 & !tmp_17 & !tmp_18)> <Delay = 0.00>
ST_2 : Operation 208 [1/1] (0.93ns)   --->   "%br_ln150 = br i1 %tmp_19, void, void %select.unfold" [Server/LZW_new.cpp:150]   --->   Operation 208 'br' 'br_ln150' <Predicate = (!and_ln144_63 & !tmp & !tmp_8 & !tmp_9 & !tmp_10 & !tmp_11 & !tmp_12 & !tmp_13 & !tmp_14 & !tmp_15 & !tmp_16 & !tmp_17 & !tmp_18)> <Delay = 0.93>
ST_2 : Operation 209 [1/1] (0.00ns)   --->   "%tmp_20 = bitselect i1 @_ssdm_op_BitSelect.i1.i15.i32, i15 %and_ln144_49, i32 14" [Server/LZW_new.cpp:150]   --->   Operation 209 'bitselect' 'tmp_20' <Predicate = (!and_ln144_63 & !tmp & !tmp_8 & !tmp_9 & !tmp_10 & !tmp_11 & !tmp_12 & !tmp_13 & !tmp_14 & !tmp_15 & !tmp_16 & !tmp_17 & !tmp_18 & !tmp_19)> <Delay = 0.00>
ST_2 : Operation 210 [1/1] (0.93ns)   --->   "%br_ln150 = br i1 %tmp_20, void, void %select.unfold" [Server/LZW_new.cpp:150]   --->   Operation 210 'br' 'br_ln150' <Predicate = (!and_ln144_63 & !tmp & !tmp_8 & !tmp_9 & !tmp_10 & !tmp_11 & !tmp_12 & !tmp_13 & !tmp_14 & !tmp_15 & !tmp_16 & !tmp_17 & !tmp_18 & !tmp_19)> <Delay = 0.93>
ST_2 : Operation 211 [1/1] (0.00ns)   --->   "%tmp_21 = bitselect i1 @_ssdm_op_BitSelect.i1.i16.i32, i16 %and_ln144_48, i32 15" [Server/LZW_new.cpp:150]   --->   Operation 211 'bitselect' 'tmp_21' <Predicate = (!and_ln144_63 & !tmp & !tmp_8 & !tmp_9 & !tmp_10 & !tmp_11 & !tmp_12 & !tmp_13 & !tmp_14 & !tmp_15 & !tmp_16 & !tmp_17 & !tmp_18 & !tmp_19 & !tmp_20)> <Delay = 0.00>
ST_2 : Operation 212 [1/1] (0.93ns)   --->   "%br_ln150 = br i1 %tmp_21, void, void %select.unfold" [Server/LZW_new.cpp:150]   --->   Operation 212 'br' 'br_ln150' <Predicate = (!and_ln144_63 & !tmp & !tmp_8 & !tmp_9 & !tmp_10 & !tmp_11 & !tmp_12 & !tmp_13 & !tmp_14 & !tmp_15 & !tmp_16 & !tmp_17 & !tmp_18 & !tmp_19 & !tmp_20)> <Delay = 0.93>
ST_2 : Operation 213 [1/1] (0.00ns)   --->   "%tmp_22 = bitselect i1 @_ssdm_op_BitSelect.i1.i17.i32, i17 %and_ln144_47, i32 16" [Server/LZW_new.cpp:150]   --->   Operation 213 'bitselect' 'tmp_22' <Predicate = (!and_ln144_63 & !tmp & !tmp_8 & !tmp_9 & !tmp_10 & !tmp_11 & !tmp_12 & !tmp_13 & !tmp_14 & !tmp_15 & !tmp_16 & !tmp_17 & !tmp_18 & !tmp_19 & !tmp_20 & !tmp_21)> <Delay = 0.00>
ST_2 : Operation 214 [1/1] (0.93ns)   --->   "%br_ln150 = br i1 %tmp_22, void, void %select.unfold" [Server/LZW_new.cpp:150]   --->   Operation 214 'br' 'br_ln150' <Predicate = (!and_ln144_63 & !tmp & !tmp_8 & !tmp_9 & !tmp_10 & !tmp_11 & !tmp_12 & !tmp_13 & !tmp_14 & !tmp_15 & !tmp_16 & !tmp_17 & !tmp_18 & !tmp_19 & !tmp_20 & !tmp_21)> <Delay = 0.93>
ST_2 : Operation 215 [1/1] (0.00ns)   --->   "%tmp_23 = bitselect i1 @_ssdm_op_BitSelect.i1.i18.i32, i18 %and_ln144_46, i32 17" [Server/LZW_new.cpp:150]   --->   Operation 215 'bitselect' 'tmp_23' <Predicate = (!and_ln144_63 & !tmp & !tmp_8 & !tmp_9 & !tmp_10 & !tmp_11 & !tmp_12 & !tmp_13 & !tmp_14 & !tmp_15 & !tmp_16 & !tmp_17 & !tmp_18 & !tmp_19 & !tmp_20 & !tmp_21 & !tmp_22)> <Delay = 0.00>
ST_2 : Operation 216 [1/1] (0.93ns)   --->   "%br_ln150 = br i1 %tmp_23, void, void %select.unfold" [Server/LZW_new.cpp:150]   --->   Operation 216 'br' 'br_ln150' <Predicate = (!and_ln144_63 & !tmp & !tmp_8 & !tmp_9 & !tmp_10 & !tmp_11 & !tmp_12 & !tmp_13 & !tmp_14 & !tmp_15 & !tmp_16 & !tmp_17 & !tmp_18 & !tmp_19 & !tmp_20 & !tmp_21 & !tmp_22)> <Delay = 0.93>
ST_2 : Operation 217 [1/1] (0.00ns)   --->   "%tmp_24 = bitselect i1 @_ssdm_op_BitSelect.i1.i19.i32, i19 %and_ln144_45, i32 18" [Server/LZW_new.cpp:150]   --->   Operation 217 'bitselect' 'tmp_24' <Predicate = (!and_ln144_63 & !tmp & !tmp_8 & !tmp_9 & !tmp_10 & !tmp_11 & !tmp_12 & !tmp_13 & !tmp_14 & !tmp_15 & !tmp_16 & !tmp_17 & !tmp_18 & !tmp_19 & !tmp_20 & !tmp_21 & !tmp_22 & !tmp_23)> <Delay = 0.00>
ST_2 : Operation 218 [1/1] (0.93ns)   --->   "%br_ln150 = br i1 %tmp_24, void, void %select.unfold" [Server/LZW_new.cpp:150]   --->   Operation 218 'br' 'br_ln150' <Predicate = (!and_ln144_63 & !tmp & !tmp_8 & !tmp_9 & !tmp_10 & !tmp_11 & !tmp_12 & !tmp_13 & !tmp_14 & !tmp_15 & !tmp_16 & !tmp_17 & !tmp_18 & !tmp_19 & !tmp_20 & !tmp_21 & !tmp_22 & !tmp_23)> <Delay = 0.93>
ST_2 : Operation 219 [1/1] (0.00ns)   --->   "%tmp_25 = bitselect i1 @_ssdm_op_BitSelect.i1.i20.i32, i20 %and_ln144_44, i32 19" [Server/LZW_new.cpp:150]   --->   Operation 219 'bitselect' 'tmp_25' <Predicate = (!and_ln144_63 & !tmp & !tmp_8 & !tmp_9 & !tmp_10 & !tmp_11 & !tmp_12 & !tmp_13 & !tmp_14 & !tmp_15 & !tmp_16 & !tmp_17 & !tmp_18 & !tmp_19 & !tmp_20 & !tmp_21 & !tmp_22 & !tmp_23 & !tmp_24)> <Delay = 0.00>
ST_2 : Operation 220 [1/1] (0.93ns)   --->   "%br_ln150 = br i1 %tmp_25, void, void %select.unfold" [Server/LZW_new.cpp:150]   --->   Operation 220 'br' 'br_ln150' <Predicate = (!and_ln144_63 & !tmp & !tmp_8 & !tmp_9 & !tmp_10 & !tmp_11 & !tmp_12 & !tmp_13 & !tmp_14 & !tmp_15 & !tmp_16 & !tmp_17 & !tmp_18 & !tmp_19 & !tmp_20 & !tmp_21 & !tmp_22 & !tmp_23 & !tmp_24)> <Delay = 0.93>
ST_2 : Operation 221 [1/1] (0.00ns)   --->   "%tmp_26 = bitselect i1 @_ssdm_op_BitSelect.i1.i21.i32, i21 %and_ln144_43, i32 20" [Server/LZW_new.cpp:150]   --->   Operation 221 'bitselect' 'tmp_26' <Predicate = (!and_ln144_63 & !tmp & !tmp_8 & !tmp_9 & !tmp_10 & !tmp_11 & !tmp_12 & !tmp_13 & !tmp_14 & !tmp_15 & !tmp_16 & !tmp_17 & !tmp_18 & !tmp_19 & !tmp_20 & !tmp_21 & !tmp_22 & !tmp_23 & !tmp_24 & !tmp_25)> <Delay = 0.00>
ST_2 : Operation 222 [1/1] (0.93ns)   --->   "%br_ln150 = br i1 %tmp_26, void, void %select.unfold" [Server/LZW_new.cpp:150]   --->   Operation 222 'br' 'br_ln150' <Predicate = (!and_ln144_63 & !tmp & !tmp_8 & !tmp_9 & !tmp_10 & !tmp_11 & !tmp_12 & !tmp_13 & !tmp_14 & !tmp_15 & !tmp_16 & !tmp_17 & !tmp_18 & !tmp_19 & !tmp_20 & !tmp_21 & !tmp_22 & !tmp_23 & !tmp_24 & !tmp_25)> <Delay = 0.93>
ST_2 : Operation 223 [1/1] (0.00ns)   --->   "%tmp_27 = bitselect i1 @_ssdm_op_BitSelect.i1.i22.i32, i22 %and_ln144_42, i32 21" [Server/LZW_new.cpp:150]   --->   Operation 223 'bitselect' 'tmp_27' <Predicate = (!and_ln144_63 & !tmp & !tmp_8 & !tmp_9 & !tmp_10 & !tmp_11 & !tmp_12 & !tmp_13 & !tmp_14 & !tmp_15 & !tmp_16 & !tmp_17 & !tmp_18 & !tmp_19 & !tmp_20 & !tmp_21 & !tmp_22 & !tmp_23 & !tmp_24 & !tmp_25 & !tmp_26)> <Delay = 0.00>
ST_2 : Operation 224 [1/1] (0.93ns)   --->   "%br_ln150 = br i1 %tmp_27, void, void %select.unfold" [Server/LZW_new.cpp:150]   --->   Operation 224 'br' 'br_ln150' <Predicate = (!and_ln144_63 & !tmp & !tmp_8 & !tmp_9 & !tmp_10 & !tmp_11 & !tmp_12 & !tmp_13 & !tmp_14 & !tmp_15 & !tmp_16 & !tmp_17 & !tmp_18 & !tmp_19 & !tmp_20 & !tmp_21 & !tmp_22 & !tmp_23 & !tmp_24 & !tmp_25 & !tmp_26)> <Delay = 0.93>
ST_2 : Operation 225 [1/1] (0.00ns)   --->   "%tmp_28 = bitselect i1 @_ssdm_op_BitSelect.i1.i23.i32, i23 %and_ln144_41, i32 22" [Server/LZW_new.cpp:150]   --->   Operation 225 'bitselect' 'tmp_28' <Predicate = (!and_ln144_63 & !tmp & !tmp_8 & !tmp_9 & !tmp_10 & !tmp_11 & !tmp_12 & !tmp_13 & !tmp_14 & !tmp_15 & !tmp_16 & !tmp_17 & !tmp_18 & !tmp_19 & !tmp_20 & !tmp_21 & !tmp_22 & !tmp_23 & !tmp_24 & !tmp_25 & !tmp_26 & !tmp_27)> <Delay = 0.00>
ST_2 : Operation 226 [1/1] (0.93ns)   --->   "%br_ln150 = br i1 %tmp_28, void, void %select.unfold" [Server/LZW_new.cpp:150]   --->   Operation 226 'br' 'br_ln150' <Predicate = (!and_ln144_63 & !tmp & !tmp_8 & !tmp_9 & !tmp_10 & !tmp_11 & !tmp_12 & !tmp_13 & !tmp_14 & !tmp_15 & !tmp_16 & !tmp_17 & !tmp_18 & !tmp_19 & !tmp_20 & !tmp_21 & !tmp_22 & !tmp_23 & !tmp_24 & !tmp_25 & !tmp_26 & !tmp_27)> <Delay = 0.93>
ST_2 : Operation 227 [1/1] (0.00ns)   --->   "%tmp_29 = bitselect i1 @_ssdm_op_BitSelect.i1.i24.i32, i24 %and_ln144_40, i32 23" [Server/LZW_new.cpp:150]   --->   Operation 227 'bitselect' 'tmp_29' <Predicate = (!and_ln144_63 & !tmp & !tmp_8 & !tmp_9 & !tmp_10 & !tmp_11 & !tmp_12 & !tmp_13 & !tmp_14 & !tmp_15 & !tmp_16 & !tmp_17 & !tmp_18 & !tmp_19 & !tmp_20 & !tmp_21 & !tmp_22 & !tmp_23 & !tmp_24 & !tmp_25 & !tmp_26 & !tmp_27 & !tmp_28)> <Delay = 0.00>
ST_2 : Operation 228 [1/1] (0.93ns)   --->   "%br_ln150 = br i1 %tmp_29, void, void %select.unfold" [Server/LZW_new.cpp:150]   --->   Operation 228 'br' 'br_ln150' <Predicate = (!and_ln144_63 & !tmp & !tmp_8 & !tmp_9 & !tmp_10 & !tmp_11 & !tmp_12 & !tmp_13 & !tmp_14 & !tmp_15 & !tmp_16 & !tmp_17 & !tmp_18 & !tmp_19 & !tmp_20 & !tmp_21 & !tmp_22 & !tmp_23 & !tmp_24 & !tmp_25 & !tmp_26 & !tmp_27 & !tmp_28)> <Delay = 0.93>
ST_2 : Operation 229 [1/1] (0.00ns)   --->   "%tmp_30 = bitselect i1 @_ssdm_op_BitSelect.i1.i25.i32, i25 %and_ln144_39, i32 24" [Server/LZW_new.cpp:150]   --->   Operation 229 'bitselect' 'tmp_30' <Predicate = (!and_ln144_63 & !tmp & !tmp_8 & !tmp_9 & !tmp_10 & !tmp_11 & !tmp_12 & !tmp_13 & !tmp_14 & !tmp_15 & !tmp_16 & !tmp_17 & !tmp_18 & !tmp_19 & !tmp_20 & !tmp_21 & !tmp_22 & !tmp_23 & !tmp_24 & !tmp_25 & !tmp_26 & !tmp_27 & !tmp_28 & !tmp_29)> <Delay = 0.00>
ST_2 : Operation 230 [1/1] (0.93ns)   --->   "%br_ln150 = br i1 %tmp_30, void, void %select.unfold" [Server/LZW_new.cpp:150]   --->   Operation 230 'br' 'br_ln150' <Predicate = (!and_ln144_63 & !tmp & !tmp_8 & !tmp_9 & !tmp_10 & !tmp_11 & !tmp_12 & !tmp_13 & !tmp_14 & !tmp_15 & !tmp_16 & !tmp_17 & !tmp_18 & !tmp_19 & !tmp_20 & !tmp_21 & !tmp_22 & !tmp_23 & !tmp_24 & !tmp_25 & !tmp_26 & !tmp_27 & !tmp_28 & !tmp_29)> <Delay = 0.93>
ST_2 : Operation 231 [1/1] (0.00ns)   --->   "%tmp_31 = bitselect i1 @_ssdm_op_BitSelect.i1.i26.i32, i26 %and_ln144_38, i32 25" [Server/LZW_new.cpp:150]   --->   Operation 231 'bitselect' 'tmp_31' <Predicate = (!and_ln144_63 & !tmp & !tmp_8 & !tmp_9 & !tmp_10 & !tmp_11 & !tmp_12 & !tmp_13 & !tmp_14 & !tmp_15 & !tmp_16 & !tmp_17 & !tmp_18 & !tmp_19 & !tmp_20 & !tmp_21 & !tmp_22 & !tmp_23 & !tmp_24 & !tmp_25 & !tmp_26 & !tmp_27 & !tmp_28 & !tmp_29 & !tmp_30)> <Delay = 0.00>
ST_2 : Operation 232 [1/1] (0.93ns)   --->   "%br_ln150 = br i1 %tmp_31, void, void %select.unfold" [Server/LZW_new.cpp:150]   --->   Operation 232 'br' 'br_ln150' <Predicate = (!and_ln144_63 & !tmp & !tmp_8 & !tmp_9 & !tmp_10 & !tmp_11 & !tmp_12 & !tmp_13 & !tmp_14 & !tmp_15 & !tmp_16 & !tmp_17 & !tmp_18 & !tmp_19 & !tmp_20 & !tmp_21 & !tmp_22 & !tmp_23 & !tmp_24 & !tmp_25 & !tmp_26 & !tmp_27 & !tmp_28 & !tmp_29 & !tmp_30)> <Delay = 0.93>
ST_2 : Operation 233 [1/1] (0.00ns)   --->   "%tmp_32 = bitselect i1 @_ssdm_op_BitSelect.i1.i27.i32, i27 %and_ln144_37, i32 26" [Server/LZW_new.cpp:150]   --->   Operation 233 'bitselect' 'tmp_32' <Predicate = (!and_ln144_63 & !tmp & !tmp_8 & !tmp_9 & !tmp_10 & !tmp_11 & !tmp_12 & !tmp_13 & !tmp_14 & !tmp_15 & !tmp_16 & !tmp_17 & !tmp_18 & !tmp_19 & !tmp_20 & !tmp_21 & !tmp_22 & !tmp_23 & !tmp_24 & !tmp_25 & !tmp_26 & !tmp_27 & !tmp_28 & !tmp_29 & !tmp_30 & !tmp_31)> <Delay = 0.00>
ST_2 : Operation 234 [1/1] (0.93ns)   --->   "%br_ln150 = br i1 %tmp_32, void, void %select.unfold" [Server/LZW_new.cpp:150]   --->   Operation 234 'br' 'br_ln150' <Predicate = (!and_ln144_63 & !tmp & !tmp_8 & !tmp_9 & !tmp_10 & !tmp_11 & !tmp_12 & !tmp_13 & !tmp_14 & !tmp_15 & !tmp_16 & !tmp_17 & !tmp_18 & !tmp_19 & !tmp_20 & !tmp_21 & !tmp_22 & !tmp_23 & !tmp_24 & !tmp_25 & !tmp_26 & !tmp_27 & !tmp_28 & !tmp_29 & !tmp_30 & !tmp_31)> <Delay = 0.93>
ST_2 : Operation 235 [1/1] (0.00ns)   --->   "%tmp_33 = bitselect i1 @_ssdm_op_BitSelect.i1.i28.i32, i28 %and_ln144_36, i32 27" [Server/LZW_new.cpp:150]   --->   Operation 235 'bitselect' 'tmp_33' <Predicate = (!and_ln144_63 & !tmp & !tmp_8 & !tmp_9 & !tmp_10 & !tmp_11 & !tmp_12 & !tmp_13 & !tmp_14 & !tmp_15 & !tmp_16 & !tmp_17 & !tmp_18 & !tmp_19 & !tmp_20 & !tmp_21 & !tmp_22 & !tmp_23 & !tmp_24 & !tmp_25 & !tmp_26 & !tmp_27 & !tmp_28 & !tmp_29 & !tmp_30 & !tmp_31 & !tmp_32)> <Delay = 0.00>
ST_2 : Operation 236 [1/1] (0.93ns)   --->   "%br_ln150 = br i1 %tmp_33, void, void %select.unfold" [Server/LZW_new.cpp:150]   --->   Operation 236 'br' 'br_ln150' <Predicate = (!and_ln144_63 & !tmp & !tmp_8 & !tmp_9 & !tmp_10 & !tmp_11 & !tmp_12 & !tmp_13 & !tmp_14 & !tmp_15 & !tmp_16 & !tmp_17 & !tmp_18 & !tmp_19 & !tmp_20 & !tmp_21 & !tmp_22 & !tmp_23 & !tmp_24 & !tmp_25 & !tmp_26 & !tmp_27 & !tmp_28 & !tmp_29 & !tmp_30 & !tmp_31 & !tmp_32)> <Delay = 0.93>
ST_2 : Operation 237 [1/1] (0.00ns)   --->   "%tmp_34 = bitselect i1 @_ssdm_op_BitSelect.i1.i29.i32, i29 %and_ln144_35, i32 28" [Server/LZW_new.cpp:150]   --->   Operation 237 'bitselect' 'tmp_34' <Predicate = (!and_ln144_63 & !tmp & !tmp_8 & !tmp_9 & !tmp_10 & !tmp_11 & !tmp_12 & !tmp_13 & !tmp_14 & !tmp_15 & !tmp_16 & !tmp_17 & !tmp_18 & !tmp_19 & !tmp_20 & !tmp_21 & !tmp_22 & !tmp_23 & !tmp_24 & !tmp_25 & !tmp_26 & !tmp_27 & !tmp_28 & !tmp_29 & !tmp_30 & !tmp_31 & !tmp_32 & !tmp_33)> <Delay = 0.00>
ST_2 : Operation 238 [1/1] (0.93ns)   --->   "%br_ln150 = br i1 %tmp_34, void, void %select.unfold" [Server/LZW_new.cpp:150]   --->   Operation 238 'br' 'br_ln150' <Predicate = (!and_ln144_63 & !tmp & !tmp_8 & !tmp_9 & !tmp_10 & !tmp_11 & !tmp_12 & !tmp_13 & !tmp_14 & !tmp_15 & !tmp_16 & !tmp_17 & !tmp_18 & !tmp_19 & !tmp_20 & !tmp_21 & !tmp_22 & !tmp_23 & !tmp_24 & !tmp_25 & !tmp_26 & !tmp_27 & !tmp_28 & !tmp_29 & !tmp_30 & !tmp_31 & !tmp_32 & !tmp_33)> <Delay = 0.93>
ST_2 : Operation 239 [1/1] (0.00ns)   --->   "%tmp_35 = bitselect i1 @_ssdm_op_BitSelect.i1.i30.i32, i30 %and_ln144_34, i32 29" [Server/LZW_new.cpp:150]   --->   Operation 239 'bitselect' 'tmp_35' <Predicate = (!and_ln144_63 & !tmp & !tmp_8 & !tmp_9 & !tmp_10 & !tmp_11 & !tmp_12 & !tmp_13 & !tmp_14 & !tmp_15 & !tmp_16 & !tmp_17 & !tmp_18 & !tmp_19 & !tmp_20 & !tmp_21 & !tmp_22 & !tmp_23 & !tmp_24 & !tmp_25 & !tmp_26 & !tmp_27 & !tmp_28 & !tmp_29 & !tmp_30 & !tmp_31 & !tmp_32 & !tmp_33 & !tmp_34)> <Delay = 0.00>
ST_2 : Operation 240 [1/1] (0.93ns)   --->   "%br_ln150 = br i1 %tmp_35, void, void %select.unfold" [Server/LZW_new.cpp:150]   --->   Operation 240 'br' 'br_ln150' <Predicate = (!and_ln144_63 & !tmp & !tmp_8 & !tmp_9 & !tmp_10 & !tmp_11 & !tmp_12 & !tmp_13 & !tmp_14 & !tmp_15 & !tmp_16 & !tmp_17 & !tmp_18 & !tmp_19 & !tmp_20 & !tmp_21 & !tmp_22 & !tmp_23 & !tmp_24 & !tmp_25 & !tmp_26 & !tmp_27 & !tmp_28 & !tmp_29 & !tmp_30 & !tmp_31 & !tmp_32 & !tmp_33 & !tmp_34)> <Delay = 0.93>
ST_2 : Operation 241 [1/1] (0.00ns)   --->   "%tmp_36 = bitselect i1 @_ssdm_op_BitSelect.i1.i31.i32, i31 %and_ln144_33, i32 30" [Server/LZW_new.cpp:150]   --->   Operation 241 'bitselect' 'tmp_36' <Predicate = (!and_ln144_63 & !tmp & !tmp_8 & !tmp_9 & !tmp_10 & !tmp_11 & !tmp_12 & !tmp_13 & !tmp_14 & !tmp_15 & !tmp_16 & !tmp_17 & !tmp_18 & !tmp_19 & !tmp_20 & !tmp_21 & !tmp_22 & !tmp_23 & !tmp_24 & !tmp_25 & !tmp_26 & !tmp_27 & !tmp_28 & !tmp_29 & !tmp_30 & !tmp_31 & !tmp_32 & !tmp_33 & !tmp_34 & !tmp_35)> <Delay = 0.00>
ST_2 : Operation 242 [1/1] (0.93ns)   --->   "%br_ln150 = br i1 %tmp_36, void, void %select.unfold" [Server/LZW_new.cpp:150]   --->   Operation 242 'br' 'br_ln150' <Predicate = (!and_ln144_63 & !tmp & !tmp_8 & !tmp_9 & !tmp_10 & !tmp_11 & !tmp_12 & !tmp_13 & !tmp_14 & !tmp_15 & !tmp_16 & !tmp_17 & !tmp_18 & !tmp_19 & !tmp_20 & !tmp_21 & !tmp_22 & !tmp_23 & !tmp_24 & !tmp_25 & !tmp_26 & !tmp_27 & !tmp_28 & !tmp_29 & !tmp_30 & !tmp_31 & !tmp_32 & !tmp_33 & !tmp_34 & !tmp_35)> <Delay = 0.93>
ST_2 : Operation 243 [1/1] (0.00ns)   --->   "%tmp_37 = bitselect i1 @_ssdm_op_BitSelect.i1.i32.i32, i32 %match, i32 31" [Server/LZW_new.cpp:150]   --->   Operation 243 'bitselect' 'tmp_37' <Predicate = (!and_ln144_63 & !tmp & !tmp_8 & !tmp_9 & !tmp_10 & !tmp_11 & !tmp_12 & !tmp_13 & !tmp_14 & !tmp_15 & !tmp_16 & !tmp_17 & !tmp_18 & !tmp_19 & !tmp_20 & !tmp_21 & !tmp_22 & !tmp_23 & !tmp_24 & !tmp_25 & !tmp_26 & !tmp_27 & !tmp_28 & !tmp_29 & !tmp_30 & !tmp_31 & !tmp_32 & !tmp_33 & !tmp_34 & !tmp_35 & !tmp_36)> <Delay = 0.00>
ST_2 : Operation 244 [1/1] (0.93ns)   --->   "%br_ln150 = br i1 %tmp_37, void %.loopexit4, void %select.unfold" [Server/LZW_new.cpp:150]   --->   Operation 244 'br' 'br_ln150' <Predicate = (!and_ln144_63 & !tmp & !tmp_8 & !tmp_9 & !tmp_10 & !tmp_11 & !tmp_12 & !tmp_13 & !tmp_14 & !tmp_15 & !tmp_16 & !tmp_17 & !tmp_18 & !tmp_19 & !tmp_20 & !tmp_21 & !tmp_22 & !tmp_23 & !tmp_24 & !tmp_25 & !tmp_26 & !tmp_27 & !tmp_28 & !tmp_29 & !tmp_30 & !tmp_31 & !tmp_32 & !tmp_33 & !tmp_34 & !tmp_35 & !tmp_36)> <Delay = 0.93>

State 3 <SV = 2> <Delay = 0.79>
ST_3 : Operation 245 [1/1] (0.00ns)   --->   "%address_02_ph = phi i5 0, void, i5 1, void, i5 2, void, i5 3, void, i5 4, void, i5 5, void, i5 6, void, i5 7, void, i5 8, void, i5 9, void, i5 10, void, i5 11, void, i5 12, void, i5 13, void, i5 14, void, i5 15, void, i5 16, void, i5 17, void, i5 18, void, i5 19, void, i5 20, void, i5 21, void, i5 22, void, i5 23, void, i5 24, void, i5 25, void, i5 26, void, i5 27, void, i5 28, void, i5 29, void, i5 30, void, i5 31, void"   --->   Operation 245 'phi' 'address_02_ph' <Predicate = true> <Delay = 0.00>
ST_3 : Operation 246 [1/1] (0.00ns)   --->   "%zext_ln157 = zext i5 %address_02_ph" [Server/LZW_new.cpp:157]   --->   Operation 246 'zext' 'zext_ln157' <Predicate = true> <Delay = 0.00>
ST_3 : Operation 247 [1/1] (0.00ns)   --->   "%mem_value_addr = getelementptr i12 %mem_value, i64 0, i64 %zext_ln157" [Server/LZW_new.cpp:157]   --->   Operation 247 'getelementptr' 'mem_value_addr' <Predicate = true> <Delay = 0.00>
ST_3 : Operation 248 [2/2] (0.79ns)   --->   "%mem_value_load = load i6 %mem_value_addr" [Server/LZW_new.cpp:157]   --->   Operation 248 'load' 'mem_value_load' <Predicate = true> <Delay = 0.79> <CoreInst = "RAM">   --->   Core 83 'RAM' <Latency = 1> <II = 1> <Delay = 0.79> <Storage> <Opcode : 'load' 'store'> <Ports = 2> <Width = 12> <Depth = 64> <RAM>

State 4 <SV = 3> <Delay = 0.79>
ST_4 : Operation 249 [1/2] (0.79ns)   --->   "%mem_value_load = load i6 %mem_value_addr" [Server/LZW_new.cpp:157]   --->   Operation 249 'load' 'mem_value_load' <Predicate = true> <Delay = 0.79> <CoreInst = "RAM">   --->   Core 83 'RAM' <Latency = 1> <II = 1> <Delay = 0.79> <Storage> <Opcode : 'load' 'store'> <Ports = 2> <Width = 12> <Depth = 64> <RAM>
ST_4 : Operation 250 [1/1] (0.48ns)   --->   "%br_ln163 = br void %.loopexit4" [Server/LZW_new.cpp:163]   --->   Operation 250 'br' 'br_ln163' <Predicate = true> <Delay = 0.48>

State 5 <SV = 4> <Delay = 0.00>
ST_5 : Operation 251 [1/1] (0.00ns)   --->   "%phi_ln169 = phi i12 %mem_value_load, void %select.unfold, i12 0, void" [Server/LZW_new.cpp:169]   --->   Operation 251 'phi' 'phi_ln169' <Predicate = true> <Delay = 0.00>
ST_5 : Operation 252 [1/1] (0.00ns)   --->   "%hit_0 = phi i1 1, void %select.unfold, i1 0, void"   --->   Operation 252 'phi' 'hit_0' <Predicate = true> <Delay = 0.00>
ST_5 : Operation 253 [1/1] (0.00ns)   --->   "%zext_ln169 = zext i12 %phi_ln169" [Server/LZW_new.cpp:169]   --->   Operation 253 'zext' 'zext_ln169' <Predicate = true> <Delay = 0.00>
ST_5 : Operation 254 [1/1] (0.00ns)   --->   "%mrv = insertvalue i33 <undef>, i1 %hit_0" [Server/LZW_new.cpp:169]   --->   Operation 254 'insertvalue' 'mrv' <Predicate = true> <Delay = 0.00>
ST_5 : Operation 255 [1/1] (0.00ns)   --->   "%mrv_1 = insertvalue i33 %mrv, i32 %zext_ln169" [Server/LZW_new.cpp:169]   --->   Operation 255 'insertvalue' 'mrv_1' <Predicate = true> <Delay = 0.00>
ST_5 : Operation 256 [1/1] (0.00ns)   --->   "%ret_ln169 = ret i33 %mrv_1" [Server/LZW_new.cpp:169]   --->   Operation 256 'ret' 'ret_ln169' <Predicate = true> <Delay = 0.00>


============================================================
+ Verbose Summary: Timing violations
============================================================
Target clock period: 6.67ns, clock uncertainty: 1.8ns.

 <State 1>: 1.35ns
The critical path consists of the following:
	wire read on port 'key' (Server/LZW_new.cpp:140) [6]  (0 ns)
	'getelementptr' operation ('mem_upper_key_mem_addr', Server/LZW_new.cpp:140) [10]  (0 ns)
	'load' operation ('mem_upper_key_mem_load', Server/LZW_new.cpp:140) on array 'mem_upper_key_mem' [11]  (1.35 ns)

 <State 2>: 2.73ns
The critical path consists of the following:
	'load' operation ('mem_upper_key_mem_load', Server/LZW_new.cpp:140) on array 'mem_upper_key_mem' [11]  (1.35 ns)
	'and' operation ('and_ln144_16', Server/LZW_new.cpp:144) [116]  (0 ns)
	'and' operation ('and_ln144_48', Server/LZW_new.cpp:144) [163]  (0.441 ns)
	multiplexor before 'phi' operation ('address_02_ph') [274]  (0.933 ns)

 <State 3>: 0.79ns
The critical path consists of the following:
	'phi' operation ('address_02_ph') [274]  (0 ns)
	'getelementptr' operation ('mem_value_addr', Server/LZW_new.cpp:157) [276]  (0 ns)
	'load' operation ('mem_value_load', Server/LZW_new.cpp:157) on array 'mem_value' [277]  (0.79 ns)

 <State 4>: 0.79ns
The critical path consists of the following:
	'load' operation ('mem_value_load', Server/LZW_new.cpp:157) on array 'mem_value' [277]  (0.79 ns)

 <State 5>: 0ns
The critical path consists of the following:


============================================================
+ Verbose Summary: Binding
============================================================
N/A
* FSMD analyzer results:
  - Output states:
 - Input state : 
  - Chain level:
	State 1
	State 2
	State 3
	State 4
	State 5


============================================================
+ Verbose Summary: Datapath Resource usage 
============================================================
N/A
