

================================================================
== Vitis HLS Report for 'write_output'
================================================================
* Date:           Sat Dec  9 20:27:38 2023

* Version:        2020.2 (Build 3064766 on Wed Nov 18 09:12:47 MST 2020)
* Project:        final_project
* Solution:       solution1 (Vitis Kernel Flow Target)
* Product family: zynquplus
* Target device:  xczu3eg-sbva484-1-i


================================================================
== Performance Estimates
================================================================
+ Timing: 
    * Summary: 
    +--------+---------+----------+------------+
    |  Clock |  Target | Estimated| Uncertainty|
    +--------+---------+----------+------------+
    |ap_clk  |  6.67 ns|  4.867 ns|     1.80 ns|
    +--------+---------+----------+------------+

+ Latency: 
    * Summary: 
    +---------+---------+----------+----------+-----+-----+---------+
    |  Latency (cycles) |  Latency (absolute) |  Interval | Pipeline|
    |   min   |   max   |    min   |    max   | min | max |   Type  |
    +---------+---------+----------+----------+-----+-----+---------+
    |        1|        ?|  6.667 ns|         ?|    1|    ?|     none|
    +---------+---------+----------+----------+-----+-----+---------+

    + Detail: 
        * Instance: 
        N/A

        * Loop: 
        +--------------------+---------+---------+----------+-----------+-----------+-------+----------+
        |                    |  Latency (cycles) | Iteration|  Initiation Interval  |  Trip |          |
        |      Loop Name     |   min   |   max   |  Latency |  achieved |   target  | Count | Pipelined|
        +--------------------+---------+---------+----------+-----------+-----------+-------+----------+
        |- VITIS_LOOP_269_1  |        2|        ?|         3|          1|          1|  1 ~ ?|       yes|
        +--------------------+---------+---------+----------+-----------+-----------+-------+----------+

============================================================
+ Verbose Summary: Synthesis Manager
============================================================
InlineROM: 1
ExposeGlobal: 0
============================================================
+ Verbose Summary: CDFG Model
============================================================
IsTopModel: 0
ResetActiveHigh: 1
IsCombinational: 2
IsDatapathOnly: 0
HasWiredReturn: 1
HasMFsm: 0
HasVarLatency: 1
IsPipeline: 0
IsRtlPipelined: 0
IsInstanceOverlapped: 0
IsDontTouch: 0
HasImplIP: 0
IsGatedGlobalClock: 0

+ Individual pipeline summary: 
  * Pipeline-0: initiation interval (II) = 1, depth = 3


============================================================
+ Verbose Summary: Schedule
============================================================
* Number of FSM states : 73
* Pipeline : 1
  Pipeline-0 : II = 1, D = 3, States = { 3 4 5 }
* Dataflow Pipeline: 0

* FSM state transitions: 
1 --> 2 73 
2 --> 3 
3 --> 6 4 
4 --> 5 
5 --> 3 
6 --> 7 
7 --> 8 
8 --> 9 
9 --> 10 
10 --> 11 
11 --> 12 
12 --> 13 
13 --> 14 
14 --> 15 
15 --> 16 
16 --> 17 
17 --> 18 
18 --> 19 
19 --> 20 
20 --> 21 
21 --> 22 
22 --> 23 
23 --> 24 
24 --> 25 
25 --> 26 
26 --> 27 
27 --> 28 
28 --> 29 
29 --> 30 
30 --> 31 
31 --> 32 
32 --> 33 
33 --> 34 
34 --> 35 
35 --> 36 
36 --> 37 
37 --> 38 
38 --> 39 
39 --> 40 
40 --> 41 
41 --> 42 
42 --> 43 
43 --> 44 
44 --> 45 
45 --> 46 
46 --> 47 
47 --> 48 
48 --> 49 
49 --> 50 
50 --> 51 
51 --> 52 
52 --> 53 
53 --> 54 
54 --> 55 
55 --> 56 
56 --> 57 
57 --> 58 
58 --> 59 
59 --> 60 
60 --> 61 
61 --> 62 
62 --> 63 
63 --> 64 
64 --> 65 
65 --> 66 
66 --> 67 
67 --> 68 
68 --> 69 
69 --> 70 
70 --> 71 
71 --> 72 
72 --> 73 
73 --> 

* FSM state operations: 

State 1 <SV = 0> <Delay = 2.16>
ST_1 : Operation 74 [1/1] (0.00ns)   --->   "%compress_size_read = read i32 @_ssdm_op_Read.ap_auto.volatile.i32P0A, i32 %compress_size" [Server/LZW_new.cpp:268]   --->   Operation 74 'read' 'compress_size_read' <Predicate = true> <Delay = 0.00>
ST_1 : Operation 75 [1/1] (0.00ns)   --->   "%specinterface_ln0 = specinterface void @_ssdm_op_SpecInterface, i16 %output_stream, void @empty_6, i32 0, i32 0, void @empty_15, i32 0, i32 0, void @empty_15, void @empty_15, void @empty_15, i32 0, i32 0, i32 0, i32 0, void @empty_15, void @empty_15"   --->   Operation 75 'specinterface' 'specinterface_ln0' <Predicate = true> <Delay = 0.00>
ST_1 : Operation 76 [1/1] (0.00ns)   --->   "%specinterface_ln0 = specinterface void @_ssdm_op_SpecInterface, i16 %HP3, void @empty_13, i32 0, i32 0, void @empty_15, i32 64, i32 0, void @empty_16, void @empty_14, void @empty_15, i32 16, i32 16, i32 16, i32 16, void @empty_15, void @empty_15"   --->   Operation 76 'specinterface' 'specinterface_ln0' <Predicate = true> <Delay = 0.00>
ST_1 : Operation 77 [1/1] (0.00ns)   --->   "%specinterface_ln0 = specinterface void @_ssdm_op_SpecInterface, i64 %output_r, void @ap_fifo_str, i32 0, i32 0, void @p_str, i32 0, i32 0, void @p_str, void @p_str, void @p_str, i32 2, i32 2, i32 16, i32 16, void @p_str, void @ScalarProp_str"   --->   Operation 77 'specinterface' 'specinterface_ln0' <Predicate = true> <Delay = 0.00>
ST_1 : Operation 78 [1/1] (2.16ns)   --->   "%output_read = read i64 @_ssdm_op_Read.ap_fifo.i64P0A, i64 %output_r" [Server/LZW_new.cpp:268]   --->   Operation 78 'read' 'output_read' <Predicate = true> <Delay = 2.16> <CoreInst = "FIFO_SRL">   --->   Core 81 'FIFO_SRL' <Latency = 0> <II = 1> <Delay = 2.16> <Storage> <Opcode : 'read' 'write' 'nbread' 'nbwrite'> <Ports = 0> <Width = 64> <Depth = 4> <FIFO>
ST_1 : Operation 79 [1/1] (0.00ns)   --->   "%specinterface_ln0 = specinterface void @_ssdm_op_SpecInterface, i16 %output_stream, void @empty_6, i32 0, i32 0, void @empty_15, i32 0, i32 0, void @empty_15, void @empty_15, void @empty_15, i32 0, i32 0, i32 0, i32 0, void @empty_15, void @empty_15"   --->   Operation 79 'specinterface' 'specinterface_ln0' <Predicate = true> <Delay = 0.00>
ST_1 : Operation 80 [1/1] (0.00ns)   --->   "%specinterface_ln0 = specinterface void @_ssdm_op_SpecInterface, i16 %HP3, void @empty_13, i32 0, i32 0, void @empty_15, i32 64, i32 0, void @empty_16, void @empty_14, void @empty_15, i32 16, i32 16, i32 16, i32 16, void @empty_15, void @empty_15"   --->   Operation 80 'specinterface' 'specinterface_ln0' <Predicate = true> <Delay = 0.00>
ST_1 : Operation 81 [1/1] (1.11ns)   --->   "%icmp_ln269 = icmp_sgt  i32 %compress_size_read, i32 0" [Server/LZW_new.cpp:269]   --->   Operation 81 'icmp' 'icmp_ln269' <Predicate = true> <Delay = 1.11> <CoreInst = "Cmp">   --->   Core 9 'Cmp' <Latency = 0> <II = 1> <Delay = 1.09> <FuncUnit> <Opcode : 'icmp'> <InPorts = 2> <OutPorts = 1>
ST_1 : Operation 82 [1/1] (0.00ns)   --->   "%br_ln269 = br i1 %icmp_ln269, void %.exit, void %.lr.ph.i" [Server/LZW_new.cpp:269]   --->   Operation 82 'br' 'br_ln269' <Predicate = true> <Delay = 0.00>
ST_1 : Operation 83 [1/1] (0.00ns)   --->   "%trunc_ln269_1 = partselect i63 @_ssdm_op_PartSelect.i63.i64.i32.i32, i64 %output_read, i32 1, i32 63" [Server/LZW_new.cpp:269]   --->   Operation 83 'partselect' 'trunc_ln269_1' <Predicate = (icmp_ln269)> <Delay = 0.00>
ST_1 : Operation 84 [1/1] (0.00ns)   --->   "%sext_ln269 = sext i63 %trunc_ln269_1" [Server/LZW_new.cpp:269]   --->   Operation 84 'sext' 'sext_ln269' <Predicate = (icmp_ln269)> <Delay = 0.00>
ST_1 : Operation 85 [1/1] (0.00ns)   --->   "%HP3_addr = getelementptr i16 %HP3, i64 %sext_ln269" [Server/LZW_new.cpp:269]   --->   Operation 85 'getelementptr' 'HP3_addr' <Predicate = (icmp_ln269)> <Delay = 0.00>

State 2 <SV = 1> <Delay = 4.86>
ST_2 : Operation 86 [1/1] (0.00ns)   --->   "%trunc_ln269 = trunc i32 %compress_size_read" [Server/LZW_new.cpp:269]   --->   Operation 86 'trunc' 'trunc_ln269' <Predicate = true> <Delay = 0.00>
ST_2 : Operation 87 [1/1] (4.86ns)   --->   "%empty = writereq i1 @_ssdm_op_WriteReq.m_axi.p1i16, i16 %HP3_addr, i32 %compress_size_read" [Server/LZW_new.cpp:269]   --->   Operation 87 'writereq' 'empty' <Predicate = true> <Delay = 4.86> <CoreInst = "m_axi">   --->   Core 121 'm_axi' <Latency = 6> <II = 1> <Delay = 1.00> <Adapter> <Opcode : 'read' 'write' 'readreq' 'writereq' 'writeresp'>
ST_2 : Operation 88 [1/1] (0.48ns)   --->   "%br_ln269 = br void" [Server/LZW_new.cpp:269]   --->   Operation 88 'br' 'br_ln269' <Predicate = true> <Delay = 0.48>

State 3 <SV = 2> <Delay = 1.19>
ST_3 : Operation 89 [1/1] (0.00ns)   --->   "%i = phi i31 %add_ln269, void %.split.i, i31 0, void %.lr.ph.i" [Server/LZW_new.cpp:269]   --->   Operation 89 'phi' 'i' <Predicate = true> <Delay = 0.00>
ST_3 : Operation 90 [1/1] (1.19ns)   --->   "%add_ln269 = add i31 %i, i31 1" [Server/LZW_new.cpp:269]   --->   Operation 90 'add' 'add_ln269' <Predicate = true> <Delay = 1.19> <CoreInst = "Adder">   --->   Core 1 'Adder' <Latency = 0> <II = 1> <Delay = 1.19> <FuncUnit> <Opcode : 'add' 'sub'> <InPorts = 2> <OutPorts = 1>
ST_3 : Operation 91 [1/1] (0.00ns)   --->   "%specpipeline_ln0 = specpipeline void @_ssdm_op_SpecPipeline, i32 4294967295, i32 0, i32 1, i32 0, void @p_str"   --->   Operation 91 'specpipeline' 'specpipeline_ln0' <Predicate = true> <Delay = 0.00>
ST_3 : Operation 92 [1/1] (1.09ns)   --->   "%icmp_ln269_1 = icmp_eq  i31 %i, i31 %trunc_ln269" [Server/LZW_new.cpp:269]   --->   Operation 92 'icmp' 'icmp_ln269_1' <Predicate = true> <Delay = 1.09> <CoreInst = "Cmp">   --->   Core 9 'Cmp' <Latency = 0> <II = 1> <Delay = 1.09> <FuncUnit> <Opcode : 'icmp'> <InPorts = 2> <OutPorts = 1>
ST_3 : Operation 93 [1/1] (0.00ns)   --->   "%empty_42 = speclooptripcount i32 @_ssdm_op_SpecLoopTripCount, i64 1, i64 18446744073709551615, i64 0"   --->   Operation 93 'speclooptripcount' 'empty_42' <Predicate = true> <Delay = 0.00>
ST_3 : Operation 94 [1/1] (0.00ns)   --->   "%br_ln269 = br i1 %icmp_ln269_1, void %.split.i, void %._crit_edge.loopexit.i" [Server/LZW_new.cpp:269]   --->   Operation 94 'br' 'br_ln269' <Predicate = true> <Delay = 0.00>

State 4 <SV = 3> <Delay = 1.97>
ST_4 : Operation 95 [1/1] (1.97ns)   --->   "%tmp = read i16 @_ssdm_op_Read.ap_fifo.volatile.i16P0A, i16 %output_stream" [/mnt/pollux/software/xilinx/2020.2/Vitis_HLS/2020.2/common/technology/autopilot/hls_stream_39.h:145]   --->   Operation 95 'read' 'tmp' <Predicate = (!icmp_ln269_1)> <Delay = 1.97> <CoreInst = "FIFO">   --->   Core 78 'FIFO' <Latency = 0> <II = 1> <Delay = 1.97> <Storage> <Opcode : 'read' 'write' 'nbread' 'nbwrite'> <Ports = 0> <Width = 16> <Depth = 75> <FIFO>

State 5 <SV = 4> <Delay = 4.86>
ST_5 : Operation 96 [1/1] (0.00ns)   --->   "%specloopname_ln269 = specloopname void @_ssdm_op_SpecLoopName, void @empty_20" [Server/LZW_new.cpp:269]   --->   Operation 96 'specloopname' 'specloopname_ln269' <Predicate = (!icmp_ln269_1)> <Delay = 0.00>
ST_5 : Operation 97 [1/1] (4.86ns)   --->   "%write_ln270 = write void @_ssdm_op_Write.m_axi.p1i16, i16 %HP3_addr, i16 %tmp, i2 3" [Server/LZW_new.cpp:270]   --->   Operation 97 'write' 'write_ln270' <Predicate = (!icmp_ln269_1)> <Delay = 4.86> <CoreInst = "m_axi">   --->   Core 121 'm_axi' <Latency = 6> <II = 1> <Delay = 1.00> <Adapter> <Opcode : 'read' 'write' 'readreq' 'writereq' 'writeresp'>
ST_5 : Operation 98 [1/1] (0.00ns)   --->   "%br_ln0 = br void"   --->   Operation 98 'br' 'br_ln0' <Predicate = (!icmp_ln269_1)> <Delay = 0.00>

State 6 <SV = 3> <Delay = 4.86>
ST_6 : Operation 99 [68/68] (4.86ns)   --->   "%empty_43 = writeresp i1 @_ssdm_op_WriteResp.m_axi.p1i16, i16 %HP3_addr" [Server/LZW_new.cpp:272]   --->   Operation 99 'writeresp' 'empty_43' <Predicate = true> <Delay = 4.86> <CoreInst = "m_axi">   --->   Core 121 'm_axi' <Latency = 6> <II = 1> <Delay = 1.00> <Adapter> <Opcode : 'read' 'write' 'readreq' 'writereq' 'writeresp'>

State 7 <SV = 4> <Delay = 4.86>
ST_7 : Operation 100 [67/68] (4.86ns)   --->   "%empty_43 = writeresp i1 @_ssdm_op_WriteResp.m_axi.p1i16, i16 %HP3_addr" [Server/LZW_new.cpp:272]   --->   Operation 100 'writeresp' 'empty_43' <Predicate = true> <Delay = 4.86> <CoreInst = "m_axi">   --->   Core 121 'm_axi' <Latency = 6> <II = 1> <Delay = 1.00> <Adapter> <Opcode : 'read' 'write' 'readreq' 'writereq' 'writeresp'>

State 8 <SV = 5> <Delay = 4.86>
ST_8 : Operation 101 [66/68] (4.86ns)   --->   "%empty_43 = writeresp i1 @_ssdm_op_WriteResp.m_axi.p1i16, i16 %HP3_addr" [Server/LZW_new.cpp:272]   --->   Operation 101 'writeresp' 'empty_43' <Predicate = true> <Delay = 4.86> <CoreInst = "m_axi">   --->   Core 121 'm_axi' <Latency = 6> <II = 1> <Delay = 1.00> <Adapter> <Opcode : 'read' 'write' 'readreq' 'writereq' 'writeresp'>

State 9 <SV = 6> <Delay = 4.86>
ST_9 : Operation 102 [65/68] (4.86ns)   --->   "%empty_43 = writeresp i1 @_ssdm_op_WriteResp.m_axi.p1i16, i16 %HP3_addr" [Server/LZW_new.cpp:272]   --->   Operation 102 'writeresp' 'empty_43' <Predicate = true> <Delay = 4.86> <CoreInst = "m_axi">   --->   Core 121 'm_axi' <Latency = 6> <II = 1> <Delay = 1.00> <Adapter> <Opcode : 'read' 'write' 'readreq' 'writereq' 'writeresp'>

State 10 <SV = 7> <Delay = 4.86>
ST_10 : Operation 103 [64/68] (4.86ns)   --->   "%empty_43 = writeresp i1 @_ssdm_op_WriteResp.m_axi.p1i16, i16 %HP3_addr" [Server/LZW_new.cpp:272]   --->   Operation 103 'writeresp' 'empty_43' <Predicate = true> <Delay = 4.86> <CoreInst = "m_axi">   --->   Core 121 'm_axi' <Latency = 6> <II = 1> <Delay = 1.00> <Adapter> <Opcode : 'read' 'write' 'readreq' 'writereq' 'writeresp'>

State 11 <SV = 8> <Delay = 4.86>
ST_11 : Operation 104 [63/68] (4.86ns)   --->   "%empty_43 = writeresp i1 @_ssdm_op_WriteResp.m_axi.p1i16, i16 %HP3_addr" [Server/LZW_new.cpp:272]   --->   Operation 104 'writeresp' 'empty_43' <Predicate = true> <Delay = 4.86> <CoreInst = "m_axi">   --->   Core 121 'm_axi' <Latency = 6> <II = 1> <Delay = 1.00> <Adapter> <Opcode : 'read' 'write' 'readreq' 'writereq' 'writeresp'>

State 12 <SV = 9> <Delay = 4.86>
ST_12 : Operation 105 [62/68] (4.86ns)   --->   "%empty_43 = writeresp i1 @_ssdm_op_WriteResp.m_axi.p1i16, i16 %HP3_addr" [Server/LZW_new.cpp:272]   --->   Operation 105 'writeresp' 'empty_43' <Predicate = true> <Delay = 4.86> <CoreInst = "m_axi">   --->   Core 121 'm_axi' <Latency = 6> <II = 1> <Delay = 1.00> <Adapter> <Opcode : 'read' 'write' 'readreq' 'writereq' 'writeresp'>

State 13 <SV = 10> <Delay = 4.86>
ST_13 : Operation 106 [61/68] (4.86ns)   --->   "%empty_43 = writeresp i1 @_ssdm_op_WriteResp.m_axi.p1i16, i16 %HP3_addr" [Server/LZW_new.cpp:272]   --->   Operation 106 'writeresp' 'empty_43' <Predicate = true> <Delay = 4.86> <CoreInst = "m_axi">   --->   Core 121 'm_axi' <Latency = 6> <II = 1> <Delay = 1.00> <Adapter> <Opcode : 'read' 'write' 'readreq' 'writereq' 'writeresp'>

State 14 <SV = 11> <Delay = 4.86>
ST_14 : Operation 107 [60/68] (4.86ns)   --->   "%empty_43 = writeresp i1 @_ssdm_op_WriteResp.m_axi.p1i16, i16 %HP3_addr" [Server/LZW_new.cpp:272]   --->   Operation 107 'writeresp' 'empty_43' <Predicate = true> <Delay = 4.86> <CoreInst = "m_axi">   --->   Core 121 'm_axi' <Latency = 6> <II = 1> <Delay = 1.00> <Adapter> <Opcode : 'read' 'write' 'readreq' 'writereq' 'writeresp'>

State 15 <SV = 12> <Delay = 4.86>
ST_15 : Operation 108 [59/68] (4.86ns)   --->   "%empty_43 = writeresp i1 @_ssdm_op_WriteResp.m_axi.p1i16, i16 %HP3_addr" [Server/LZW_new.cpp:272]   --->   Operation 108 'writeresp' 'empty_43' <Predicate = true> <Delay = 4.86> <CoreInst = "m_axi">   --->   Core 121 'm_axi' <Latency = 6> <II = 1> <Delay = 1.00> <Adapter> <Opcode : 'read' 'write' 'readreq' 'writereq' 'writeresp'>

State 16 <SV = 13> <Delay = 4.86>
ST_16 : Operation 109 [58/68] (4.86ns)   --->   "%empty_43 = writeresp i1 @_ssdm_op_WriteResp.m_axi.p1i16, i16 %HP3_addr" [Server/LZW_new.cpp:272]   --->   Operation 109 'writeresp' 'empty_43' <Predicate = true> <Delay = 4.86> <CoreInst = "m_axi">   --->   Core 121 'm_axi' <Latency = 6> <II = 1> <Delay = 1.00> <Adapter> <Opcode : 'read' 'write' 'readreq' 'writereq' 'writeresp'>

State 17 <SV = 14> <Delay = 4.86>
ST_17 : Operation 110 [57/68] (4.86ns)   --->   "%empty_43 = writeresp i1 @_ssdm_op_WriteResp.m_axi.p1i16, i16 %HP3_addr" [Server/LZW_new.cpp:272]   --->   Operation 110 'writeresp' 'empty_43' <Predicate = true> <Delay = 4.86> <CoreInst = "m_axi">   --->   Core 121 'm_axi' <Latency = 6> <II = 1> <Delay = 1.00> <Adapter> <Opcode : 'read' 'write' 'readreq' 'writereq' 'writeresp'>

State 18 <SV = 15> <Delay = 4.86>
ST_18 : Operation 111 [56/68] (4.86ns)   --->   "%empty_43 = writeresp i1 @_ssdm_op_WriteResp.m_axi.p1i16, i16 %HP3_addr" [Server/LZW_new.cpp:272]   --->   Operation 111 'writeresp' 'empty_43' <Predicate = true> <Delay = 4.86> <CoreInst = "m_axi">   --->   Core 121 'm_axi' <Latency = 6> <II = 1> <Delay = 1.00> <Adapter> <Opcode : 'read' 'write' 'readreq' 'writereq' 'writeresp'>

State 19 <SV = 16> <Delay = 4.86>
ST_19 : Operation 112 [55/68] (4.86ns)   --->   "%empty_43 = writeresp i1 @_ssdm_op_WriteResp.m_axi.p1i16, i16 %HP3_addr" [Server/LZW_new.cpp:272]   --->   Operation 112 'writeresp' 'empty_43' <Predicate = true> <Delay = 4.86> <CoreInst = "m_axi">   --->   Core 121 'm_axi' <Latency = 6> <II = 1> <Delay = 1.00> <Adapter> <Opcode : 'read' 'write' 'readreq' 'writereq' 'writeresp'>

State 20 <SV = 17> <Delay = 4.86>
ST_20 : Operation 113 [54/68] (4.86ns)   --->   "%empty_43 = writeresp i1 @_ssdm_op_WriteResp.m_axi.p1i16, i16 %HP3_addr" [Server/LZW_new.cpp:272]   --->   Operation 113 'writeresp' 'empty_43' <Predicate = true> <Delay = 4.86> <CoreInst = "m_axi">   --->   Core 121 'm_axi' <Latency = 6> <II = 1> <Delay = 1.00> <Adapter> <Opcode : 'read' 'write' 'readreq' 'writereq' 'writeresp'>

State 21 <SV = 18> <Delay = 4.86>
ST_21 : Operation 114 [53/68] (4.86ns)   --->   "%empty_43 = writeresp i1 @_ssdm_op_WriteResp.m_axi.p1i16, i16 %HP3_addr" [Server/LZW_new.cpp:272]   --->   Operation 114 'writeresp' 'empty_43' <Predicate = true> <Delay = 4.86> <CoreInst = "m_axi">   --->   Core 121 'm_axi' <Latency = 6> <II = 1> <Delay = 1.00> <Adapter> <Opcode : 'read' 'write' 'readreq' 'writereq' 'writeresp'>

State 22 <SV = 19> <Delay = 4.86>
ST_22 : Operation 115 [52/68] (4.86ns)   --->   "%empty_43 = writeresp i1 @_ssdm_op_WriteResp.m_axi.p1i16, i16 %HP3_addr" [Server/LZW_new.cpp:272]   --->   Operation 115 'writeresp' 'empty_43' <Predicate = true> <Delay = 4.86> <CoreInst = "m_axi">   --->   Core 121 'm_axi' <Latency = 6> <II = 1> <Delay = 1.00> <Adapter> <Opcode : 'read' 'write' 'readreq' 'writereq' 'writeresp'>

State 23 <SV = 20> <Delay = 4.86>
ST_23 : Operation 116 [51/68] (4.86ns)   --->   "%empty_43 = writeresp i1 @_ssdm_op_WriteResp.m_axi.p1i16, i16 %HP3_addr" [Server/LZW_new.cpp:272]   --->   Operation 116 'writeresp' 'empty_43' <Predicate = true> <Delay = 4.86> <CoreInst = "m_axi">   --->   Core 121 'm_axi' <Latency = 6> <II = 1> <Delay = 1.00> <Adapter> <Opcode : 'read' 'write' 'readreq' 'writereq' 'writeresp'>

State 24 <SV = 21> <Delay = 4.86>
ST_24 : Operation 117 [50/68] (4.86ns)   --->   "%empty_43 = writeresp i1 @_ssdm_op_WriteResp.m_axi.p1i16, i16 %HP3_addr" [Server/LZW_new.cpp:272]   --->   Operation 117 'writeresp' 'empty_43' <Predicate = true> <Delay = 4.86> <CoreInst = "m_axi">   --->   Core 121 'm_axi' <Latency = 6> <II = 1> <Delay = 1.00> <Adapter> <Opcode : 'read' 'write' 'readreq' 'writereq' 'writeresp'>

State 25 <SV = 22> <Delay = 4.86>
ST_25 : Operation 118 [49/68] (4.86ns)   --->   "%empty_43 = writeresp i1 @_ssdm_op_WriteResp.m_axi.p1i16, i16 %HP3_addr" [Server/LZW_new.cpp:272]   --->   Operation 118 'writeresp' 'empty_43' <Predicate = true> <Delay = 4.86> <CoreInst = "m_axi">   --->   Core 121 'm_axi' <Latency = 6> <II = 1> <Delay = 1.00> <Adapter> <Opcode : 'read' 'write' 'readreq' 'writereq' 'writeresp'>

State 26 <SV = 23> <Delay = 4.86>
ST_26 : Operation 119 [48/68] (4.86ns)   --->   "%empty_43 = writeresp i1 @_ssdm_op_WriteResp.m_axi.p1i16, i16 %HP3_addr" [Server/LZW_new.cpp:272]   --->   Operation 119 'writeresp' 'empty_43' <Predicate = true> <Delay = 4.86> <CoreInst = "m_axi">   --->   Core 121 'm_axi' <Latency = 6> <II = 1> <Delay = 1.00> <Adapter> <Opcode : 'read' 'write' 'readreq' 'writereq' 'writeresp'>

State 27 <SV = 24> <Delay = 4.86>
ST_27 : Operation 120 [47/68] (4.86ns)   --->   "%empty_43 = writeresp i1 @_ssdm_op_WriteResp.m_axi.p1i16, i16 %HP3_addr" [Server/LZW_new.cpp:272]   --->   Operation 120 'writeresp' 'empty_43' <Predicate = true> <Delay = 4.86> <CoreInst = "m_axi">   --->   Core 121 'm_axi' <Latency = 6> <II = 1> <Delay = 1.00> <Adapter> <Opcode : 'read' 'write' 'readreq' 'writereq' 'writeresp'>

State 28 <SV = 25> <Delay = 4.86>
ST_28 : Operation 121 [46/68] (4.86ns)   --->   "%empty_43 = writeresp i1 @_ssdm_op_WriteResp.m_axi.p1i16, i16 %HP3_addr" [Server/LZW_new.cpp:272]   --->   Operation 121 'writeresp' 'empty_43' <Predicate = true> <Delay = 4.86> <CoreInst = "m_axi">   --->   Core 121 'm_axi' <Latency = 6> <II = 1> <Delay = 1.00> <Adapter> <Opcode : 'read' 'write' 'readreq' 'writereq' 'writeresp'>

State 29 <SV = 26> <Delay = 4.86>
ST_29 : Operation 122 [45/68] (4.86ns)   --->   "%empty_43 = writeresp i1 @_ssdm_op_WriteResp.m_axi.p1i16, i16 %HP3_addr" [Server/LZW_new.cpp:272]   --->   Operation 122 'writeresp' 'empty_43' <Predicate = true> <Delay = 4.86> <CoreInst = "m_axi">   --->   Core 121 'm_axi' <Latency = 6> <II = 1> <Delay = 1.00> <Adapter> <Opcode : 'read' 'write' 'readreq' 'writereq' 'writeresp'>

State 30 <SV = 27> <Delay = 4.86>
ST_30 : Operation 123 [44/68] (4.86ns)   --->   "%empty_43 = writeresp i1 @_ssdm_op_WriteResp.m_axi.p1i16, i16 %HP3_addr" [Server/LZW_new.cpp:272]   --->   Operation 123 'writeresp' 'empty_43' <Predicate = true> <Delay = 4.86> <CoreInst = "m_axi">   --->   Core 121 'm_axi' <Latency = 6> <II = 1> <Delay = 1.00> <Adapter> <Opcode : 'read' 'write' 'readreq' 'writereq' 'writeresp'>

State 31 <SV = 28> <Delay = 4.86>
ST_31 : Operation 124 [43/68] (4.86ns)   --->   "%empty_43 = writeresp i1 @_ssdm_op_WriteResp.m_axi.p1i16, i16 %HP3_addr" [Server/LZW_new.cpp:272]   --->   Operation 124 'writeresp' 'empty_43' <Predicate = true> <Delay = 4.86> <CoreInst = "m_axi">   --->   Core 121 'm_axi' <Latency = 6> <II = 1> <Delay = 1.00> <Adapter> <Opcode : 'read' 'write' 'readreq' 'writereq' 'writeresp'>

State 32 <SV = 29> <Delay = 4.86>
ST_32 : Operation 125 [42/68] (4.86ns)   --->   "%empty_43 = writeresp i1 @_ssdm_op_WriteResp.m_axi.p1i16, i16 %HP3_addr" [Server/LZW_new.cpp:272]   --->   Operation 125 'writeresp' 'empty_43' <Predicate = true> <Delay = 4.86> <CoreInst = "m_axi">   --->   Core 121 'm_axi' <Latency = 6> <II = 1> <Delay = 1.00> <Adapter> <Opcode : 'read' 'write' 'readreq' 'writereq' 'writeresp'>

State 33 <SV = 30> <Delay = 4.86>
ST_33 : Operation 126 [41/68] (4.86ns)   --->   "%empty_43 = writeresp i1 @_ssdm_op_WriteResp.m_axi.p1i16, i16 %HP3_addr" [Server/LZW_new.cpp:272]   --->   Operation 126 'writeresp' 'empty_43' <Predicate = true> <Delay = 4.86> <CoreInst = "m_axi">   --->   Core 121 'm_axi' <Latency = 6> <II = 1> <Delay = 1.00> <Adapter> <Opcode : 'read' 'write' 'readreq' 'writereq' 'writeresp'>

State 34 <SV = 31> <Delay = 4.86>
ST_34 : Operation 127 [40/68] (4.86ns)   --->   "%empty_43 = writeresp i1 @_ssdm_op_WriteResp.m_axi.p1i16, i16 %HP3_addr" [Server/LZW_new.cpp:272]   --->   Operation 127 'writeresp' 'empty_43' <Predicate = true> <Delay = 4.86> <CoreInst = "m_axi">   --->   Core 121 'm_axi' <Latency = 6> <II = 1> <Delay = 1.00> <Adapter> <Opcode : 'read' 'write' 'readreq' 'writereq' 'writeresp'>

State 35 <SV = 32> <Delay = 4.86>
ST_35 : Operation 128 [39/68] (4.86ns)   --->   "%empty_43 = writeresp i1 @_ssdm_op_WriteResp.m_axi.p1i16, i16 %HP3_addr" [Server/LZW_new.cpp:272]   --->   Operation 128 'writeresp' 'empty_43' <Predicate = true> <Delay = 4.86> <CoreInst = "m_axi">   --->   Core 121 'm_axi' <Latency = 6> <II = 1> <Delay = 1.00> <Adapter> <Opcode : 'read' 'write' 'readreq' 'writereq' 'writeresp'>

State 36 <SV = 33> <Delay = 4.86>
ST_36 : Operation 129 [38/68] (4.86ns)   --->   "%empty_43 = writeresp i1 @_ssdm_op_WriteResp.m_axi.p1i16, i16 %HP3_addr" [Server/LZW_new.cpp:272]   --->   Operation 129 'writeresp' 'empty_43' <Predicate = true> <Delay = 4.86> <CoreInst = "m_axi">   --->   Core 121 'm_axi' <Latency = 6> <II = 1> <Delay = 1.00> <Adapter> <Opcode : 'read' 'write' 'readreq' 'writereq' 'writeresp'>

State 37 <SV = 34> <Delay = 4.86>
ST_37 : Operation 130 [37/68] (4.86ns)   --->   "%empty_43 = writeresp i1 @_ssdm_op_WriteResp.m_axi.p1i16, i16 %HP3_addr" [Server/LZW_new.cpp:272]   --->   Operation 130 'writeresp' 'empty_43' <Predicate = true> <Delay = 4.86> <CoreInst = "m_axi">   --->   Core 121 'm_axi' <Latency = 6> <II = 1> <Delay = 1.00> <Adapter> <Opcode : 'read' 'write' 'readreq' 'writereq' 'writeresp'>

State 38 <SV = 35> <Delay = 4.86>
ST_38 : Operation 131 [36/68] (4.86ns)   --->   "%empty_43 = writeresp i1 @_ssdm_op_WriteResp.m_axi.p1i16, i16 %HP3_addr" [Server/LZW_new.cpp:272]   --->   Operation 131 'writeresp' 'empty_43' <Predicate = true> <Delay = 4.86> <CoreInst = "m_axi">   --->   Core 121 'm_axi' <Latency = 6> <II = 1> <Delay = 1.00> <Adapter> <Opcode : 'read' 'write' 'readreq' 'writereq' 'writeresp'>

State 39 <SV = 36> <Delay = 4.86>
ST_39 : Operation 132 [35/68] (4.86ns)   --->   "%empty_43 = writeresp i1 @_ssdm_op_WriteResp.m_axi.p1i16, i16 %HP3_addr" [Server/LZW_new.cpp:272]   --->   Operation 132 'writeresp' 'empty_43' <Predicate = true> <Delay = 4.86> <CoreInst = "m_axi">   --->   Core 121 'm_axi' <Latency = 6> <II = 1> <Delay = 1.00> <Adapter> <Opcode : 'read' 'write' 'readreq' 'writereq' 'writeresp'>

State 40 <SV = 37> <Delay = 4.86>
ST_40 : Operation 133 [34/68] (4.86ns)   --->   "%empty_43 = writeresp i1 @_ssdm_op_WriteResp.m_axi.p1i16, i16 %HP3_addr" [Server/LZW_new.cpp:272]   --->   Operation 133 'writeresp' 'empty_43' <Predicate = true> <Delay = 4.86> <CoreInst = "m_axi">   --->   Core 121 'm_axi' <Latency = 6> <II = 1> <Delay = 1.00> <Adapter> <Opcode : 'read' 'write' 'readreq' 'writereq' 'writeresp'>

State 41 <SV = 38> <Delay = 4.86>
ST_41 : Operation 134 [33/68] (4.86ns)   --->   "%empty_43 = writeresp i1 @_ssdm_op_WriteResp.m_axi.p1i16, i16 %HP3_addr" [Server/LZW_new.cpp:272]   --->   Operation 134 'writeresp' 'empty_43' <Predicate = true> <Delay = 4.86> <CoreInst = "m_axi">   --->   Core 121 'm_axi' <Latency = 6> <II = 1> <Delay = 1.00> <Adapter> <Opcode : 'read' 'write' 'readreq' 'writereq' 'writeresp'>

State 42 <SV = 39> <Delay = 4.86>
ST_42 : Operation 135 [32/68] (4.86ns)   --->   "%empty_43 = writeresp i1 @_ssdm_op_WriteResp.m_axi.p1i16, i16 %HP3_addr" [Server/LZW_new.cpp:272]   --->   Operation 135 'writeresp' 'empty_43' <Predicate = true> <Delay = 4.86> <CoreInst = "m_axi">   --->   Core 121 'm_axi' <Latency = 6> <II = 1> <Delay = 1.00> <Adapter> <Opcode : 'read' 'write' 'readreq' 'writereq' 'writeresp'>

State 43 <SV = 40> <Delay = 4.86>
ST_43 : Operation 136 [31/68] (4.86ns)   --->   "%empty_43 = writeresp i1 @_ssdm_op_WriteResp.m_axi.p1i16, i16 %HP3_addr" [Server/LZW_new.cpp:272]   --->   Operation 136 'writeresp' 'empty_43' <Predicate = true> <Delay = 4.86> <CoreInst = "m_axi">   --->   Core 121 'm_axi' <Latency = 6> <II = 1> <Delay = 1.00> <Adapter> <Opcode : 'read' 'write' 'readreq' 'writereq' 'writeresp'>

State 44 <SV = 41> <Delay = 4.86>
ST_44 : Operation 137 [30/68] (4.86ns)   --->   "%empty_43 = writeresp i1 @_ssdm_op_WriteResp.m_axi.p1i16, i16 %HP3_addr" [Server/LZW_new.cpp:272]   --->   Operation 137 'writeresp' 'empty_43' <Predicate = true> <Delay = 4.86> <CoreInst = "m_axi">   --->   Core 121 'm_axi' <Latency = 6> <II = 1> <Delay = 1.00> <Adapter> <Opcode : 'read' 'write' 'readreq' 'writereq' 'writeresp'>

State 45 <SV = 42> <Delay = 4.86>
ST_45 : Operation 138 [29/68] (4.86ns)   --->   "%empty_43 = writeresp i1 @_ssdm_op_WriteResp.m_axi.p1i16, i16 %HP3_addr" [Server/LZW_new.cpp:272]   --->   Operation 138 'writeresp' 'empty_43' <Predicate = true> <Delay = 4.86> <CoreInst = "m_axi">   --->   Core 121 'm_axi' <Latency = 6> <II = 1> <Delay = 1.00> <Adapter> <Opcode : 'read' 'write' 'readreq' 'writereq' 'writeresp'>

State 46 <SV = 43> <Delay = 4.86>
ST_46 : Operation 139 [28/68] (4.86ns)   --->   "%empty_43 = writeresp i1 @_ssdm_op_WriteResp.m_axi.p1i16, i16 %HP3_addr" [Server/LZW_new.cpp:272]   --->   Operation 139 'writeresp' 'empty_43' <Predicate = true> <Delay = 4.86> <CoreInst = "m_axi">   --->   Core 121 'm_axi' <Latency = 6> <II = 1> <Delay = 1.00> <Adapter> <Opcode : 'read' 'write' 'readreq' 'writereq' 'writeresp'>

State 47 <SV = 44> <Delay = 4.86>
ST_47 : Operation 140 [27/68] (4.86ns)   --->   "%empty_43 = writeresp i1 @_ssdm_op_WriteResp.m_axi.p1i16, i16 %HP3_addr" [Server/LZW_new.cpp:272]   --->   Operation 140 'writeresp' 'empty_43' <Predicate = true> <Delay = 4.86> <CoreInst = "m_axi">   --->   Core 121 'm_axi' <Latency = 6> <II = 1> <Delay = 1.00> <Adapter> <Opcode : 'read' 'write' 'readreq' 'writereq' 'writeresp'>

State 48 <SV = 45> <Delay = 4.86>
ST_48 : Operation 141 [26/68] (4.86ns)   --->   "%empty_43 = writeresp i1 @_ssdm_op_WriteResp.m_axi.p1i16, i16 %HP3_addr" [Server/LZW_new.cpp:272]   --->   Operation 141 'writeresp' 'empty_43' <Predicate = true> <Delay = 4.86> <CoreInst = "m_axi">   --->   Core 121 'm_axi' <Latency = 6> <II = 1> <Delay = 1.00> <Adapter> <Opcode : 'read' 'write' 'readreq' 'writereq' 'writeresp'>

State 49 <SV = 46> <Delay = 4.86>
ST_49 : Operation 142 [25/68] (4.86ns)   --->   "%empty_43 = writeresp i1 @_ssdm_op_WriteResp.m_axi.p1i16, i16 %HP3_addr" [Server/LZW_new.cpp:272]   --->   Operation 142 'writeresp' 'empty_43' <Predicate = true> <Delay = 4.86> <CoreInst = "m_axi">   --->   Core 121 'm_axi' <Latency = 6> <II = 1> <Delay = 1.00> <Adapter> <Opcode : 'read' 'write' 'readreq' 'writereq' 'writeresp'>

State 50 <SV = 47> <Delay = 4.86>
ST_50 : Operation 143 [24/68] (4.86ns)   --->   "%empty_43 = writeresp i1 @_ssdm_op_WriteResp.m_axi.p1i16, i16 %HP3_addr" [Server/LZW_new.cpp:272]   --->   Operation 143 'writeresp' 'empty_43' <Predicate = true> <Delay = 4.86> <CoreInst = "m_axi">   --->   Core 121 'm_axi' <Latency = 6> <II = 1> <Delay = 1.00> <Adapter> <Opcode : 'read' 'write' 'readreq' 'writereq' 'writeresp'>

State 51 <SV = 48> <Delay = 4.86>
ST_51 : Operation 144 [23/68] (4.86ns)   --->   "%empty_43 = writeresp i1 @_ssdm_op_WriteResp.m_axi.p1i16, i16 %HP3_addr" [Server/LZW_new.cpp:272]   --->   Operation 144 'writeresp' 'empty_43' <Predicate = true> <Delay = 4.86> <CoreInst = "m_axi">   --->   Core 121 'm_axi' <Latency = 6> <II = 1> <Delay = 1.00> <Adapter> <Opcode : 'read' 'write' 'readreq' 'writereq' 'writeresp'>

State 52 <SV = 49> <Delay = 4.86>
ST_52 : Operation 145 [22/68] (4.86ns)   --->   "%empty_43 = writeresp i1 @_ssdm_op_WriteResp.m_axi.p1i16, i16 %HP3_addr" [Server/LZW_new.cpp:272]   --->   Operation 145 'writeresp' 'empty_43' <Predicate = true> <Delay = 4.86> <CoreInst = "m_axi">   --->   Core 121 'm_axi' <Latency = 6> <II = 1> <Delay = 1.00> <Adapter> <Opcode : 'read' 'write' 'readreq' 'writereq' 'writeresp'>

State 53 <SV = 50> <Delay = 4.86>
ST_53 : Operation 146 [21/68] (4.86ns)   --->   "%empty_43 = writeresp i1 @_ssdm_op_WriteResp.m_axi.p1i16, i16 %HP3_addr" [Server/LZW_new.cpp:272]   --->   Operation 146 'writeresp' 'empty_43' <Predicate = true> <Delay = 4.86> <CoreInst = "m_axi">   --->   Core 121 'm_axi' <Latency = 6> <II = 1> <Delay = 1.00> <Adapter> <Opcode : 'read' 'write' 'readreq' 'writereq' 'writeresp'>

State 54 <SV = 51> <Delay = 4.86>
ST_54 : Operation 147 [20/68] (4.86ns)   --->   "%empty_43 = writeresp i1 @_ssdm_op_WriteResp.m_axi.p1i16, i16 %HP3_addr" [Server/LZW_new.cpp:272]   --->   Operation 147 'writeresp' 'empty_43' <Predicate = true> <Delay = 4.86> <CoreInst = "m_axi">   --->   Core 121 'm_axi' <Latency = 6> <II = 1> <Delay = 1.00> <Adapter> <Opcode : 'read' 'write' 'readreq' 'writereq' 'writeresp'>

State 55 <SV = 52> <Delay = 4.86>
ST_55 : Operation 148 [19/68] (4.86ns)   --->   "%empty_43 = writeresp i1 @_ssdm_op_WriteResp.m_axi.p1i16, i16 %HP3_addr" [Server/LZW_new.cpp:272]   --->   Operation 148 'writeresp' 'empty_43' <Predicate = true> <Delay = 4.86> <CoreInst = "m_axi">   --->   Core 121 'm_axi' <Latency = 6> <II = 1> <Delay = 1.00> <Adapter> <Opcode : 'read' 'write' 'readreq' 'writereq' 'writeresp'>

State 56 <SV = 53> <Delay = 4.86>
ST_56 : Operation 149 [18/68] (4.86ns)   --->   "%empty_43 = writeresp i1 @_ssdm_op_WriteResp.m_axi.p1i16, i16 %HP3_addr" [Server/LZW_new.cpp:272]   --->   Operation 149 'writeresp' 'empty_43' <Predicate = true> <Delay = 4.86> <CoreInst = "m_axi">   --->   Core 121 'm_axi' <Latency = 6> <II = 1> <Delay = 1.00> <Adapter> <Opcode : 'read' 'write' 'readreq' 'writereq' 'writeresp'>

State 57 <SV = 54> <Delay = 4.86>
ST_57 : Operation 150 [17/68] (4.86ns)   --->   "%empty_43 = writeresp i1 @_ssdm_op_WriteResp.m_axi.p1i16, i16 %HP3_addr" [Server/LZW_new.cpp:272]   --->   Operation 150 'writeresp' 'empty_43' <Predicate = true> <Delay = 4.86> <CoreInst = "m_axi">   --->   Core 121 'm_axi' <Latency = 6> <II = 1> <Delay = 1.00> <Adapter> <Opcode : 'read' 'write' 'readreq' 'writereq' 'writeresp'>

State 58 <SV = 55> <Delay = 4.86>
ST_58 : Operation 151 [16/68] (4.86ns)   --->   "%empty_43 = writeresp i1 @_ssdm_op_WriteResp.m_axi.p1i16, i16 %HP3_addr" [Server/LZW_new.cpp:272]   --->   Operation 151 'writeresp' 'empty_43' <Predicate = true> <Delay = 4.86> <CoreInst = "m_axi">   --->   Core 121 'm_axi' <Latency = 6> <II = 1> <Delay = 1.00> <Adapter> <Opcode : 'read' 'write' 'readreq' 'writereq' 'writeresp'>

State 59 <SV = 56> <Delay = 4.86>
ST_59 : Operation 152 [15/68] (4.86ns)   --->   "%empty_43 = writeresp i1 @_ssdm_op_WriteResp.m_axi.p1i16, i16 %HP3_addr" [Server/LZW_new.cpp:272]   --->   Operation 152 'writeresp' 'empty_43' <Predicate = true> <Delay = 4.86> <CoreInst = "m_axi">   --->   Core 121 'm_axi' <Latency = 6> <II = 1> <Delay = 1.00> <Adapter> <Opcode : 'read' 'write' 'readreq' 'writereq' 'writeresp'>

State 60 <SV = 57> <Delay = 4.86>
ST_60 : Operation 153 [14/68] (4.86ns)   --->   "%empty_43 = writeresp i1 @_ssdm_op_WriteResp.m_axi.p1i16, i16 %HP3_addr" [Server/LZW_new.cpp:272]   --->   Operation 153 'writeresp' 'empty_43' <Predicate = true> <Delay = 4.86> <CoreInst = "m_axi">   --->   Core 121 'm_axi' <Latency = 6> <II = 1> <Delay = 1.00> <Adapter> <Opcode : 'read' 'write' 'readreq' 'writereq' 'writeresp'>

State 61 <SV = 58> <Delay = 4.86>
ST_61 : Operation 154 [13/68] (4.86ns)   --->   "%empty_43 = writeresp i1 @_ssdm_op_WriteResp.m_axi.p1i16, i16 %HP3_addr" [Server/LZW_new.cpp:272]   --->   Operation 154 'writeresp' 'empty_43' <Predicate = true> <Delay = 4.86> <CoreInst = "m_axi">   --->   Core 121 'm_axi' <Latency = 6> <II = 1> <Delay = 1.00> <Adapter> <Opcode : 'read' 'write' 'readreq' 'writereq' 'writeresp'>

State 62 <SV = 59> <Delay = 4.86>
ST_62 : Operation 155 [12/68] (4.86ns)   --->   "%empty_43 = writeresp i1 @_ssdm_op_WriteResp.m_axi.p1i16, i16 %HP3_addr" [Server/LZW_new.cpp:272]   --->   Operation 155 'writeresp' 'empty_43' <Predicate = true> <Delay = 4.86> <CoreInst = "m_axi">   --->   Core 121 'm_axi' <Latency = 6> <II = 1> <Delay = 1.00> <Adapter> <Opcode : 'read' 'write' 'readreq' 'writereq' 'writeresp'>

State 63 <SV = 60> <Delay = 4.86>
ST_63 : Operation 156 [11/68] (4.86ns)   --->   "%empty_43 = writeresp i1 @_ssdm_op_WriteResp.m_axi.p1i16, i16 %HP3_addr" [Server/LZW_new.cpp:272]   --->   Operation 156 'writeresp' 'empty_43' <Predicate = true> <Delay = 4.86> <CoreInst = "m_axi">   --->   Core 121 'm_axi' <Latency = 6> <II = 1> <Delay = 1.00> <Adapter> <Opcode : 'read' 'write' 'readreq' 'writereq' 'writeresp'>

State 64 <SV = 61> <Delay = 4.86>
ST_64 : Operation 157 [10/68] (4.86ns)   --->   "%empty_43 = writeresp i1 @_ssdm_op_WriteResp.m_axi.p1i16, i16 %HP3_addr" [Server/LZW_new.cpp:272]   --->   Operation 157 'writeresp' 'empty_43' <Predicate = true> <Delay = 4.86> <CoreInst = "m_axi">   --->   Core 121 'm_axi' <Latency = 6> <II = 1> <Delay = 1.00> <Adapter> <Opcode : 'read' 'write' 'readreq' 'writereq' 'writeresp'>

State 65 <SV = 62> <Delay = 4.86>
ST_65 : Operation 158 [9/68] (4.86ns)   --->   "%empty_43 = writeresp i1 @_ssdm_op_WriteResp.m_axi.p1i16, i16 %HP3_addr" [Server/LZW_new.cpp:272]   --->   Operation 158 'writeresp' 'empty_43' <Predicate = true> <Delay = 4.86> <CoreInst = "m_axi">   --->   Core 121 'm_axi' <Latency = 6> <II = 1> <Delay = 1.00> <Adapter> <Opcode : 'read' 'write' 'readreq' 'writereq' 'writeresp'>

State 66 <SV = 63> <Delay = 4.86>
ST_66 : Operation 159 [8/68] (4.86ns)   --->   "%empty_43 = writeresp i1 @_ssdm_op_WriteResp.m_axi.p1i16, i16 %HP3_addr" [Server/LZW_new.cpp:272]   --->   Operation 159 'writeresp' 'empty_43' <Predicate = true> <Delay = 4.86> <CoreInst = "m_axi">   --->   Core 121 'm_axi' <Latency = 6> <II = 1> <Delay = 1.00> <Adapter> <Opcode : 'read' 'write' 'readreq' 'writereq' 'writeresp'>

State 67 <SV = 64> <Delay = 4.86>
ST_67 : Operation 160 [7/68] (4.86ns)   --->   "%empty_43 = writeresp i1 @_ssdm_op_WriteResp.m_axi.p1i16, i16 %HP3_addr" [Server/LZW_new.cpp:272]   --->   Operation 160 'writeresp' 'empty_43' <Predicate = true> <Delay = 4.86> <CoreInst = "m_axi">   --->   Core 121 'm_axi' <Latency = 6> <II = 1> <Delay = 1.00> <Adapter> <Opcode : 'read' 'write' 'readreq' 'writereq' 'writeresp'>

State 68 <SV = 65> <Delay = 4.86>
ST_68 : Operation 161 [6/68] (4.86ns)   --->   "%empty_43 = writeresp i1 @_ssdm_op_WriteResp.m_axi.p1i16, i16 %HP3_addr" [Server/LZW_new.cpp:272]   --->   Operation 161 'writeresp' 'empty_43' <Predicate = true> <Delay = 4.86> <CoreInst = "m_axi">   --->   Core 121 'm_axi' <Latency = 6> <II = 1> <Delay = 1.00> <Adapter> <Opcode : 'read' 'write' 'readreq' 'writereq' 'writeresp'>

State 69 <SV = 66> <Delay = 4.86>
ST_69 : Operation 162 [5/68] (4.86ns)   --->   "%empty_43 = writeresp i1 @_ssdm_op_WriteResp.m_axi.p1i16, i16 %HP3_addr" [Server/LZW_new.cpp:272]   --->   Operation 162 'writeresp' 'empty_43' <Predicate = true> <Delay = 4.86> <CoreInst = "m_axi">   --->   Core 121 'm_axi' <Latency = 6> <II = 1> <Delay = 1.00> <Adapter> <Opcode : 'read' 'write' 'readreq' 'writereq' 'writeresp'>

State 70 <SV = 67> <Delay = 4.86>
ST_70 : Operation 163 [4/68] (4.86ns)   --->   "%empty_43 = writeresp i1 @_ssdm_op_WriteResp.m_axi.p1i16, i16 %HP3_addr" [Server/LZW_new.cpp:272]   --->   Operation 163 'writeresp' 'empty_43' <Predicate = true> <Delay = 4.86> <CoreInst = "m_axi">   --->   Core 121 'm_axi' <Latency = 6> <II = 1> <Delay = 1.00> <Adapter> <Opcode : 'read' 'write' 'readreq' 'writereq' 'writeresp'>

State 71 <SV = 68> <Delay = 4.86>
ST_71 : Operation 164 [3/68] (4.86ns)   --->   "%empty_43 = writeresp i1 @_ssdm_op_WriteResp.m_axi.p1i16, i16 %HP3_addr" [Server/LZW_new.cpp:272]   --->   Operation 164 'writeresp' 'empty_43' <Predicate = true> <Delay = 4.86> <CoreInst = "m_axi">   --->   Core 121 'm_axi' <Latency = 6> <II = 1> <Delay = 1.00> <Adapter> <Opcode : 'read' 'write' 'readreq' 'writereq' 'writeresp'>

State 72 <SV = 69> <Delay = 4.86>
ST_72 : Operation 165 [2/68] (4.86ns)   --->   "%empty_43 = writeresp i1 @_ssdm_op_WriteResp.m_axi.p1i16, i16 %HP3_addr" [Server/LZW_new.cpp:272]   --->   Operation 165 'writeresp' 'empty_43' <Predicate = true> <Delay = 4.86> <CoreInst = "m_axi">   --->   Core 121 'm_axi' <Latency = 6> <II = 1> <Delay = 1.00> <Adapter> <Opcode : 'read' 'write' 'readreq' 'writereq' 'writeresp'>

State 73 <SV = 70> <Delay = 4.86>
ST_73 : Operation 166 [1/68] (4.86ns)   --->   "%empty_43 = writeresp i1 @_ssdm_op_WriteResp.m_axi.p1i16, i16 %HP3_addr" [Server/LZW_new.cpp:272]   --->   Operation 166 'writeresp' 'empty_43' <Predicate = (icmp_ln269)> <Delay = 4.86> <CoreInst = "m_axi">   --->   Core 121 'm_axi' <Latency = 6> <II = 1> <Delay = 1.00> <Adapter> <Opcode : 'read' 'write' 'readreq' 'writereq' 'writeresp'>
ST_73 : Operation 167 [1/1] (0.00ns)   --->   "%br_ln272 = br void %.exit" [Server/LZW_new.cpp:272]   --->   Operation 167 'br' 'br_ln272' <Predicate = (icmp_ln269)> <Delay = 0.00>
ST_73 : Operation 168 [1/1] (0.00ns)   --->   "%ret_ln0 = ret"   --->   Operation 168 'ret' 'ret_ln0' <Predicate = true> <Delay = 0.00>


============================================================
+ Verbose Summary: Binding
============================================================
STG Binding: 
---------------- STG Properties BEGIN ----------------
- Is combinational: 0
- Is one-state seq: 0
- Is datapath-only: 0
- Is pipelined: 0
- Is top level: 0
Port [ Return ] is wired: 1; IO mode=ap_ctrl_hs:ce=0
Port [ output_stream]:  wired=1; compound=1; hidden=0; nouse=0; global=0; static=0; extern=0; dir=0; type=3; pingpong=0; private_global=0; IO mode=ap_fifo:ce=0
Port [ HP3]:  wired=1; compound=1; hidden=0; nouse=0; global=0; static=0; extern=0; dir=1; type=4; pingpong=0; private_global=0; IO mode=m_axi:ce=0
Port [ compress_size]:  wired=1; compound=0; hidden=0; nouse=0; global=0; static=0; extern=0; dir=0; type=0; pingpong=0; private_global=0; IO mode=ap_none:ce=0
Port [ output_r]:  wired=1; compound=1; hidden=0; nouse=0; global=0; static=0; extern=0; dir=0; type=3; pingpong=0; private_global=0; IO mode=ap_fifo:ce=0
---------------- STG Properties END ------------------

---------------- Datapath Model BEGIN ----------------

<LifeTime>
<method=bitvector/>
compress_size_read (read             ) [ 00100000000000000000000000000000000000000000000000000000000000000000000000]
specinterface_ln0  (specinterface    ) [ 00000000000000000000000000000000000000000000000000000000000000000000000000]
specinterface_ln0  (specinterface    ) [ 00000000000000000000000000000000000000000000000000000000000000000000000000]
specinterface_ln0  (specinterface    ) [ 00000000000000000000000000000000000000000000000000000000000000000000000000]
output_read        (read             ) [ 00000000000000000000000000000000000000000000000000000000000000000000000000]
specinterface_ln0  (specinterface    ) [ 00000000000000000000000000000000000000000000000000000000000000000000000000]
specinterface_ln0  (specinterface    ) [ 00000000000000000000000000000000000000000000000000000000000000000000000000]
icmp_ln269         (icmp             ) [ 01111111111111111111111111111111111111111111111111111111111111111111111111]
br_ln269           (br               ) [ 00000000000000000000000000000000000000000000000000000000000000000000000000]
trunc_ln269_1      (partselect       ) [ 00000000000000000000000000000000000000000000000000000000000000000000000000]
sext_ln269         (sext             ) [ 00000000000000000000000000000000000000000000000000000000000000000000000000]
HP3_addr           (getelementptr    ) [ 00111111111111111111111111111111111111111111111111111111111111111111111111]
trunc_ln269        (trunc            ) [ 00011100000000000000000000000000000000000000000000000000000000000000000000]
empty              (writereq         ) [ 00000000000000000000000000000000000000000000000000000000000000000000000000]
br_ln269           (br               ) [ 00111100000000000000000000000000000000000000000000000000000000000000000000]
i                  (phi              ) [ 00010000000000000000000000000000000000000000000000000000000000000000000000]
add_ln269          (add              ) [ 00111100000000000000000000000000000000000000000000000000000000000000000000]
specpipeline_ln0   (specpipeline     ) [ 00000000000000000000000000000000000000000000000000000000000000000000000000]
icmp_ln269_1       (icmp             ) [ 00011100000000000000000000000000000000000000000000000000000000000000000000]
empty_42           (speclooptripcount) [ 00000000000000000000000000000000000000000000000000000000000000000000000000]
br_ln269           (br               ) [ 00000000000000000000000000000000000000000000000000000000000000000000000000]
tmp                (read             ) [ 00010100000000000000000000000000000000000000000000000000000000000000000000]
specloopname_ln269 (specloopname     ) [ 00000000000000000000000000000000000000000000000000000000000000000000000000]
write_ln270        (write            ) [ 00000000000000000000000000000000000000000000000000000000000000000000000000]
br_ln0             (br               ) [ 00111100000000000000000000000000000000000000000000000000000000000000000000]
empty_43           (writeresp        ) [ 00000000000000000000000000000000000000000000000000000000000000000000000000]
br_ln272           (br               ) [ 00000000000000000000000000000000000000000000000000000000000000000000000000]
ret_ln0            (ret              ) [ 00000000000000000000000000000000000000000000000000000000000000000000000000]
</LifeTime>

<model>

<comp_list>
<comp id="0" class="1000" name="output_stream">
<pin_list>
<pin id="1" dir="1" index="0" bw="1" slack="0"/>
</pin_list>
<bind>
<StgValue><ssdm name="output_stream"/></StgValue>
</bind>
</comp>

<comp id="2" class="1000" name="HP3">
<pin_list>
<pin id="3" dir="1" index="0" bw="1" slack="0"/>
</pin_list>
<bind>
<StgValue><ssdm name="HP3"/></StgValue>
</bind>
</comp>

<comp id="4" class="1000" name="compress_size">
<pin_list>
<pin id="5" dir="1" index="0" bw="1" slack="0"/>
</pin_list>
<bind>
<StgValue><ssdm name="compress_size"/></StgValue>
</bind>
</comp>

<comp id="6" class="1000" name="output_r">
<pin_list>
<pin id="7" dir="1" index="0" bw="1" slack="0"/>
</pin_list>
<bind>
<StgValue><ssdm name="output_r"/></StgValue>
</bind>
</comp>

<comp id="8" class="1001" name="const_8">
<pin_list>
<pin id="9" dir="1" index="0" bw="1" slack="0"/>
</pin_list>
<bind>
<StgValue><ssdm name="_ssdm_op_Read.ap_auto.volatile.i32P0A"/></StgValue>
</bind>
</comp>

<comp id="10" class="1001" name="const_10">
<pin_list>
<pin id="11" dir="1" index="0" bw="1" slack="2147483647"/>
</pin_list>
<bind>
<StgValue><ssdm name="_ssdm_op_SpecInterface"/></StgValue>
</bind>
</comp>

<comp id="12" class="1001" name="const_12">
<pin_list>
<pin id="13" dir="1" index="0" bw="1" slack="2147483647"/>
</pin_list>
<bind>
<StgValue><ssdm name="empty_6"/></StgValue>
</bind>
</comp>

<comp id="14" class="1001" name="const_14">
<pin_list>
<pin id="15" dir="1" index="0" bw="1" slack="0"/>
</pin_list>
<bind>
<StgValue><ssdm name=""/></StgValue>
</bind>
</comp>

<comp id="16" class="1001" name="const_16">
<pin_list>
<pin id="17" dir="1" index="0" bw="1" slack="2147483647"/>
</pin_list>
<bind>
<StgValue><ssdm name="empty_15"/></StgValue>
</bind>
</comp>

<comp id="18" class="1001" name="const_18">
<pin_list>
<pin id="19" dir="1" index="0" bw="1" slack="2147483647"/>
</pin_list>
<bind>
<StgValue><ssdm name="empty_13"/></StgValue>
</bind>
</comp>

<comp id="20" class="1001" name="const_20">
<pin_list>
<pin id="21" dir="1" index="0" bw="1" slack="2147483647"/>
</pin_list>
<bind>
<StgValue><ssdm name=""/></StgValue>
</bind>
</comp>

<comp id="22" class="1001" name="const_22">
<pin_list>
<pin id="23" dir="1" index="0" bw="1" slack="2147483647"/>
</pin_list>
<bind>
<StgValue><ssdm name="empty_16"/></StgValue>
</bind>
</comp>

<comp id="24" class="1001" name="const_24">
<pin_list>
<pin id="25" dir="1" index="0" bw="1" slack="2147483647"/>
</pin_list>
<bind>
<StgValue><ssdm name="empty_14"/></StgValue>
</bind>
</comp>

<comp id="26" class="1001" name="const_26">
<pin_list>
<pin id="27" dir="1" index="0" bw="1" slack="2147483647"/>
</pin_list>
<bind>
<StgValue><ssdm name=""/></StgValue>
</bind>
</comp>

<comp id="28" class="1001" name="const_28">
<pin_list>
<pin id="29" dir="1" index="0" bw="1" slack="2147483647"/>
</pin_list>
<bind>
<StgValue><ssdm name="ap_fifo_str"/></StgValue>
</bind>
</comp>

<comp id="30" class="1001" name="const_30">
<pin_list>
<pin id="31" dir="1" index="0" bw="1" slack="2147483647"/>
</pin_list>
<bind>
<StgValue><ssdm name="p_str"/></StgValue>
</bind>
</comp>

<comp id="32" class="1001" name="const_32">
<pin_list>
<pin id="33" dir="1" index="0" bw="1" slack="2147483647"/>
</pin_list>
<bind>
<StgValue><ssdm name=""/></StgValue>
</bind>
</comp>

<comp id="34" class="1001" name="const_34">
<pin_list>
<pin id="35" dir="1" index="0" bw="1" slack="2147483647"/>
</pin_list>
<bind>
<StgValue><ssdm name="ScalarProp_str"/></StgValue>
</bind>
</comp>

<comp id="36" class="1001" name="const_36">
<pin_list>
<pin id="37" dir="1" index="0" bw="1" slack="0"/>
</pin_list>
<bind>
<StgValue><ssdm name="_ssdm_op_Read.ap_fifo.i64P0A"/></StgValue>
</bind>
</comp>

<comp id="38" class="1001" name="const_38">
<pin_list>
<pin id="39" dir="1" index="0" bw="1" slack="0"/>
</pin_list>
<bind>
<StgValue><ssdm name="_ssdm_op_PartSelect.i63.i64.i32.i32"/></StgValue>
</bind>
</comp>

<comp id="40" class="1001" name="const_40">
<pin_list>
<pin id="41" dir="1" index="0" bw="1" slack="0"/>
</pin_list>
<bind>
<StgValue><ssdm name=""/></StgValue>
</bind>
</comp>

<comp id="42" class="1001" name="const_42">
<pin_list>
<pin id="43" dir="1" index="0" bw="1" slack="0"/>
</pin_list>
<bind>
<StgValue><ssdm name=""/></StgValue>
</bind>
</comp>

<comp id="44" class="1001" name="const_44">
<pin_list>
<pin id="45" dir="1" index="0" bw="1" slack="0"/>
</pin_list>
<bind>
<StgValue><ssdm name="_ssdm_op_WriteReq.m_axi.p1i16"/></StgValue>
</bind>
</comp>

<comp id="46" class="1001" name="const_46">
<pin_list>
<pin id="47" dir="1" index="0" bw="1" slack="1"/>
</pin_list>
<bind>
<StgValue><ssdm name=""/></StgValue>
</bind>
</comp>

<comp id="48" class="1001" name="const_48">
<pin_list>
<pin id="49" dir="1" index="0" bw="1" slack="0"/>
</pin_list>
<bind>
<StgValue><ssdm name=""/></StgValue>
</bind>
</comp>

<comp id="50" class="1001" name="const_50">
<pin_list>
<pin id="51" dir="1" index="0" bw="1" slack="2147483647"/>
</pin_list>
<bind>
<StgValue><ssdm name="_ssdm_op_SpecPipeline"/></StgValue>
</bind>
</comp>

<comp id="52" class="1001" name="const_52">
<pin_list>
<pin id="53" dir="1" index="0" bw="1" slack="2147483647"/>
</pin_list>
<bind>
<StgValue><ssdm name=""/></StgValue>
</bind>
</comp>

<comp id="54" class="1001" name="const_54">
<pin_list>
<pin id="55" dir="1" index="0" bw="1" slack="2147483647"/>
</pin_list>
<bind>
<StgValue><ssdm name="_ssdm_op_SpecLoopTripCount"/></StgValue>
</bind>
</comp>

<comp id="56" class="1001" name="const_56">
<pin_list>
<pin id="57" dir="1" index="0" bw="1" slack="2147483647"/>
</pin_list>
<bind>
<StgValue><ssdm name=""/></StgValue>
</bind>
</comp>

<comp id="58" class="1001" name="const_58">
<pin_list>
<pin id="59" dir="1" index="0" bw="1" slack="2147483647"/>
</pin_list>
<bind>
<StgValue><ssdm name=""/></StgValue>
</bind>
</comp>

<comp id="60" class="1001" name="const_60">
<pin_list>
<pin id="61" dir="1" index="0" bw="1" slack="2147483647"/>
</pin_list>
<bind>
<StgValue><ssdm name=""/></StgValue>
</bind>
</comp>

<comp id="62" class="1001" name="const_62">
<pin_list>
<pin id="63" dir="1" index="0" bw="1" slack="0"/>
</pin_list>
<bind>
<StgValue><ssdm name="_ssdm_op_Read.ap_fifo.volatile.i16P0A"/></StgValue>
</bind>
</comp>

<comp id="64" class="1001" name="const_64">
<pin_list>
<pin id="65" dir="1" index="0" bw="1" slack="2147483647"/>
</pin_list>
<bind>
<StgValue><ssdm name="_ssdm_op_SpecLoopName"/></StgValue>
</bind>
</comp>

<comp id="66" class="1001" name="const_66">
<pin_list>
<pin id="67" dir="1" index="0" bw="1" slack="2147483647"/>
</pin_list>
<bind>
<StgValue><ssdm name="empty_20"/></StgValue>
</bind>
</comp>

<comp id="68" class="1001" name="const_68">
<pin_list>
<pin id="69" dir="1" index="0" bw="1" slack="0"/>
</pin_list>
<bind>
<StgValue><ssdm name="_ssdm_op_Write.m_axi.p1i16"/></StgValue>
</bind>
</comp>

<comp id="70" class="1001" name="const_70">
<pin_list>
<pin id="71" dir="1" index="0" bw="1" slack="0"/>
</pin_list>
<bind>
<StgValue><ssdm name=""/></StgValue>
</bind>
</comp>

<comp id="72" class="1001" name="const_72">
<pin_list>
<pin id="73" dir="1" index="0" bw="1" slack="0"/>
</pin_list>
<bind>
<StgValue><ssdm name="_ssdm_op_WriteResp.m_axi.p1i16"/></StgValue>
</bind>
</comp>

<comp id="74" class="1004" name="compress_size_read_read_fu_74">
<pin_list>
<pin id="75" dir="0" index="0" bw="32" slack="0"/>
<pin id="76" dir="0" index="1" bw="32" slack="0"/>
<pin id="77" dir="1" index="2" bw="32" slack="0"/>
</pin_list>
<bind>
<opcode="read(1150) " fcode="read"/>
<opset="compress_size_read/1 "/>
</bind>
</comp>

<comp id="80" class="1004" name="output_read_read_fu_80">
<pin_list>
<pin id="81" dir="0" index="0" bw="64" slack="0"/>
<pin id="82" dir="0" index="1" bw="64" slack="0"/>
<pin id="83" dir="1" index="2" bw="64" slack="0"/>
</pin_list>
<bind>
<opcode="read(1150) " fcode="read"/>
<opset="output_read/1 "/>
</bind>
</comp>

<comp id="86" class="1004" name="grp_writeresp_fu_86">
<pin_list>
<pin id="87" dir="0" index="0" bw="1" slack="0"/>
<pin id="88" dir="0" index="1" bw="16" slack="1"/>
<pin id="89" dir="0" index="2" bw="32" slack="1"/>
<pin id="90" dir="1" index="3" bw="1" slack="2147483647"/>
</pin_list>
<bind>
<opcode="writereq(1155) writeresp(1158) " fcode="writeresp"/>
<opset="empty/2 empty_43/6 "/>
</bind>
</comp>

<comp id="92" class="1004" name="tmp_read_fu_92">
<pin_list>
<pin id="93" dir="0" index="0" bw="16" slack="0"/>
<pin id="94" dir="0" index="1" bw="16" slack="0"/>
<pin id="95" dir="1" index="2" bw="16" slack="1"/>
</pin_list>
<bind>
<opcode="read(1150) " fcode="read"/>
<opset="tmp/4 "/>
</bind>
</comp>

<comp id="98" class="1004" name="write_ln270_write_fu_98">
<pin_list>
<pin id="99" dir="0" index="0" bw="0" slack="0"/>
<pin id="100" dir="0" index="1" bw="16" slack="4"/>
<pin id="101" dir="0" index="2" bw="16" slack="1"/>
<pin id="102" dir="0" index="3" bw="1" slack="0"/>
<pin id="103" dir="1" index="4" bw="0" slack="2147483647"/>
</pin_list>
<bind>
<opcode="write(1151) " fcode="write"/>
<opset="write_ln270/5 "/>
</bind>
</comp>

<comp id="107" class="1005" name="i_reg_107">
<pin_list>
<pin id="108" dir="0" index="0" bw="31" slack="1"/>
<pin id="109" dir="1" index="1" bw="31" slack="1"/>
</pin_list>
<bind>
<opset="i (phireg) "/>
</bind>
</comp>

<comp id="111" class="1004" name="i_phi_fu_111">
<pin_list>
<pin id="112" dir="0" index="0" bw="31" slack="0"/>
<pin id="113" dir="0" index="1" bw="0" slack="2147483647"/>
<pin id="114" dir="0" index="2" bw="1" slack="1"/>
<pin id="115" dir="0" index="3" bw="0" slack="2147483647"/>
<pin id="116" dir="1" index="4" bw="31" slack="0"/>
</pin_list>
<bind>
<opcode="phi(47) " fcode="phi"/>
<opset="i/3 "/>
</bind>
</comp>

<comp id="118" class="1004" name="icmp_ln269_fu_118">
<pin_list>
<pin id="119" dir="0" index="0" bw="32" slack="0"/>
<pin id="120" dir="0" index="1" bw="1" slack="0"/>
<pin id="121" dir="1" index="2" bw="1" slack="70"/>
</pin_list>
<bind>
<opcode="icmp(45) " fcode="icmp"/>
<opset="icmp_ln269/1 "/>
</bind>
</comp>

<comp id="124" class="1004" name="trunc_ln269_1_fu_124">
<pin_list>
<pin id="125" dir="0" index="0" bw="63" slack="0"/>
<pin id="126" dir="0" index="1" bw="64" slack="0"/>
<pin id="127" dir="0" index="2" bw="1" slack="0"/>
<pin id="128" dir="0" index="3" bw="7" slack="0"/>
<pin id="129" dir="1" index="4" bw="63" slack="0"/>
</pin_list>
<bind>
<opcode="partselect(1002) " fcode="partselect"/>
<opset="trunc_ln269_1/1 "/>
</bind>
</comp>

<comp id="134" class="1004" name="sext_ln269_fu_134">
<pin_list>
<pin id="135" dir="0" index="0" bw="63" slack="0"/>
<pin id="136" dir="1" index="1" bw="64" slack="0"/>
</pin_list>
<bind>
<opcode="sext(35) " fcode="sext"/>
<opset="sext_ln269/1 "/>
</bind>
</comp>

<comp id="138" class="1004" name="HP3_addr_fu_138">
<pin_list>
<pin id="139" dir="0" index="0" bw="16" slack="0"/>
<pin id="140" dir="0" index="1" bw="63" slack="0"/>
<pin id="141" dir="1" index="2" bw="16" slack="1"/>
</pin_list>
<bind>
<opcode="getelementptr(29) " fcode="getelementptr"/>
<opset="HP3_addr/1 "/>
</bind>
</comp>

<comp id="144" class="1004" name="trunc_ln269_fu_144">
<pin_list>
<pin id="145" dir="0" index="0" bw="32" slack="1"/>
<pin id="146" dir="1" index="1" bw="31" slack="1"/>
</pin_list>
<bind>
<opcode="trunc(33) " fcode="trunc"/>
<opset="trunc_ln269/2 "/>
</bind>
</comp>

<comp id="147" class="1004" name="add_ln269_fu_147">
<pin_list>
<pin id="148" dir="0" index="0" bw="31" slack="0"/>
<pin id="149" dir="0" index="1" bw="1" slack="0"/>
<pin id="150" dir="1" index="2" bw="31" slack="0"/>
</pin_list>
<bind>
<opcode="add(8) " fcode="add"/>
<opset="add_ln269/3 "/>
</bind>
</comp>

<comp id="153" class="1004" name="icmp_ln269_1_fu_153">
<pin_list>
<pin id="154" dir="0" index="0" bw="31" slack="0"/>
<pin id="155" dir="0" index="1" bw="31" slack="1"/>
<pin id="156" dir="1" index="2" bw="1" slack="1"/>
</pin_list>
<bind>
<opcode="icmp(45) " fcode="icmp"/>
<opset="icmp_ln269_1/3 "/>
</bind>
</comp>

<comp id="158" class="1005" name="compress_size_read_reg_158">
<pin_list>
<pin id="159" dir="0" index="0" bw="32" slack="1"/>
<pin id="160" dir="1" index="1" bw="32" slack="1"/>
</pin_list>
<bind>
<opset="compress_size_read "/>
</bind>
</comp>

<comp id="164" class="1005" name="icmp_ln269_reg_164">
<pin_list>
<pin id="165" dir="0" index="0" bw="1" slack="70"/>
<pin id="166" dir="1" index="1" bw="1" slack="2147483647"/>
</pin_list>
<bind>
<opset="icmp_ln269 "/>
</bind>
</comp>

<comp id="168" class="1005" name="HP3_addr_reg_168">
<pin_list>
<pin id="169" dir="0" index="0" bw="16" slack="1"/>
<pin id="170" dir="1" index="1" bw="16" slack="1"/>
</pin_list>
<bind>
<opset="HP3_addr "/>
</bind>
</comp>

<comp id="174" class="1005" name="trunc_ln269_reg_174">
<pin_list>
<pin id="175" dir="0" index="0" bw="31" slack="1"/>
<pin id="176" dir="1" index="1" bw="31" slack="1"/>
</pin_list>
<bind>
<opset="trunc_ln269 "/>
</bind>
</comp>

<comp id="179" class="1005" name="add_ln269_reg_179">
<pin_list>
<pin id="180" dir="0" index="0" bw="31" slack="0"/>
<pin id="181" dir="1" index="1" bw="31" slack="0"/>
</pin_list>
<bind>
<opset="add_ln269 "/>
</bind>
</comp>

<comp id="184" class="1005" name="icmp_ln269_1_reg_184">
<pin_list>
<pin id="185" dir="0" index="0" bw="1" slack="1"/>
<pin id="186" dir="1" index="1" bw="1" slack="2147483647"/>
</pin_list>
<bind>
<opset="icmp_ln269_1 "/>
</bind>
</comp>

<comp id="188" class="1005" name="tmp_reg_188">
<pin_list>
<pin id="189" dir="0" index="0" bw="16" slack="1"/>
<pin id="190" dir="1" index="1" bw="16" slack="1"/>
</pin_list>
<bind>
<opset="tmp "/>
</bind>
</comp>

</comp_list>

<net_list>
<net id="78"><net_src comp="8" pin="0"/><net_sink comp="74" pin=0"/></net>

<net id="79"><net_src comp="4" pin="0"/><net_sink comp="74" pin=1"/></net>

<net id="84"><net_src comp="36" pin="0"/><net_sink comp="80" pin=0"/></net>

<net id="85"><net_src comp="6" pin="0"/><net_sink comp="80" pin=1"/></net>

<net id="91"><net_src comp="44" pin="0"/><net_sink comp="86" pin=0"/></net>

<net id="96"><net_src comp="62" pin="0"/><net_sink comp="92" pin=0"/></net>

<net id="97"><net_src comp="0" pin="0"/><net_sink comp="92" pin=1"/></net>

<net id="104"><net_src comp="68" pin="0"/><net_sink comp="98" pin=0"/></net>

<net id="105"><net_src comp="70" pin="0"/><net_sink comp="98" pin=3"/></net>

<net id="106"><net_src comp="72" pin="0"/><net_sink comp="86" pin=0"/></net>

<net id="110"><net_src comp="46" pin="0"/><net_sink comp="107" pin=0"/></net>

<net id="117"><net_src comp="107" pin="1"/><net_sink comp="111" pin=2"/></net>

<net id="122"><net_src comp="74" pin="2"/><net_sink comp="118" pin=0"/></net>

<net id="123"><net_src comp="14" pin="0"/><net_sink comp="118" pin=1"/></net>

<net id="130"><net_src comp="38" pin="0"/><net_sink comp="124" pin=0"/></net>

<net id="131"><net_src comp="80" pin="2"/><net_sink comp="124" pin=1"/></net>

<net id="132"><net_src comp="40" pin="0"/><net_sink comp="124" pin=2"/></net>

<net id="133"><net_src comp="42" pin="0"/><net_sink comp="124" pin=3"/></net>

<net id="137"><net_src comp="124" pin="4"/><net_sink comp="134" pin=0"/></net>

<net id="142"><net_src comp="2" pin="0"/><net_sink comp="138" pin=0"/></net>

<net id="143"><net_src comp="134" pin="1"/><net_sink comp="138" pin=1"/></net>

<net id="151"><net_src comp="111" pin="4"/><net_sink comp="147" pin=0"/></net>

<net id="152"><net_src comp="48" pin="0"/><net_sink comp="147" pin=1"/></net>

<net id="157"><net_src comp="111" pin="4"/><net_sink comp="153" pin=0"/></net>

<net id="161"><net_src comp="74" pin="2"/><net_sink comp="158" pin=0"/></net>

<net id="162"><net_src comp="158" pin="1"/><net_sink comp="144" pin=0"/></net>

<net id="163"><net_src comp="158" pin="1"/><net_sink comp="86" pin=2"/></net>

<net id="167"><net_src comp="118" pin="2"/><net_sink comp="164" pin=0"/></net>

<net id="171"><net_src comp="138" pin="2"/><net_sink comp="168" pin=0"/></net>

<net id="172"><net_src comp="168" pin="1"/><net_sink comp="86" pin=1"/></net>

<net id="173"><net_src comp="168" pin="1"/><net_sink comp="98" pin=1"/></net>

<net id="177"><net_src comp="144" pin="1"/><net_sink comp="174" pin=0"/></net>

<net id="178"><net_src comp="174" pin="1"/><net_sink comp="153" pin=1"/></net>

<net id="182"><net_src comp="147" pin="2"/><net_sink comp="179" pin=0"/></net>

<net id="183"><net_src comp="179" pin="1"/><net_sink comp="111" pin=0"/></net>

<net id="187"><net_src comp="153" pin="2"/><net_sink comp="184" pin=0"/></net>

<net id="191"><net_src comp="92" pin="2"/><net_sink comp="188" pin=0"/></net>

<net id="192"><net_src comp="188" pin="1"/><net_sink comp="98" pin=2"/></net>

</net_list>

</model> 
---------------- Datapath Model END ------------------

* FSMD analyzer results:
  - Output states:
	Port: HP3 | {2 5 6 7 8 9 10 11 12 13 14 15 16 17 18 19 20 21 22 23 24 25 26 27 28 29 30 31 32 33 34 35 36 37 38 39 40 41 42 43 44 45 46 47 48 49 50 51 52 53 54 55 56 57 58 59 60 61 62 63 64 65 66 67 68 69 70 71 72 73 }
 - Input state : 
	Port: write_output : output_stream | {4 }
	Port: write_output : compress_size | {1 }
	Port: write_output : output_r | {1 }
  - Chain level:
	State 1
		br_ln269 : 1
		sext_ln269 : 1
		HP3_addr : 2
	State 2
	State 3
		add_ln269 : 1
		icmp_ln269_1 : 1
		br_ln269 : 2
	State 4
	State 5
	State 6
	State 7
	State 8
	State 9
	State 10
	State 11
	State 12
	State 13
	State 14
	State 15
	State 16
	State 17
	State 18
	State 19
	State 20
	State 21
	State 22
	State 23
	State 24
	State 25
	State 26
	State 27
	State 28
	State 29
	State 30
	State 31
	State 32
	State 33
	State 34
	State 35
	State 36
	State 37
	State 38
	State 39
	State 40
	State 41
	State 42
	State 43
	State 44
	State 45
	State 46
	State 47
	State 48
	State 49
	State 50
	State 51
	State 52
	State 53
	State 54
	State 55
	State 56
	State 57
	State 58
	State 59
	State 60
	State 61
	State 62
	State 63
	State 64
	State 65
	State 66
	State 67
	State 68
	State 69
	State 70
	State 71
	State 72
	State 73


============================================================
+ Verbose Summary: Datapath Resource usage 
============================================================

* Functional unit list:
|----------|-------------------------------|---------|---------|
| Operation|        Functional Unit        |    FF   |   LUT   |
|----------|-------------------------------|---------|---------|
|   icmp   |       icmp_ln269_fu_118       |    0    |    20   |
|          |      icmp_ln269_1_fu_153      |    0    |    19   |
|----------|-------------------------------|---------|---------|
|    add   |        add_ln269_fu_147       |    0    |    38   |
|----------|-------------------------------|---------|---------|
|          | compress_size_read_read_fu_74 |    0    |    0    |
|   read   |     output_read_read_fu_80    |    0    |    0    |
|          |         tmp_read_fu_92        |    0    |    0    |
|----------|-------------------------------|---------|---------|
| writeresp|      grp_writeresp_fu_86      |    0    |    0    |
|----------|-------------------------------|---------|---------|
|   write  |    write_ln270_write_fu_98    |    0    |    0    |
|----------|-------------------------------|---------|---------|
|partselect|      trunc_ln269_1_fu_124     |    0    |    0    |
|----------|-------------------------------|---------|---------|
|   sext   |       sext_ln269_fu_134       |    0    |    0    |
|----------|-------------------------------|---------|---------|
|   trunc  |       trunc_ln269_fu_144      |    0    |    0    |
|----------|-------------------------------|---------|---------|
|   Total  |                               |    0    |    77   |
|----------|-------------------------------|---------|---------|

Memories:
N/A

* Register list:
+--------------------------+--------+
|                          |   FF   |
+--------------------------+--------+
|     HP3_addr_reg_168     |   16   |
|     add_ln269_reg_179    |   31   |
|compress_size_read_reg_158|   32   |
|         i_reg_107        |   31   |
|   icmp_ln269_1_reg_184   |    1   |
|    icmp_ln269_reg_164    |    1   |
|        tmp_reg_188       |   16   |
|    trunc_ln269_reg_174   |   31   |
+--------------------------+--------+
|           Total          |   159  |
+--------------------------+--------+

* Multiplexer (MUX) list: 
|---------------------|------|------|------|--------||---------|
|         Comp        |  Pin | Size |  BW  | S x BW ||  Delay  |
|---------------------|------|------|------|--------||---------|
| grp_writeresp_fu_86 |  p0  |   2  |   1  |    2   |
|---------------------|------|------|------|--------||---------|
|        Total        |      |      |      |    2   ||  0.489  |
|---------------------|------|------|------|--------||---------|



* Summary:
+-----------+--------+--------+--------+
|           |  Delay |   FF   |   LUT  |
+-----------+--------+--------+--------+
|  Function |    -   |    0   |   77   |
|   Memory  |    -   |    -   |    -   |
|Multiplexer|    0   |    -   |    -   |
|  Register |    -   |   159  |    -   |
+-----------+--------+--------+--------+
|   Total   |    0   |   159  |   77   |
+-----------+--------+--------+--------+
