

================================================================
== Vitis HLS Report for 'hardware_encoding'
================================================================
* Date:           Mon Dec  4 15:55:03 2023

* Version:        2020.2 (Build 3064766 on Wed Nov 18 09:12:47 MST 2020)
* Project:        final_project
* Solution:       solution1 (Vitis Kernel Flow Target)
* Product family: zynquplus
* Target device:  xczu3eg-sbva484-1-i


================================================================
== Performance Estimates
================================================================
+ Timing: 
    * Summary: 
    +--------+---------+----------+------------+
    |  Clock |  Target | Estimated| Uncertainty|
    +--------+---------+----------+------------+
    |ap_clk  |  6.67 ns|  4.867 ns|     1.80 ns|
    +--------+---------+----------+------------+

+ Latency: 
    * Summary: 
    +---------+---------+----------+----------+-----+-----+---------+
    |  Latency (cycles) |  Latency (absolute) |  Interval | Pipeline|
    |   min   |   max   |    min   |    max   | min | max |   Type  |
    +---------+---------+----------+----------+-----+-----+---------+
    |        ?|        ?|         ?|         ?|    ?|    ?|     none|
    +---------+---------+----------+----------+-----+-----+---------+

    + Detail: 
        * Instance: 
        +-------------------------+--------------+---------+---------+-----------+-----------+-----+-----+---------+
        |                         |              |  Latency (cycles) |   Latency (absolute)  |  Interval | Pipeline|
        |         Instance        |    Module    |   min   |   max   |    min    |    max    | min | max |   Type  |
        +-------------------------+--------------+---------+---------+-----------+-----------+-----+-----+---------+
        |grp_assoc_lookup_fu_696  |assoc_lookup  |        2|        4|  13.334 ns|  26.668 ns|    2|    4|     none|
        +-------------------------+--------------+---------+---------+-----------+-----------+-----+-----+---------+

        * Loop: 
        +--------------------+---------+---------+----------+-----------+-----------+-------+----------+
        |                    |  Latency (cycles) | Iteration|  Initiation Interval  |  Trip |          |
        |      Loop Name     |   min   |   max   |  Latency |  achieved |   target  | Count | Pipelined|
        +--------------------+---------+---------+----------+-----------+-----------+-------+----------+
        |- VITIS_LOOP_216_1  |    16384|    16384|         1|          1|          1|  16384|       yes|
        |- VITIS_LOOP_224_2  |      512|      512|         1|          1|          1|    512|       yes|
        |- VITIS_LOOP_252_3  |        ?|        ?|  97 ~ 126|          -|          -|      ?|        no|
        | + VITIS_LOOP_21_1  |       20|       20|         1|          1|          1|     20|       yes|
        | + VITIS_LOOP_21_1  |       20|       20|         1|          1|          1|     20|       yes|
        |- VITIS_LOOP_320_4  |        ?|        ?|        71|          -|          -|      ?|        no|
        +--------------------+---------+---------+----------+-----------+-----------+-------+----------+



================================================================
== Utilization Estimates
================================================================
* Summary: 
+-----------------+---------+-----+--------+-------+-----+
|       Name      | BRAM_18K| DSP |   FF   |  LUT  | URAM|
+-----------------+---------+-----+--------+-------+-----+
|DSP              |        -|    -|       -|      -|    -|
|Expression       |        -|    -|       0|   1911|    -|
|FIFO             |        -|    -|       -|      -|    -|
|Instance         |        4|    -|    1376|   3036|    -|
|Memory           |      130|    -|      24|     12|    -|
|Multiplexer      |        -|    -|       -|   2302|    -|
|Register         |        -|    -|    1558|      -|    -|
+-----------------+---------+-----+--------+-------+-----+
|Total            |      134|    0|    2958|   7261|    0|
+-----------------+---------+-----+--------+-------+-----+
|Available        |      432|  360|  141120|  70560|    0|
+-----------------+---------+-----+--------+-------+-----+
|Utilization (%)  |       31|    0|       2|     10|    0|
+-----------------+---------+-----+--------+-------+-----+

+ Detail: 
    * Instance: 
    +-------------------------+---------------+---------+----+-----+------+-----+
    |         Instance        |     Module    | BRAM_18K| DSP|  FF |  LUT | URAM|
    +-------------------------+---------------+---------+----+-----+------+-----+
    |HP1_m_axi_U              |HP1_m_axi      |        2|   0|  512|   580|    0|
    |HP3_m_axi_U              |HP3_m_axi      |        2|   0|  512|   580|    0|
    |grp_assoc_lookup_fu_696  |assoc_lookup   |        0|   0|   36|  1324|    0|
    |control_s_axi_U          |control_s_axi  |        0|   0|  316|   552|    0|
    +-------------------------+---------------+---------+----+-----+------+-----+
    |Total                    |               |        4|   0| 1376|  3036|    0|
    +-------------------------+---------------+---------+----+-----+------+-----+

    * DSP: 
    N/A

    * Memory: 
    +-------------------------------+----------------------------+---------+----+----+-----+-------+-----+------+-------------+
    |             Memory            |           Module           | BRAM_18K| FF | LUT| URAM| Words | Bits| Banks| W*Bits*Banks|
    +-------------------------------+----------------------------+---------+----+----+-----+-------+-----+------+-------------+
    |hash_table_0_U                 |hash_table_0                |       60|   0|   0|    0|  32768|   33|     1|      1081344|
    |hash_table_1_U                 |hash_table_0                |       60|   0|   0|    0|  32768|   33|     1|      1081344|
    |my_assoc_mem_upper_key_mem_U   |my_assoc_mem_upper_key_mem  |        2|   0|   0|    0|    512|   64|     1|        32768|
    |my_assoc_mem_middle_key_mem_U  |my_assoc_mem_upper_key_mem  |        2|   0|   0|    0|    512|   64|     1|        32768|
    |my_assoc_mem_lower_key_mem_U   |my_assoc_mem_upper_key_mem  |        2|   0|   0|    0|    512|   64|     1|        32768|
    |my_assoc_mem_value_U           |my_assoc_mem_value          |        0|  24|  12|    0|     64|   12|     1|          768|
    |temp_output_U                  |temp_output                 |        4|   0|   0|    0|   8192|    8|     1|        65536|
    +-------------------------------+----------------------------+---------+----+----+-----+-------+-----+------+-------------+
    |Total                          |                            |      130|  24|  12|    0|  75328|  278|     7|      2327296|
    +-------------------------------+----------------------------+---------+----+----+-----+-------+-----+------+-------------+

    * FIFO: 
    N/A

    * Expression: 
    +------------------------------+----------+----+---+-----+------------+------------+
    |         Variable Name        | Operation| DSP| FF| LUT | Bitwidth P0| Bitwidth P1|
    +------------------------------+----------+----+---+-----+------------+------------+
    |add_ln19_1_fu_1453_p2         |         +|   0|  0|   22|          15|          15|
    |add_ln19_fu_1168_p2           |         +|   0|  0|   22|          15|          15|
    |add_ln216_fu_763_p2           |         +|   0|  0|   23|          16|           2|
    |add_ln21_1_fu_1348_p2         |         +|   0|  0|   12|           5|           1|
    |add_ln21_fu_1063_p2           |         +|   0|  0|   12|           5|           1|
    |add_ln224_fu_791_p2           |         +|   0|  0|   17|          10|           1|
    |add_ln254_fu_912_p2           |         +|   0|  0|   38|          31|           1|
    |add_ln269_1_fu_864_p2         |         +|   0|  0|    9|           2|           1|
    |add_ln269_2_fu_964_p2         |         +|   0|  0|    9|           2|           2|
    |add_ln269_fu_939_p2           |         +|   0|  0|   71|          64|          64|
    |add_ln320_fu_1651_p2          |         +|   0|  0|   39|          32|           1|
    |add_ln322_1_fu_1677_p2        |         +|   0|  0|    9|           2|           2|
    |add_ln322_fu_1672_p2          |         +|   0|  0|   71|          64|          64|
    |grp_fu_711_p2                 |         +|   0|  0|   39|          32|           1|
    |grp_fu_750_p2                 |         +|   0|  0|   39|          32|           2|
    |hashed_10_fu_1389_p2          |         +|   0|  0|   39|          32|          32|
    |hashed_3_fu_1092_p2           |         +|   0|  0|   39|          32|          32|
    |hashed_4_fu_1104_p2           |         +|   0|  0|   39|          32|          32|
    |hashed_6_fu_1447_p2           |         +|   0|  0|   33|          26|          26|
    |hashed_9_fu_1377_p2           |         +|   0|  0|   39|          32|          32|
    |hashed_fu_1162_p2             |         +|   0|  0|   33|          26|          26|
    |my_assoc_mem_fill_fu_1576_p2  |         +|   0|  0|   39|          32|           1|
    |next_code_fu_1617_p2          |         +|   0|  0|   39|          32|           1|
    |output_pos_4_fu_1637_p2       |         +|   0|  0|   39|          32|           1|
    |and_ln52_fu_1245_p2           |       and|   0|  0|    2|           1|           1|
    |and_ln59_fu_1256_p2           |       and|   0|  0|    2|           1|           1|
    |ap_condition_1080             |       and|   0|  0|    2|           1|           1|
    |ap_condition_768              |       and|   0|  0|    2|           1|           1|
    |icmp_ln118_fu_1531_p2         |      icmp|   0|  0|   17|          26|           1|
    |icmp_ln21_1_fu_1354_p2        |      icmp|   0|  0|    9|           5|           5|
    |icmp_ln21_fu_1069_p2          |      icmp|   0|  0|    9|           5|           5|
    |icmp_ln224_fu_797_p2          |      icmp|   0|  0|   11|          10|          11|
    |icmp_ln252_1_fu_907_p2        |      icmp|   0|  0|   20|          32|          32|
    |icmp_ln252_fu_856_p2          |      icmp|   0|  0|   20|          32|           1|
    |icmp_ln254_fu_934_p2          |      icmp|   0|  0|   20|          32|          32|
    |icmp_ln320_fu_1662_p2         |      icmp|   0|  0|   20|          32|          32|
    |icmp_ln52_fu_1240_p2          |      icmp|   0|  0|   14|          20|          20|
    |icmp_ln59_fu_1251_p2          |      icmp|   0|  0|   14|          20|          20|
    |lshr_ln24_1_fu_1364_p2        |      lshr|   0|  0|  179|          64|          64|
    |lshr_ln24_fu_1079_p2          |      lshr|   0|  0|  179|          64|          64|
    |lshr_ln269_fu_1026_p2         |      lshr|   0|  0|  100|          32|          32|
    |ap_block_state1               |        or|   0|  0|    2|           1|           1|
    |or_ln120_fu_1596_p2           |        or|   0|  0|   64|          64|          64|
    |or_ln121_fu_1603_p2           |        or|   0|  0|   64|          64|          64|
    |or_ln122_fu_1610_p2           |        or|   0|  0|   64|          64|          64|
    |or_ln216_fu_779_p2            |        or|   0|  0|   15|          15|           1|
    |or_ln262_fu_990_p2            |        or|   0|  0|    4|           1|           4|
    |or_ln282_fu_1313_p2           |        or|   0|  0|    4|           1|           4|
    |shl_ln120_fu_1587_p2          |       shl|   0|  0|  100|           1|          32|
    |shl_ln322_2_fu_1745_p2        |       shl|   0|  0|  100|          32|          32|
    |shl_ln322_fu_1728_p2          |       shl|   0|  0|    9|           1|           4|
    |hashed_11_fu_1409_p2          |       xor|   0|  0|   32|          32|          32|
    |hashed_12_fu_1469_p2          |       xor|   0|  0|   15|          15|          15|
    |hashed_1_fu_1184_p2           |       xor|   0|  0|   15|          15|          15|
    |hashed_5_fu_1124_p2           |       xor|   0|  0|   32|          32|          32|
    +------------------------------+----------+----+---+-----+------------+------------+
    |Total                         |          |   0|  0| 1911|        1319|        1043|
    +------------------------------+----------+----+---+-----+------------+------------+

    * Multiplexer: 
    +--------------------------------------+------+-----------+-----+-----------+
    |                 Name                 |  LUT | Input Size| Bits| Total Bits|
    +--------------------------------------+------+-----------+-----+-----------+
    |HP1_ARADDR                            |    20|          4|   64|        256|
    |HP1_blk_n_AR                          |     9|          2|    1|          2|
    |HP1_blk_n_R                           |     9|          2|    1|          2|
    |HP3_AWADDR                            |    14|          3|   64|        192|
    |HP3_WDATA                             |    14|          3|   32|         96|
    |HP3_WSTRB                             |    14|          3|    4|         12|
    |HP3_blk_n_AW                          |     9|          2|    1|          2|
    |HP3_blk_n_B                           |     9|          2|    1|          2|
    |HP3_blk_n_W                           |     9|          2|    1|          2|
    |ap_NS_fsm                             |  1611|        304|    1|        304|
    |ap_done                               |     9|          2|    1|          2|
    |grp_fu_750_p0                         |    14|          3|   32|         96|
    |hash_table_0_address0                 |    20|          4|   15|         60|
    |hash_table_0_address1                 |    14|          3|   15|         45|
    |hash_table_0_d0                       |    14|          3|   33|         99|
    |hash_table_1_address0                 |    20|          4|   15|         60|
    |hash_table_1_address1                 |    14|          3|   15|         45|
    |hash_table_1_d0                       |    14|          3|   33|         99|
    |hashed_2_reg_602                      |     9|          2|   32|         64|
    |hashed_8_reg_637                      |     9|          2|   32|         64|
    |high_four_4141_reg_649                |     9|          2|    4|          8|
    |i_1_reg_569                           |     9|          2|   10|         20|
    |i_2_reg_580                           |     9|          2|   31|         62|
    |i_3_reg_591                           |     9|          2|    5|         10|
    |i_4_reg_685                           |     9|          2|   32|         64|
    |i_5_reg_626                           |     9|          2|    5|         10|
    |i_reg_558                             |     9|          2|   16|         32|
    |my_assoc_mem_fill_1_fu_252            |     9|          2|   32|         64|
    |my_assoc_mem_lower_key_mem_address0   |    26|          5|    9|         45|
    |my_assoc_mem_lower_key_mem_ce0        |    14|          3|    1|          3|
    |my_assoc_mem_lower_key_mem_d0         |    14|          3|   64|        192|
    |my_assoc_mem_middle_key_mem_address0  |    26|          5|    9|         45|
    |my_assoc_mem_middle_key_mem_ce0       |    14|          3|    1|          3|
    |my_assoc_mem_middle_key_mem_d0        |    14|          3|   64|        192|
    |my_assoc_mem_upper_key_mem_address0   |    26|          5|    9|         45|
    |my_assoc_mem_upper_key_mem_ce0        |    14|          3|    1|          3|
    |my_assoc_mem_upper_key_mem_d0         |    14|          3|   64|        192|
    |my_assoc_mem_value_address0           |    14|          3|    6|         18|
    |my_assoc_mem_value_ce0                |    14|          3|    1|          3|
    |output_pos_4140_reg_659               |     9|          2|   32|         64|
    |output_pos_5_reg_668                  |    20|          4|   32|        128|
    |output_pos_fu_244                     |    14|          3|   32|         96|
    |prefix_code_1_fu_240                  |    26|          5|   12|         60|
    |send_two_fu_260                       |     9|          2|    1|          2|
    |temp_output_address0                  |    26|          5|   13|         65|
    |temp_output_address1                  |    26|          5|   13|         65|
    |temp_output_d0                        |    26|          5|    8|         40|
    |temp_output_d1                        |    20|          4|    8|         32|
    |value_fu_256                          |     9|          2|   32|         64|
    +--------------------------------------+------+-----------+-----+-----------+
    |Total                                 |  2302|        448|  940|       3131|
    +--------------------------------------+------+-----------+-----+-----------+

    * Register: 
    +--------------------------------------+-----+----+-----+-----------+
    |                 Name                 |  FF | LUT| Bits| Const Bits|
    +--------------------------------------+-----+----+-----+-----------+
    |HP1_addr_1_reg_1796                   |   64|   0|   64|          0|
    |HP1_addr_2_read_reg_1927              |   32|   0|   32|          0|
    |HP1_addr_2_reg_1900                   |   64|   0|   64|          0|
    |HP3_addr_1_reg_2094                   |   64|   0|   64|          0|
    |HP3_addr_reg_2100                     |   64|   0|   64|          0|
    |add_ln254_reg_1884                    |   31|   0|   31|          0|
    |add_ln269_1_reg_1863                  |    2|   0|    2|          0|
    |add_ln269_2_reg_1906                  |    2|   0|    2|          0|
    |add_ln320_reg_2075                    |   32|   0|   32|          0|
    |add_ln322_1_reg_2088                  |    2|   0|    2|          0|
    |and_ln52_reg_1984                     |    1|   0|    1|          0|
    |and_ln59_reg_1988                     |    1|   0|    1|          0|
    |ap_CS_fsm                             |  303|   0|  303|          0|
    |ap_done_reg                           |    1|   0|    1|          0|
    |ap_rst_n_inv                          |    1|   0|    1|          0|
    |ap_rst_reg_1                          |    1|   0|    1|          0|
    |ap_rst_reg_2                          |    1|   0|    1|          0|
    |grp_assoc_lookup_fu_696_ap_start_reg  |    1|   0|    1|          0|
    |hash_table_0_addr_3_reg_2017          |   15|   0|   15|          0|
    |hash_table_1_addr_3_reg_2027          |   15|   0|   15|          0|
    |hashed_2_reg_602                      |   32|   0|   32|          0|
    |hashed_8_reg_637                      |   32|   0|   32|          0|
    |high_four_4141_reg_649                |    4|   0|    8|          4|
    |high_four_fu_248                      |    4|   0|    8|          4|
    |hit_reg_1992                          |    1|   0|    1|          0|
    |i_1_reg_569                           |   10|   0|   10|          0|
    |i_2_reg_580                           |   31|   0|   31|          0|
    |i_3_reg_591                           |    5|   0|    5|          0|
    |i_4_reg_685                           |   32|   0|   32|          0|
    |i_5_reg_626                           |    5|   0|    5|          0|
    |i_reg_558                             |   16|   0|   16|          0|
    |icmp_ln252_1_reg_1880                 |    1|   0|    1|          0|
    |icmp_ln252_reg_1814                   |    1|   0|    1|          0|
    |icmp_ln254_reg_1896                   |    1|   0|    1|          0|
    |input_size_read_reg_1751              |   64|   0|   64|          0|
    |key_assign_reg_1948                   |   20|   0|   20|          0|
    |key_cast9_reg_1943                    |    9|   0|    9|          0|
    |len_reg_1807                          |   32|   0|   32|          0|
    |lzw_size_read_reg_1756                |   64|   0|   64|          0|
    |mem_lower_key_mem_addr_reg_2055       |    9|   0|    9|          0|
    |mem_middle_key_mem_addr_reg_2050      |    9|   0|    9|          0|
    |mem_upper_key_mem_addr_reg_2045       |    2|   0|    9|          7|
    |my_assoc_mem_fill_1_fu_252            |   32|   0|   32|          0|
    |my_assoc_mem_fill_1_load_reg_2037     |   32|   0|   32|          0|
    |next_char_reg_1932                    |    8|   0|    8|          0|
    |output_pos_1_reg_1868                 |   32|   0|   32|          0|
    |output_pos_4140_reg_659               |   32|   0|   32|          0|
    |output_pos_5_reg_668                  |   32|   0|   32|          0|
    |output_pos_fu_244                     |   32|   0|   32|          0|
    |output_read_reg_1761                  |   64|   0|   64|          0|
    |prefix_code_1_fu_240                  |   12|   0|   12|          0|
    |prefix_code_reg_1802                  |    8|   0|    8|          0|
    |s1_read_reg_1767                      |   64|   0|   64|          0|
    |send_two_1_reg_614                    |    1|   0|    1|          0|
    |send_two_fu_260                       |    1|   0|    1|          0|
    |shl_ln322_2_reg_2111                  |   32|   0|   32|          0|
    |shl_ln322_reg_2106                    |    4|   0|    4|          0|
    |trunc_ln252_reg_1889                  |   12|   0|   12|          0|
    |trunc_ln322_reg_2070                  |    2|   0|    2|          0|
    |valid_0_1_reg_2023                    |    1|   0|    1|          0|
    |valid_1_1_reg_2033                    |    1|   0|    1|          0|
    |value_fu_256                          |   32|   0|   32|          0|
    |zext_ln17_reg_1955                    |   20|   0|   64|         44|
    |zext_ln273_reg_1938                   |    8|   0|   12|          4|
    |zext_ln78_reg_2012                    |   15|   0|   64|         49|
    +--------------------------------------+-----+----+-----+-----------+
    |Total                                 | 1558|   0| 1670|        112|
    +--------------------------------------+-----+----+-----+-----------+



================================================================
== Interface
================================================================
* Summary: 
+-----------------------+-----+-----+---------------+-------------------+--------------+
|       RTL Ports       | Dir | Bits|    Protocol   |   Source Object   |    C Type    |
+-----------------------+-----+-----+---------------+-------------------+--------------+
|s_axi_control_AWVALID  |   in|    1|          s_axi|            control|        scalar|
|s_axi_control_AWREADY  |  out|    1|          s_axi|            control|        scalar|
|s_axi_control_AWADDR   |   in|    6|          s_axi|            control|        scalar|
|s_axi_control_WVALID   |   in|    1|          s_axi|            control|        scalar|
|s_axi_control_WREADY   |  out|    1|          s_axi|            control|        scalar|
|s_axi_control_WDATA    |   in|   32|          s_axi|            control|        scalar|
|s_axi_control_WSTRB    |   in|    4|          s_axi|            control|        scalar|
|s_axi_control_ARVALID  |   in|    1|          s_axi|            control|        scalar|
|s_axi_control_ARREADY  |  out|    1|          s_axi|            control|        scalar|
|s_axi_control_ARADDR   |   in|    6|          s_axi|            control|        scalar|
|s_axi_control_RVALID   |  out|    1|          s_axi|            control|        scalar|
|s_axi_control_RREADY   |   in|    1|          s_axi|            control|        scalar|
|s_axi_control_RDATA    |  out|   32|          s_axi|            control|        scalar|
|s_axi_control_RRESP    |  out|    2|          s_axi|            control|        scalar|
|s_axi_control_BVALID   |  out|    1|          s_axi|            control|        scalar|
|s_axi_control_BREADY   |   in|    1|          s_axi|            control|        scalar|
|s_axi_control_BRESP    |  out|    2|          s_axi|            control|        scalar|
|ap_clk                 |   in|    1|  ap_ctrl_chain|  hardware_encoding|  return value|
|ap_rst_n               |   in|    1|  ap_ctrl_chain|  hardware_encoding|  return value|
|interrupt              |  out|    1|  ap_ctrl_chain|  hardware_encoding|  return value|
|m_axi_HP1_AWVALID      |  out|    1|          m_axi|                HP1|       pointer|
|m_axi_HP1_AWREADY      |   in|    1|          m_axi|                HP1|       pointer|
|m_axi_HP1_AWADDR       |  out|   64|          m_axi|                HP1|       pointer|
|m_axi_HP1_AWID         |  out|    1|          m_axi|                HP1|       pointer|
|m_axi_HP1_AWLEN        |  out|    8|          m_axi|                HP1|       pointer|
|m_axi_HP1_AWSIZE       |  out|    3|          m_axi|                HP1|       pointer|
|m_axi_HP1_AWBURST      |  out|    2|          m_axi|                HP1|       pointer|
|m_axi_HP1_AWLOCK       |  out|    2|          m_axi|                HP1|       pointer|
|m_axi_HP1_AWCACHE      |  out|    4|          m_axi|                HP1|       pointer|
|m_axi_HP1_AWPROT       |  out|    3|          m_axi|                HP1|       pointer|
|m_axi_HP1_AWQOS        |  out|    4|          m_axi|                HP1|       pointer|
|m_axi_HP1_AWREGION     |  out|    4|          m_axi|                HP1|       pointer|
|m_axi_HP1_AWUSER       |  out|    1|          m_axi|                HP1|       pointer|
|m_axi_HP1_WVALID       |  out|    1|          m_axi|                HP1|       pointer|
|m_axi_HP1_WREADY       |   in|    1|          m_axi|                HP1|       pointer|
|m_axi_HP1_WDATA        |  out|   32|          m_axi|                HP1|       pointer|
|m_axi_HP1_WSTRB        |  out|    4|          m_axi|                HP1|       pointer|
|m_axi_HP1_WLAST        |  out|    1|          m_axi|                HP1|       pointer|
|m_axi_HP1_WID          |  out|    1|          m_axi|                HP1|       pointer|
|m_axi_HP1_WUSER        |  out|    1|          m_axi|                HP1|       pointer|
|m_axi_HP1_ARVALID      |  out|    1|          m_axi|                HP1|       pointer|
|m_axi_HP1_ARREADY      |   in|    1|          m_axi|                HP1|       pointer|
|m_axi_HP1_ARADDR       |  out|   64|          m_axi|                HP1|       pointer|
|m_axi_HP1_ARID         |  out|    1|          m_axi|                HP1|       pointer|
|m_axi_HP1_ARLEN        |  out|    8|          m_axi|                HP1|       pointer|
|m_axi_HP1_ARSIZE       |  out|    3|          m_axi|                HP1|       pointer|
|m_axi_HP1_ARBURST      |  out|    2|          m_axi|                HP1|       pointer|
|m_axi_HP1_ARLOCK       |  out|    2|          m_axi|                HP1|       pointer|
|m_axi_HP1_ARCACHE      |  out|    4|          m_axi|                HP1|       pointer|
|m_axi_HP1_ARPROT       |  out|    3|          m_axi|                HP1|       pointer|
|m_axi_HP1_ARQOS        |  out|    4|          m_axi|                HP1|       pointer|
|m_axi_HP1_ARREGION     |  out|    4|          m_axi|                HP1|       pointer|
|m_axi_HP1_ARUSER       |  out|    1|          m_axi|                HP1|       pointer|
|m_axi_HP1_RVALID       |   in|    1|          m_axi|                HP1|       pointer|
|m_axi_HP1_RREADY       |  out|    1|          m_axi|                HP1|       pointer|
|m_axi_HP1_RDATA        |   in|   32|          m_axi|                HP1|       pointer|
|m_axi_HP1_RLAST        |   in|    1|          m_axi|                HP1|       pointer|
|m_axi_HP1_RID          |   in|    1|          m_axi|                HP1|       pointer|
|m_axi_HP1_RUSER        |   in|    1|          m_axi|                HP1|       pointer|
|m_axi_HP1_RRESP        |   in|    2|          m_axi|                HP1|       pointer|
|m_axi_HP1_BVALID       |   in|    1|          m_axi|                HP1|       pointer|
|m_axi_HP1_BREADY       |  out|    1|          m_axi|                HP1|       pointer|
|m_axi_HP1_BRESP        |   in|    2|          m_axi|                HP1|       pointer|
|m_axi_HP1_BID          |   in|    1|          m_axi|                HP1|       pointer|
|m_axi_HP1_BUSER        |   in|    1|          m_axi|                HP1|       pointer|
|m_axi_HP3_AWVALID      |  out|    1|          m_axi|                HP3|       pointer|
|m_axi_HP3_AWREADY      |   in|    1|          m_axi|                HP3|       pointer|
|m_axi_HP3_AWADDR       |  out|   64|          m_axi|                HP3|       pointer|
|m_axi_HP3_AWID         |  out|    1|          m_axi|                HP3|       pointer|
|m_axi_HP3_AWLEN        |  out|    8|          m_axi|                HP3|       pointer|
|m_axi_HP3_AWSIZE       |  out|    3|          m_axi|                HP3|       pointer|
|m_axi_HP3_AWBURST      |  out|    2|          m_axi|                HP3|       pointer|
|m_axi_HP3_AWLOCK       |  out|    2|          m_axi|                HP3|       pointer|
|m_axi_HP3_AWCACHE      |  out|    4|          m_axi|                HP3|       pointer|
|m_axi_HP3_AWPROT       |  out|    3|          m_axi|                HP3|       pointer|
|m_axi_HP3_AWQOS        |  out|    4|          m_axi|                HP3|       pointer|
|m_axi_HP3_AWREGION     |  out|    4|          m_axi|                HP3|       pointer|
|m_axi_HP3_AWUSER       |  out|    1|          m_axi|                HP3|       pointer|
|m_axi_HP3_WVALID       |  out|    1|          m_axi|                HP3|       pointer|
|m_axi_HP3_WREADY       |   in|    1|          m_axi|                HP3|       pointer|
|m_axi_HP3_WDATA        |  out|   32|          m_axi|                HP3|       pointer|
|m_axi_HP3_WSTRB        |  out|    4|          m_axi|                HP3|       pointer|
|m_axi_HP3_WLAST        |  out|    1|          m_axi|                HP3|       pointer|
|m_axi_HP3_WID          |  out|    1|          m_axi|                HP3|       pointer|
|m_axi_HP3_WUSER        |  out|    1|          m_axi|                HP3|       pointer|
|m_axi_HP3_ARVALID      |  out|    1|          m_axi|                HP3|       pointer|
|m_axi_HP3_ARREADY      |   in|    1|          m_axi|                HP3|       pointer|
|m_axi_HP3_ARADDR       |  out|   64|          m_axi|                HP3|       pointer|
|m_axi_HP3_ARID         |  out|    1|          m_axi|                HP3|       pointer|
|m_axi_HP3_ARLEN        |  out|    8|          m_axi|                HP3|       pointer|
|m_axi_HP3_ARSIZE       |  out|    3|          m_axi|                HP3|       pointer|
|m_axi_HP3_ARBURST      |  out|    2|          m_axi|                HP3|       pointer|
|m_axi_HP3_ARLOCK       |  out|    2|          m_axi|                HP3|       pointer|
|m_axi_HP3_ARCACHE      |  out|    4|          m_axi|                HP3|       pointer|
|m_axi_HP3_ARPROT       |  out|    3|          m_axi|                HP3|       pointer|
|m_axi_HP3_ARQOS        |  out|    4|          m_axi|                HP3|       pointer|
|m_axi_HP3_ARREGION     |  out|    4|          m_axi|                HP3|       pointer|
|m_axi_HP3_ARUSER       |  out|    1|          m_axi|                HP3|       pointer|
|m_axi_HP3_RVALID       |   in|    1|          m_axi|                HP3|       pointer|
|m_axi_HP3_RREADY       |  out|    1|          m_axi|                HP3|       pointer|
|m_axi_HP3_RDATA        |   in|   32|          m_axi|                HP3|       pointer|
|m_axi_HP3_RLAST        |   in|    1|          m_axi|                HP3|       pointer|
|m_axi_HP3_RID          |   in|    1|          m_axi|                HP3|       pointer|
|m_axi_HP3_RUSER        |   in|    1|          m_axi|                HP3|       pointer|
|m_axi_HP3_RRESP        |   in|    2|          m_axi|                HP3|       pointer|
|m_axi_HP3_BVALID       |   in|    1|          m_axi|                HP3|       pointer|
|m_axi_HP3_BREADY       |  out|    1|          m_axi|                HP3|       pointer|
|m_axi_HP3_BRESP        |   in|    2|          m_axi|                HP3|       pointer|
|m_axi_HP3_BID          |   in|    1|          m_axi|                HP3|       pointer|
|m_axi_HP3_BUSER        |   in|    1|          m_axi|                HP3|       pointer|
+-----------------------+-----+-----+---------------+-------------------+--------------+

